[2025-04-14T14:26:57.232+0000] {local_task_job_runner.py:123} INFO - ::group::Pre task execution logs
[2025-04-14T14:26:57.251+0000] {taskinstance.py:2614} INFO - Dependencies all met for dep_context=non-requeueable deps ti=<TaskInstance: dbt_airflow_example.run_dbt_staging manual__2025-04-14T14:21:35.452685+00:00 [queued]>
[2025-04-14T14:26:57.260+0000] {taskinstance.py:2614} INFO - Dependencies all met for dep_context=requeueable deps ti=<TaskInstance: dbt_airflow_example.run_dbt_staging manual__2025-04-14T14:21:35.452685+00:00 [queued]>
[2025-04-14T14:26:57.261+0000] {taskinstance.py:2867} INFO - Starting attempt 3 of 4
[2025-04-14T14:26:57.277+0000] {taskinstance.py:2890} INFO - Executing <Task(BashOperator): run_dbt_staging> on 2025-04-14 14:21:35.452685+00:00
[2025-04-14T14:26:57.285+0000] {standard_task_runner.py:104} INFO - Running: ['***', 'tasks', 'run', 'dbt_***_example', 'run_dbt_staging', 'manual__2025-04-14T14:21:35.452685+00:00', '--job-id', '457', '--raw', '--subdir', 'DAGS_FOLDER/run_dbt_model.py', '--cfg-path', '/tmp/tmppyy5956s']
[2025-04-14T14:26:57.288+0000] {standard_task_runner.py:105} INFO - Job 457: Subtask run_dbt_staging
[2025-04-14T14:26:57.290+0000] {logging_mixin.py:190} WARNING - /home/***/.local/lib/python3.12/site-packages/***/task/task_runner/standard_task_runner.py:70 DeprecationWarning: This process (pid=4192) is multi-threaded, use of fork() may lead to deadlocks in the child.
[2025-04-14T14:26:57.292+0000] {standard_task_runner.py:72} INFO - Started process 4193 to run task
[2025-04-14T14:26:57.343+0000] {task_command.py:467} INFO - Running <TaskInstance: dbt_airflow_example.run_dbt_staging manual__2025-04-14T14:21:35.452685+00:00 [running]> on host b7be566335ce
[2025-04-14T14:26:57.443+0000] {taskinstance.py:3134} INFO - Exporting env vars: AIRFLOW_CTX_DAG_OWNER='***' AIRFLOW_CTX_DAG_ID='dbt_***_example' AIRFLOW_CTX_TASK_ID='run_dbt_staging' AIRFLOW_CTX_EXECUTION_DATE='2025-04-14T14:21:35.452685+00:00' AIRFLOW_CTX_TRY_NUMBER='3' AIRFLOW_CTX_DAG_RUN_ID='manual__2025-04-14T14:21:35.452685+00:00'
[2025-04-14T14:26:57.444+0000] {taskinstance.py:732} INFO - ::endgroup::
[2025-04-14T14:26:57.467+0000] {subprocess.py:78} INFO - Tmp dir root location: /tmp
[2025-04-14T14:26:57.469+0000] {subprocess.py:88} INFO - Running command: ['/usr/bin/bash', '-c', 'cd /opt/***/dbt && dbt run --models stg_flights']
[2025-04-14T14:26:57.482+0000] {subprocess.py:99} INFO - Output:
[2025-04-14T14:27:03.448+0000] {subprocess.py:106} INFO - [0m14:27:03  Running with dbt=1.7.9
[2025-04-14T14:27:03.472+0000] {subprocess.py:106} INFO - [0m14:27:03  Encountered an error:
[2025-04-14T14:27:03.473+0000] {subprocess.py:106} INFO - Runtime Error
[2025-04-14T14:27:03.474+0000] {subprocess.py:106} INFO - 
[2025-04-14T14:27:03.477+0000] {subprocess.py:106} INFO -   dbt encountered an error while trying to read your profiles.yml file.
[2025-04-14T14:27:03.479+0000] {subprocess.py:106} INFO - 
[2025-04-14T14:27:03.480+0000] {subprocess.py:106} INFO -   Runtime Error
[2025-04-14T14:27:03.482+0000] {subprocess.py:106} INFO -     Syntax error near line 9
[2025-04-14T14:27:03.483+0000] {subprocess.py:106} INFO -     ------------------------------
[2025-04-14T14:27:03.484+0000] {subprocess.py:106} INFO -     6  |       project: 'db-project-456518'
[2025-04-14T14:27:03.485+0000] {subprocess.py:106} INFO -     7  |       dataset: 'db_project_dataset
[2025-04-14T14:27:03.486+0000] {subprocess.py:106} INFO -     8  |       threads: 1
[2025-04-14T14:27:03.487+0000] {subprocess.py:106} INFO -     9  |       keyfile: /opt/***/config/gcp-key.json
[2025-04-14T14:27:03.489+0000] {subprocess.py:106} INFO - 
[2025-04-14T14:27:03.490+0000] {subprocess.py:106} INFO -     Raw Error:
[2025-04-14T14:27:03.492+0000] {subprocess.py:106} INFO -     ------------------------------
[2025-04-14T14:27:03.494+0000] {subprocess.py:106} INFO -     while scanning a quoted scalar
[2025-04-14T14:27:03.495+0000] {subprocess.py:106} INFO -       in "<unicode string>", line 7, column 16
[2025-04-14T14:27:03.496+0000] {subprocess.py:106} INFO -     found unexpected end of stream
[2025-04-14T14:27:03.497+0000] {subprocess.py:106} INFO -       in "<unicode string>", line 9, column 48
[2025-04-14T14:27:03.498+0000] {subprocess.py:106} INFO - 
[2025-04-14T14:27:04.471+0000] {subprocess.py:110} INFO - Command exited with return code 2
[2025-04-14T14:27:04.483+0000] {taskinstance.py:3313} ERROR - Task failed with exception
Traceback (most recent call last):
  File "/home/airflow/.local/lib/python3.12/site-packages/airflow/models/taskinstance.py", line 768, in _execute_task
    result = _execute_callable(context=context, **execute_callable_kwargs)
             ^^^^^^^^^^^^^^^^^^^^^^^^^^^^^^^^^^^^^^^^^^^^^^^^^^^^^^^^^^^^^
  File "/home/airflow/.local/lib/python3.12/site-packages/airflow/models/taskinstance.py", line 734, in _execute_callable
    return ExecutionCallableRunner(
           ^^^^^^^^^^^^^^^^^^^^^^^^
  File "/home/airflow/.local/lib/python3.12/site-packages/airflow/utils/operator_helpers.py", line 252, in run
    return self.func(*args, **kwargs)
           ^^^^^^^^^^^^^^^^^^^^^^^^^^
  File "/home/airflow/.local/lib/python3.12/site-packages/airflow/models/baseoperator.py", line 424, in wrapper
    return func(self, *args, **kwargs)
           ^^^^^^^^^^^^^^^^^^^^^^^^^^^
  File "/home/airflow/.local/lib/python3.12/site-packages/airflow/operators/bash.py", line 276, in execute
    raise AirflowException(
airflow.exceptions.AirflowException: Bash command failed. The command returned a non-zero exit code 2.
[2025-04-14T14:27:04.491+0000] {taskinstance.py:1226} INFO - Marking task as UP_FOR_RETRY. dag_id=dbt_***_example, task_id=run_dbt_staging, run_id=manual__2025-04-14T14:21:35.452685+00:00, execution_date=20250414T142135, start_date=20250414T142657, end_date=20250414T142704
[2025-04-14T14:27:04.527+0000] {taskinstance.py:341} INFO - ::group::Post task execution logs
[2025-04-14T14:27:04.528+0000] {standard_task_runner.py:124} ERROR - Failed to execute job 457 for task run_dbt_staging (Bash command failed. The command returned a non-zero exit code 2.; 4193)
Traceback (most recent call last):
  File "/home/airflow/.local/lib/python3.12/site-packages/airflow/task/task_runner/standard_task_runner.py", line 117, in _start_by_fork
    ret = args.func(args, dag=self.dag)
          ^^^^^^^^^^^^^^^^^^^^^^^^^^^^^
  File "/home/airflow/.local/lib/python3.12/site-packages/airflow/cli/cli_config.py", line 49, in command
    return func(*args, **kwargs)
           ^^^^^^^^^^^^^^^^^^^^^
  File "/home/airflow/.local/lib/python3.12/site-packages/airflow/utils/cli.py", line 116, in wrapper
    return f(*args, **kwargs)
           ^^^^^^^^^^^^^^^^^^
  File "/home/airflow/.local/lib/python3.12/site-packages/airflow/cli/commands/task_command.py", line 483, in task_run
    task_return_code = _run_task_by_selected_method(args, _dag, ti)
                       ^^^^^^^^^^^^^^^^^^^^^^^^^^^^^^^^^^^^^^^^^^^^
  File "/home/airflow/.local/lib/python3.12/site-packages/airflow/cli/commands/task_command.py", line 256, in _run_task_by_selected_method
    return _run_raw_task(args, ti)
           ^^^^^^^^^^^^^^^^^^^^^^^
  File "/home/airflow/.local/lib/python3.12/site-packages/airflow/cli/commands/task_command.py", line 341, in _run_raw_task
    return ti._run_raw_task(
           ^^^^^^^^^^^^^^^^^
  File "/home/airflow/.local/lib/python3.12/site-packages/airflow/utils/session.py", line 97, in wrapper
    return func(*args, session=session, **kwargs)
           ^^^^^^^^^^^^^^^^^^^^^^^^^^^^^^^^^^^^^^
  File "/home/airflow/.local/lib/python3.12/site-packages/airflow/models/taskinstance.py", line 3006, in _run_raw_task
    return _run_raw_task(
           ^^^^^^^^^^^^^^
  File "/home/airflow/.local/lib/python3.12/site-packages/airflow/models/taskinstance.py", line 274, in _run_raw_task
    TaskInstance._execute_task_with_callbacks(
  File "/home/airflow/.local/lib/python3.12/site-packages/airflow/models/taskinstance.py", line 3161, in _execute_task_with_callbacks
    result = self._execute_task(context, task_orig)
             ^^^^^^^^^^^^^^^^^^^^^^^^^^^^^^^^^^^^^^
  File "/home/airflow/.local/lib/python3.12/site-packages/airflow/models/taskinstance.py", line 3185, in _execute_task
    return _execute_task(self, context, task_orig)
           ^^^^^^^^^^^^^^^^^^^^^^^^^^^^^^^^^^^^^^^
  File "/home/airflow/.local/lib/python3.12/site-packages/airflow/models/taskinstance.py", line 768, in _execute_task
    result = _execute_callable(context=context, **execute_callable_kwargs)
             ^^^^^^^^^^^^^^^^^^^^^^^^^^^^^^^^^^^^^^^^^^^^^^^^^^^^^^^^^^^^^
  File "/home/airflow/.local/lib/python3.12/site-packages/airflow/models/taskinstance.py", line 734, in _execute_callable
    return ExecutionCallableRunner(
           ^^^^^^^^^^^^^^^^^^^^^^^^
  File "/home/airflow/.local/lib/python3.12/site-packages/airflow/utils/operator_helpers.py", line 252, in run
    return self.func(*args, **kwargs)
           ^^^^^^^^^^^^^^^^^^^^^^^^^^
  File "/home/airflow/.local/lib/python3.12/site-packages/airflow/models/baseoperator.py", line 424, in wrapper
    return func(self, *args, **kwargs)
           ^^^^^^^^^^^^^^^^^^^^^^^^^^^
  File "/home/airflow/.local/lib/python3.12/site-packages/airflow/operators/bash.py", line 276, in execute
    raise AirflowException(
airflow.exceptions.AirflowException: Bash command failed. The command returned a non-zero exit code 2.
[2025-04-14T14:27:04.566+0000] {local_task_job_runner.py:266} INFO - Task exited with return code 1
[2025-04-14T14:27:04.585+0000] {taskinstance.py:3901} INFO - 0 downstream tasks scheduled from follow-on schedule check
[2025-04-14T14:27:04.587+0000] {local_task_job_runner.py:245} INFO - ::endgroup::
