[2025-04-14T14:32:12.435+0000] {local_task_job_runner.py:123} INFO - ::group::Pre task execution logs
[2025-04-14T14:32:12.461+0000] {taskinstance.py:2614} INFO - Dependencies all met for dep_context=non-requeueable deps ti=<TaskInstance: dbt_airflow_example.run_dbt_staging manual__2025-04-14T14:21:35.452685+00:00 [queued]>
[2025-04-14T14:32:12.473+0000] {taskinstance.py:2614} INFO - Dependencies all met for dep_context=requeueable deps ti=<TaskInstance: dbt_airflow_example.run_dbt_staging manual__2025-04-14T14:21:35.452685+00:00 [queued]>
[2025-04-14T14:32:12.474+0000] {taskinstance.py:2867} INFO - Starting attempt 7 of 8
[2025-04-14T14:32:12.491+0000] {taskinstance.py:2890} INFO - Executing <Task(BashOperator): run_dbt_staging> on 2025-04-14 14:21:35.452685+00:00
[2025-04-14T14:32:12.499+0000] {standard_task_runner.py:104} INFO - Running: ['***', 'tasks', 'run', 'dbt_***_example', 'run_dbt_staging', 'manual__2025-04-14T14:21:35.452685+00:00', '--job-id', '461', '--raw', '--subdir', 'DAGS_FOLDER/run_dbt_model.py', '--cfg-path', '/tmp/tmpl_wj6itc']
[2025-04-14T14:32:12.501+0000] {standard_task_runner.py:105} INFO - Job 461: Subtask run_dbt_staging
[2025-04-14T14:32:12.502+0000] {logging_mixin.py:190} WARNING - /home/***/.local/lib/python3.12/site-packages/***/task/task_runner/standard_task_runner.py:70 DeprecationWarning: This process (pid=4466) is multi-threaded, use of fork() may lead to deadlocks in the child.
[2025-04-14T14:32:12.503+0000] {standard_task_runner.py:72} INFO - Started process 4467 to run task
[2025-04-14T14:32:12.608+0000] {task_command.py:467} INFO - Running <TaskInstance: dbt_airflow_example.run_dbt_staging manual__2025-04-14T14:21:35.452685+00:00 [running]> on host b7be566335ce
[2025-04-14T14:32:12.776+0000] {taskinstance.py:3134} INFO - Exporting env vars: AIRFLOW_CTX_DAG_OWNER='***' AIRFLOW_CTX_DAG_ID='dbt_***_example' AIRFLOW_CTX_TASK_ID='run_dbt_staging' AIRFLOW_CTX_EXECUTION_DATE='2025-04-14T14:21:35.452685+00:00' AIRFLOW_CTX_TRY_NUMBER='7' AIRFLOW_CTX_DAG_RUN_ID='manual__2025-04-14T14:21:35.452685+00:00'
[2025-04-14T14:32:12.777+0000] {taskinstance.py:732} INFO - ::endgroup::
[2025-04-14T14:32:12.804+0000] {subprocess.py:78} INFO - Tmp dir root location: /tmp
[2025-04-14T14:32:12.807+0000] {subprocess.py:88} INFO - Running command: ['/usr/bin/bash', '-c', 'cd /opt/***/dbt && dbt run --models stg_flights']
[2025-04-14T14:32:12.823+0000] {subprocess.py:99} INFO - Output:
[2025-04-14T14:32:18.168+0000] {subprocess.py:106} INFO - [0m14:32:18  Running with dbt=1.7.9
[2025-04-14T14:32:20.288+0000] {subprocess.py:106} INFO - [0m14:32:20  Registered adapter: bigquery=1.7.9
[2025-04-14T14:32:21.081+0000] {subprocess.py:106} INFO - [0m14:32:21  Found 2 models, 1 source, 0 exposures, 0 metrics, 454 macros, 0 groups, 0 semantic models
[2025-04-14T14:32:21.093+0000] {subprocess.py:106} INFO - [0m14:32:21
[2025-04-14T14:32:22.023+0000] {subprocess.py:106} INFO - [0m14:32:22  Concurrency: 1 threads (target='dev')
[2025-04-14T14:32:22.025+0000] {subprocess.py:106} INFO - [0m14:32:22
[2025-04-14T14:32:22.037+0000] {subprocess.py:106} INFO - [0m14:32:22  1 of 1 START sql view model db_project_dataset.stg_flights ..................... [RUN]
[2025-04-14T14:32:23.277+0000] {subprocess.py:106} INFO - [0m14:32:23  BigQuery adapter: https://console.cloud.google.com/bigquery?project=db-project-456518&j=bq:US:e2b3b5cc-bd26-41bb-8dcf-2a0b754dda67&page=queryresults
[2025-04-14T14:32:23.294+0000] {subprocess.py:106} INFO - [0m14:32:23  1 of 1 ERROR creating sql view model db_project_dataset.stg_flights ............ [[31mERROR[0m in 1.25s]
[2025-04-14T14:32:23.309+0000] {subprocess.py:106} INFO - [0m14:32:23
[2025-04-14T14:32:23.312+0000] {subprocess.py:106} INFO - [0m14:32:23  Finished running 1 view model in 0 hours 0 minutes and 2.21 seconds (2.21s).
[2025-04-14T14:32:23.363+0000] {subprocess.py:106} INFO - [0m14:32:23
[2025-04-14T14:32:23.364+0000] {subprocess.py:106} INFO - [0m14:32:23  [31mCompleted with 1 error and 0 warnings:[0m
[2025-04-14T14:32:23.366+0000] {subprocess.py:106} INFO - [0m14:32:23
[2025-04-14T14:32:23.367+0000] {subprocess.py:106} INFO - [0m14:32:23    Database Error in model stg_flights (models/stg_flights.sql)
[2025-04-14T14:32:23.367+0000] {subprocess.py:106} INFO -   Syntax error: Expected "," but got "%" at [20:56]
[2025-04-14T14:32:23.368+0000] {subprocess.py:106} INFO -   compiled Code at target/run/DB_project/models/stg_flights.sql
[2025-04-14T14:32:23.369+0000] {subprocess.py:106} INFO - [0m14:32:23
[2025-04-14T14:32:23.370+0000] {subprocess.py:106} INFO - [0m14:32:23  Done. PASS=0 WARN=0 ERROR=1 SKIP=0 TOTAL=1
[2025-04-14T14:32:24.475+0000] {subprocess.py:110} INFO - Command exited with return code 1
[2025-04-14T14:32:24.487+0000] {taskinstance.py:3313} ERROR - Task failed with exception
Traceback (most recent call last):
  File "/home/airflow/.local/lib/python3.12/site-packages/airflow/models/taskinstance.py", line 768, in _execute_task
    result = _execute_callable(context=context, **execute_callable_kwargs)
             ^^^^^^^^^^^^^^^^^^^^^^^^^^^^^^^^^^^^^^^^^^^^^^^^^^^^^^^^^^^^^
  File "/home/airflow/.local/lib/python3.12/site-packages/airflow/models/taskinstance.py", line 734, in _execute_callable
    return ExecutionCallableRunner(
           ^^^^^^^^^^^^^^^^^^^^^^^^
  File "/home/airflow/.local/lib/python3.12/site-packages/airflow/utils/operator_helpers.py", line 252, in run
    return self.func(*args, **kwargs)
           ^^^^^^^^^^^^^^^^^^^^^^^^^^
  File "/home/airflow/.local/lib/python3.12/site-packages/airflow/models/baseoperator.py", line 424, in wrapper
    return func(self, *args, **kwargs)
           ^^^^^^^^^^^^^^^^^^^^^^^^^^^
  File "/home/airflow/.local/lib/python3.12/site-packages/airflow/operators/bash.py", line 276, in execute
    raise AirflowException(
airflow.exceptions.AirflowException: Bash command failed. The command returned a non-zero exit code 1.
[2025-04-14T14:32:24.495+0000] {taskinstance.py:1226} INFO - Marking task as UP_FOR_RETRY. dag_id=dbt_***_example, task_id=run_dbt_staging, run_id=manual__2025-04-14T14:21:35.452685+00:00, execution_date=20250414T142135, start_date=20250414T143212, end_date=20250414T143224
[2025-04-14T14:32:24.528+0000] {taskinstance.py:341} INFO - ::group::Post task execution logs
[2025-04-14T14:32:24.529+0000] {standard_task_runner.py:124} ERROR - Failed to execute job 461 for task run_dbt_staging (Bash command failed. The command returned a non-zero exit code 1.; 4467)
Traceback (most recent call last):
  File "/home/airflow/.local/lib/python3.12/site-packages/airflow/task/task_runner/standard_task_runner.py", line 117, in _start_by_fork
    ret = args.func(args, dag=self.dag)
          ^^^^^^^^^^^^^^^^^^^^^^^^^^^^^
  File "/home/airflow/.local/lib/python3.12/site-packages/airflow/cli/cli_config.py", line 49, in command
    return func(*args, **kwargs)
           ^^^^^^^^^^^^^^^^^^^^^
  File "/home/airflow/.local/lib/python3.12/site-packages/airflow/utils/cli.py", line 116, in wrapper
    return f(*args, **kwargs)
           ^^^^^^^^^^^^^^^^^^
  File "/home/airflow/.local/lib/python3.12/site-packages/airflow/cli/commands/task_command.py", line 483, in task_run
    task_return_code = _run_task_by_selected_method(args, _dag, ti)
                       ^^^^^^^^^^^^^^^^^^^^^^^^^^^^^^^^^^^^^^^^^^^^
  File "/home/airflow/.local/lib/python3.12/site-packages/airflow/cli/commands/task_command.py", line 256, in _run_task_by_selected_method
    return _run_raw_task(args, ti)
           ^^^^^^^^^^^^^^^^^^^^^^^
  File "/home/airflow/.local/lib/python3.12/site-packages/airflow/cli/commands/task_command.py", line 341, in _run_raw_task
    return ti._run_raw_task(
           ^^^^^^^^^^^^^^^^^
  File "/home/airflow/.local/lib/python3.12/site-packages/airflow/utils/session.py", line 97, in wrapper
    return func(*args, session=session, **kwargs)
           ^^^^^^^^^^^^^^^^^^^^^^^^^^^^^^^^^^^^^^
  File "/home/airflow/.local/lib/python3.12/site-packages/airflow/models/taskinstance.py", line 3006, in _run_raw_task
    return _run_raw_task(
           ^^^^^^^^^^^^^^
  File "/home/airflow/.local/lib/python3.12/site-packages/airflow/models/taskinstance.py", line 274, in _run_raw_task
    TaskInstance._execute_task_with_callbacks(
  File "/home/airflow/.local/lib/python3.12/site-packages/airflow/models/taskinstance.py", line 3161, in _execute_task_with_callbacks
    result = self._execute_task(context, task_orig)
             ^^^^^^^^^^^^^^^^^^^^^^^^^^^^^^^^^^^^^^
  File "/home/airflow/.local/lib/python3.12/site-packages/airflow/models/taskinstance.py", line 3185, in _execute_task
    return _execute_task(self, context, task_orig)
           ^^^^^^^^^^^^^^^^^^^^^^^^^^^^^^^^^^^^^^^
  File "/home/airflow/.local/lib/python3.12/site-packages/airflow/models/taskinstance.py", line 768, in _execute_task
    result = _execute_callable(context=context, **execute_callable_kwargs)
             ^^^^^^^^^^^^^^^^^^^^^^^^^^^^^^^^^^^^^^^^^^^^^^^^^^^^^^^^^^^^^
  File "/home/airflow/.local/lib/python3.12/site-packages/airflow/models/taskinstance.py", line 734, in _execute_callable
    return ExecutionCallableRunner(
           ^^^^^^^^^^^^^^^^^^^^^^^^
  File "/home/airflow/.local/lib/python3.12/site-packages/airflow/utils/operator_helpers.py", line 252, in run
    return self.func(*args, **kwargs)
           ^^^^^^^^^^^^^^^^^^^^^^^^^^
  File "/home/airflow/.local/lib/python3.12/site-packages/airflow/models/baseoperator.py", line 424, in wrapper
    return func(self, *args, **kwargs)
           ^^^^^^^^^^^^^^^^^^^^^^^^^^^
  File "/home/airflow/.local/lib/python3.12/site-packages/airflow/operators/bash.py", line 276, in execute
    raise AirflowException(
airflow.exceptions.AirflowException: Bash command failed. The command returned a non-zero exit code 1.
[2025-04-14T14:32:24.550+0000] {local_task_job_runner.py:266} INFO - Task exited with return code 1
[2025-04-14T14:32:24.572+0000] {taskinstance.py:3901} INFO - 0 downstream tasks scheduled from follow-on schedule check
[2025-04-14T14:32:24.574+0000] {local_task_job_runner.py:245} INFO - ::endgroup::
