[2025-04-14T14:35:41.326+0000] {local_task_job_runner.py:123} INFO - ::group::Pre task execution logs
[2025-04-14T14:35:41.353+0000] {taskinstance.py:2614} INFO - Dependencies all met for dep_context=non-requeueable deps ti=<TaskInstance: dbt_airflow_example.run_dbt_staging manual__2025-04-14T14:21:35.452685+00:00 [queued]>
[2025-04-14T14:35:41.365+0000] {taskinstance.py:2614} INFO - Dependencies all met for dep_context=requeueable deps ti=<TaskInstance: dbt_airflow_example.run_dbt_staging manual__2025-04-14T14:21:35.452685+00:00 [queued]>
[2025-04-14T14:35:41.366+0000] {taskinstance.py:2867} INFO - Starting attempt 8 of 9
[2025-04-14T14:35:41.389+0000] {taskinstance.py:2890} INFO - Executing <Task(BashOperator): run_dbt_staging> on 2025-04-14 14:21:35.452685+00:00
[2025-04-14T14:35:41.398+0000] {standard_task_runner.py:104} INFO - Running: ['***', 'tasks', 'run', 'dbt_***_example', 'run_dbt_staging', 'manual__2025-04-14T14:21:35.452685+00:00', '--job-id', '462', '--raw', '--subdir', 'DAGS_FOLDER/run_dbt_model.py', '--cfg-path', '/tmp/tmp_amo854e']
[2025-04-14T14:35:41.401+0000] {standard_task_runner.py:105} INFO - Job 462: Subtask run_dbt_staging
[2025-04-14T14:35:41.403+0000] {logging_mixin.py:190} WARNING - /home/***/.local/lib/python3.12/site-packages/***/task/task_runner/standard_task_runner.py:70 DeprecationWarning: This process (pid=4641) is multi-threaded, use of fork() may lead to deadlocks in the child.
[2025-04-14T14:35:41.405+0000] {standard_task_runner.py:72} INFO - Started process 4642 to run task
[2025-04-14T14:35:41.457+0000] {task_command.py:467} INFO - Running <TaskInstance: dbt_airflow_example.run_dbt_staging manual__2025-04-14T14:21:35.452685+00:00 [running]> on host b7be566335ce
[2025-04-14T14:35:41.537+0000] {taskinstance.py:3134} INFO - Exporting env vars: AIRFLOW_CTX_DAG_OWNER='***' AIRFLOW_CTX_DAG_ID='dbt_***_example' AIRFLOW_CTX_TASK_ID='run_dbt_staging' AIRFLOW_CTX_EXECUTION_DATE='2025-04-14T14:21:35.452685+00:00' AIRFLOW_CTX_TRY_NUMBER='8' AIRFLOW_CTX_DAG_RUN_ID='manual__2025-04-14T14:21:35.452685+00:00'
[2025-04-14T14:35:41.538+0000] {taskinstance.py:732} INFO - ::endgroup::
[2025-04-14T14:35:41.554+0000] {subprocess.py:78} INFO - Tmp dir root location: /tmp
[2025-04-14T14:35:41.555+0000] {subprocess.py:88} INFO - Running command: ['/usr/bin/bash', '-c', 'cd /opt/***/dbt && dbt run --models stg_flights']
[2025-04-14T14:35:41.563+0000] {subprocess.py:99} INFO - Output:
[2025-04-14T14:35:45.995+0000] {subprocess.py:106} INFO - [0m14:35:45  Running with dbt=1.7.9
[2025-04-14T14:35:47.715+0000] {subprocess.py:106} INFO - [0m14:35:47  Registered adapter: bigquery=1.7.9
[2025-04-14T14:35:48.429+0000] {subprocess.py:106} INFO - [0m14:35:48  Found 2 models, 1 source, 0 exposures, 0 metrics, 454 macros, 0 groups, 0 semantic models
[2025-04-14T14:35:48.441+0000] {subprocess.py:106} INFO - [0m14:35:48
[2025-04-14T14:35:49.263+0000] {subprocess.py:106} INFO - [0m14:35:49  Concurrency: 1 threads (target='dev')
[2025-04-14T14:35:49.265+0000] {subprocess.py:106} INFO - [0m14:35:49
[2025-04-14T14:35:49.281+0000] {subprocess.py:106} INFO - [0m14:35:49  1 of 1 START sql view model db_project_dataset.stg_flights ..................... [RUN]
[2025-04-14T14:35:52.646+0000] {subprocess.py:106} INFO - [0m14:35:52  BigQuery adapter: https://console.cloud.google.com/bigquery?project=db-project-456518&j=bq:europe-central2:d044c4c0-4660-402a-8879-15903e65eab8&page=queryresults
[2025-04-14T14:35:52.660+0000] {subprocess.py:106} INFO - [0m14:35:52  1 of 1 ERROR creating sql view model db_project_dataset.stg_flights ............ [[31mERROR[0m in 3.38s]
[2025-04-14T14:35:52.667+0000] {subprocess.py:106} INFO - [0m14:35:52
[2025-04-14T14:35:52.668+0000] {subprocess.py:106} INFO - [0m14:35:52  Finished running 1 view model in 0 hours 0 minutes and 4.22 seconds (4.22s).
[2025-04-14T14:35:52.694+0000] {subprocess.py:106} INFO - [0m14:35:52
[2025-04-14T14:35:52.695+0000] {subprocess.py:106} INFO - [0m14:35:52  [31mCompleted with 1 error and 0 warnings:[0m
[2025-04-14T14:35:52.696+0000] {subprocess.py:106} INFO - [0m14:35:52
[2025-04-14T14:35:52.697+0000] {subprocess.py:106} INFO - [0m14:35:52    Database Error in model stg_flights (models/stg_flights.sql)
[2025-04-14T14:35:52.698+0000] {subprocess.py:106} INFO -   Unrecognized name: FlightNumber; Did you mean FlightNum? at [16:5]
[2025-04-14T14:35:52.698+0000] {subprocess.py:106} INFO -   compiled Code at target/run/DB_project/models/stg_flights.sql
[2025-04-14T14:35:52.699+0000] {subprocess.py:106} INFO - [0m14:35:52
[2025-04-14T14:35:52.700+0000] {subprocess.py:106} INFO - [0m14:35:52  Done. PASS=0 WARN=0 ERROR=1 SKIP=0 TOTAL=1
[2025-04-14T14:35:53.917+0000] {subprocess.py:110} INFO - Command exited with return code 1
[2025-04-14T14:35:53.928+0000] {taskinstance.py:3313} ERROR - Task failed with exception
Traceback (most recent call last):
  File "/home/airflow/.local/lib/python3.12/site-packages/airflow/models/taskinstance.py", line 768, in _execute_task
    result = _execute_callable(context=context, **execute_callable_kwargs)
             ^^^^^^^^^^^^^^^^^^^^^^^^^^^^^^^^^^^^^^^^^^^^^^^^^^^^^^^^^^^^^
  File "/home/airflow/.local/lib/python3.12/site-packages/airflow/models/taskinstance.py", line 734, in _execute_callable
    return ExecutionCallableRunner(
           ^^^^^^^^^^^^^^^^^^^^^^^^
  File "/home/airflow/.local/lib/python3.12/site-packages/airflow/utils/operator_helpers.py", line 252, in run
    return self.func(*args, **kwargs)
           ^^^^^^^^^^^^^^^^^^^^^^^^^^
  File "/home/airflow/.local/lib/python3.12/site-packages/airflow/models/baseoperator.py", line 424, in wrapper
    return func(self, *args, **kwargs)
           ^^^^^^^^^^^^^^^^^^^^^^^^^^^
  File "/home/airflow/.local/lib/python3.12/site-packages/airflow/operators/bash.py", line 276, in execute
    raise AirflowException(
airflow.exceptions.AirflowException: Bash command failed. The command returned a non-zero exit code 1.
[2025-04-14T14:35:53.936+0000] {taskinstance.py:1226} INFO - Marking task as UP_FOR_RETRY. dag_id=dbt_***_example, task_id=run_dbt_staging, run_id=manual__2025-04-14T14:21:35.452685+00:00, execution_date=20250414T142135, start_date=20250414T143541, end_date=20250414T143553
[2025-04-14T14:35:53.967+0000] {taskinstance.py:341} INFO - ::group::Post task execution logs
[2025-04-14T14:35:53.968+0000] {standard_task_runner.py:124} ERROR - Failed to execute job 462 for task run_dbt_staging (Bash command failed. The command returned a non-zero exit code 1.; 4642)
Traceback (most recent call last):
  File "/home/airflow/.local/lib/python3.12/site-packages/airflow/task/task_runner/standard_task_runner.py", line 117, in _start_by_fork
    ret = args.func(args, dag=self.dag)
          ^^^^^^^^^^^^^^^^^^^^^^^^^^^^^
  File "/home/airflow/.local/lib/python3.12/site-packages/airflow/cli/cli_config.py", line 49, in command
    return func(*args, **kwargs)
           ^^^^^^^^^^^^^^^^^^^^^
  File "/home/airflow/.local/lib/python3.12/site-packages/airflow/utils/cli.py", line 116, in wrapper
    return f(*args, **kwargs)
           ^^^^^^^^^^^^^^^^^^
  File "/home/airflow/.local/lib/python3.12/site-packages/airflow/cli/commands/task_command.py", line 483, in task_run
    task_return_code = _run_task_by_selected_method(args, _dag, ti)
                       ^^^^^^^^^^^^^^^^^^^^^^^^^^^^^^^^^^^^^^^^^^^^
  File "/home/airflow/.local/lib/python3.12/site-packages/airflow/cli/commands/task_command.py", line 256, in _run_task_by_selected_method
    return _run_raw_task(args, ti)
           ^^^^^^^^^^^^^^^^^^^^^^^
  File "/home/airflow/.local/lib/python3.12/site-packages/airflow/cli/commands/task_command.py", line 341, in _run_raw_task
    return ti._run_raw_task(
           ^^^^^^^^^^^^^^^^^
  File "/home/airflow/.local/lib/python3.12/site-packages/airflow/utils/session.py", line 97, in wrapper
    return func(*args, session=session, **kwargs)
           ^^^^^^^^^^^^^^^^^^^^^^^^^^^^^^^^^^^^^^
  File "/home/airflow/.local/lib/python3.12/site-packages/airflow/models/taskinstance.py", line 3006, in _run_raw_task
    return _run_raw_task(
           ^^^^^^^^^^^^^^
  File "/home/airflow/.local/lib/python3.12/site-packages/airflow/models/taskinstance.py", line 274, in _run_raw_task
    TaskInstance._execute_task_with_callbacks(
  File "/home/airflow/.local/lib/python3.12/site-packages/airflow/models/taskinstance.py", line 3161, in _execute_task_with_callbacks
    result = self._execute_task(context, task_orig)
             ^^^^^^^^^^^^^^^^^^^^^^^^^^^^^^^^^^^^^^
  File "/home/airflow/.local/lib/python3.12/site-packages/airflow/models/taskinstance.py", line 3185, in _execute_task
    return _execute_task(self, context, task_orig)
           ^^^^^^^^^^^^^^^^^^^^^^^^^^^^^^^^^^^^^^^
  File "/home/airflow/.local/lib/python3.12/site-packages/airflow/models/taskinstance.py", line 768, in _execute_task
    result = _execute_callable(context=context, **execute_callable_kwargs)
             ^^^^^^^^^^^^^^^^^^^^^^^^^^^^^^^^^^^^^^^^^^^^^^^^^^^^^^^^^^^^^
  File "/home/airflow/.local/lib/python3.12/site-packages/airflow/models/taskinstance.py", line 734, in _execute_callable
    return ExecutionCallableRunner(
           ^^^^^^^^^^^^^^^^^^^^^^^^
  File "/home/airflow/.local/lib/python3.12/site-packages/airflow/utils/operator_helpers.py", line 252, in run
    return self.func(*args, **kwargs)
           ^^^^^^^^^^^^^^^^^^^^^^^^^^
  File "/home/airflow/.local/lib/python3.12/site-packages/airflow/models/baseoperator.py", line 424, in wrapper
    return func(self, *args, **kwargs)
           ^^^^^^^^^^^^^^^^^^^^^^^^^^^
  File "/home/airflow/.local/lib/python3.12/site-packages/airflow/operators/bash.py", line 276, in execute
    raise AirflowException(
airflow.exceptions.AirflowException: Bash command failed. The command returned a non-zero exit code 1.
[2025-04-14T14:35:53.996+0000] {local_task_job_runner.py:266} INFO - Task exited with return code 1
[2025-04-14T14:35:54.020+0000] {taskinstance.py:3901} INFO - 0 downstream tasks scheduled from follow-on schedule check
[2025-04-14T14:35:54.022+0000] {local_task_job_runner.py:245} INFO - ::endgroup::
