[2025-04-14T16:53:52.220+0000] {local_task_job_runner.py:123} INFO - ::group::Pre task execution logs
[2025-04-14T16:53:52.249+0000] {taskinstance.py:2614} INFO - Dependencies all met for dep_context=non-requeueable deps ti=<TaskInstance: dbt_airflow.run_dbt_core manual__2025-04-14T15:18:53.940263+00:00 [queued]>
[2025-04-14T16:53:52.264+0000] {taskinstance.py:2614} INFO - Dependencies all met for dep_context=requeueable deps ti=<TaskInstance: dbt_airflow.run_dbt_core manual__2025-04-14T15:18:53.940263+00:00 [queued]>
[2025-04-14T16:53:52.265+0000] {taskinstance.py:2867} INFO - Starting attempt 6 of 7
[2025-04-14T16:53:52.284+0000] {taskinstance.py:2890} INFO - Executing <Task(BashOperator): run_dbt_core> on 2025-04-14 15:18:53.940263+00:00
[2025-04-14T16:53:52.293+0000] {logging_mixin.py:190} WARNING - /home/***/.local/lib/python3.12/site-packages/***/task/task_runner/standard_task_runner.py:70 DeprecationWarning: This process (pid=12274) is multi-threaded, use of fork() may lead to deadlocks in the child.
[2025-04-14T16:53:52.292+0000] {standard_task_runner.py:104} INFO - Running: ['***', 'tasks', 'run', 'dbt_***', 'run_dbt_core', 'manual__2025-04-14T15:18:53.940263+00:00', '--job-id', '499', '--raw', '--subdir', 'DAGS_FOLDER/run_dbt_model.py', '--cfg-path', '/tmp/tmp0u3nztem']
[2025-04-14T16:53:52.294+0000] {standard_task_runner.py:72} INFO - Started process 12275 to run task
[2025-04-14T16:53:52.295+0000] {standard_task_runner.py:105} INFO - Job 499: Subtask run_dbt_core
[2025-04-14T16:53:52.347+0000] {task_command.py:467} INFO - Running <TaskInstance: dbt_airflow.run_dbt_core manual__2025-04-14T15:18:53.940263+00:00 [running]> on host b7be566335ce
[2025-04-14T16:53:52.437+0000] {taskinstance.py:3134} INFO - Exporting env vars: AIRFLOW_CTX_DAG_OWNER='***' AIRFLOW_CTX_DAG_ID='dbt_***' AIRFLOW_CTX_TASK_ID='run_dbt_core' AIRFLOW_CTX_EXECUTION_DATE='2025-04-14T15:18:53.940263+00:00' AIRFLOW_CTX_TRY_NUMBER='6' AIRFLOW_CTX_DAG_RUN_ID='manual__2025-04-14T15:18:53.940263+00:00'
[2025-04-14T16:53:52.439+0000] {taskinstance.py:732} INFO - ::endgroup::
[2025-04-14T16:53:52.456+0000] {subprocess.py:78} INFO - Tmp dir root location: /tmp
[2025-04-14T16:53:52.457+0000] {subprocess.py:88} INFO - Running command: ['/usr/bin/bash', '-c', 'cd /opt/***/dbt && dbt run --models core_flights']
[2025-04-14T16:53:52.467+0000] {subprocess.py:99} INFO - Output:
[2025-04-14T16:53:56.435+0000] {subprocess.py:106} INFO - [0m16:53:56  Running with dbt=1.7.9
[2025-04-14T16:53:58.121+0000] {subprocess.py:106} INFO - [0m16:53:58  Registered adapter: bigquery=1.7.9
[2025-04-14T16:53:59.739+0000] {subprocess.py:106} INFO - [0m16:53:59  Found 2 models, 1 seed, 1 source, 0 exposures, 0 metrics, 570 macros, 0 groups, 0 semantic models
[2025-04-14T16:53:59.744+0000] {subprocess.py:106} INFO - [0m16:53:59
[2025-04-14T16:54:00.760+0000] {subprocess.py:106} INFO - [0m16:54:00  Concurrency: 1 threads (target='dev')
[2025-04-14T16:54:00.761+0000] {subprocess.py:106} INFO - [0m16:54:00
[2025-04-14T16:54:00.775+0000] {subprocess.py:106} INFO - [0m16:54:00  1 of 1 START sql table model db_project_dataset.core_flights ................... [RUN]
[2025-04-14T16:54:03.072+0000] {subprocess.py:106} INFO - [0m16:54:03  BigQuery adapter: https://console.cloud.google.com/bigquery?project=db-project-456518&j=bq:europe-central2:0cc8f967-ce7d-40f8-95c4-c6f2112f0585&page=queryresults
[2025-04-14T16:54:03.086+0000] {subprocess.py:106} INFO - [0m16:54:03  1 of 1 ERROR creating sql table model db_project_dataset.core_flights .......... [[31mERROR[0m in 2.31s]
[2025-04-14T16:54:03.095+0000] {subprocess.py:106} INFO - [0m16:54:03
[2025-04-14T16:54:03.097+0000] {subprocess.py:106} INFO - [0m16:54:03  Finished running 1 table model in 0 hours 0 minutes and 3.35 seconds (3.35s).
[2025-04-14T16:54:03.130+0000] {subprocess.py:106} INFO - [0m16:54:03
[2025-04-14T16:54:03.131+0000] {subprocess.py:106} INFO - [0m16:54:03  [31mCompleted with 1 error and 0 warnings:[0m
[2025-04-14T16:54:03.133+0000] {subprocess.py:106} INFO - [0m16:54:03
[2025-04-14T16:54:03.135+0000] {subprocess.py:106} INFO - [0m16:54:03    Database Error in model core_flights (models/core/core_flights.sql)
[2025-04-14T16:54:03.136+0000] {subprocess.py:106} INFO -   CREATE TABLE has columns with duplicate name airport at [15:1]
[2025-04-14T16:54:03.136+0000] {subprocess.py:106} INFO -   compiled Code at target/run/flights_project/models/core/core_flights.sql
[2025-04-14T16:54:03.137+0000] {subprocess.py:106} INFO - [0m16:54:03
[2025-04-14T16:54:03.138+0000] {subprocess.py:106} INFO - [0m16:54:03  Done. PASS=0 WARN=0 ERROR=1 SKIP=0 TOTAL=1
[2025-04-14T16:54:04.202+0000] {subprocess.py:110} INFO - Command exited with return code 1
[2025-04-14T16:54:04.217+0000] {taskinstance.py:3313} ERROR - Task failed with exception
Traceback (most recent call last):
  File "/home/airflow/.local/lib/python3.12/site-packages/airflow/models/taskinstance.py", line 768, in _execute_task
    result = _execute_callable(context=context, **execute_callable_kwargs)
             ^^^^^^^^^^^^^^^^^^^^^^^^^^^^^^^^^^^^^^^^^^^^^^^^^^^^^^^^^^^^^
  File "/home/airflow/.local/lib/python3.12/site-packages/airflow/models/taskinstance.py", line 734, in _execute_callable
    return ExecutionCallableRunner(
           ^^^^^^^^^^^^^^^^^^^^^^^^
  File "/home/airflow/.local/lib/python3.12/site-packages/airflow/utils/operator_helpers.py", line 252, in run
    return self.func(*args, **kwargs)
           ^^^^^^^^^^^^^^^^^^^^^^^^^^
  File "/home/airflow/.local/lib/python3.12/site-packages/airflow/models/baseoperator.py", line 424, in wrapper
    return func(self, *args, **kwargs)
           ^^^^^^^^^^^^^^^^^^^^^^^^^^^
  File "/home/airflow/.local/lib/python3.12/site-packages/airflow/operators/bash.py", line 276, in execute
    raise AirflowException(
airflow.exceptions.AirflowException: Bash command failed. The command returned a non-zero exit code 1.
[2025-04-14T16:54:04.226+0000] {taskinstance.py:1226} INFO - Marking task as UP_FOR_RETRY. dag_id=dbt_***, task_id=run_dbt_core, run_id=manual__2025-04-14T15:18:53.940263+00:00, execution_date=20250414T151853, start_date=20250414T165352, end_date=20250414T165404
[2025-04-14T16:54:04.263+0000] {taskinstance.py:341} INFO - ::group::Post task execution logs
[2025-04-14T16:54:04.264+0000] {standard_task_runner.py:124} ERROR - Failed to execute job 499 for task run_dbt_core (Bash command failed. The command returned a non-zero exit code 1.; 12275)
Traceback (most recent call last):
  File "/home/airflow/.local/lib/python3.12/site-packages/airflow/task/task_runner/standard_task_runner.py", line 117, in _start_by_fork
    ret = args.func(args, dag=self.dag)
          ^^^^^^^^^^^^^^^^^^^^^^^^^^^^^
  File "/home/airflow/.local/lib/python3.12/site-packages/airflow/cli/cli_config.py", line 49, in command
    return func(*args, **kwargs)
           ^^^^^^^^^^^^^^^^^^^^^
  File "/home/airflow/.local/lib/python3.12/site-packages/airflow/utils/cli.py", line 116, in wrapper
    return f(*args, **kwargs)
           ^^^^^^^^^^^^^^^^^^
  File "/home/airflow/.local/lib/python3.12/site-packages/airflow/cli/commands/task_command.py", line 483, in task_run
    task_return_code = _run_task_by_selected_method(args, _dag, ti)
                       ^^^^^^^^^^^^^^^^^^^^^^^^^^^^^^^^^^^^^^^^^^^^
  File "/home/airflow/.local/lib/python3.12/site-packages/airflow/cli/commands/task_command.py", line 256, in _run_task_by_selected_method
    return _run_raw_task(args, ti)
           ^^^^^^^^^^^^^^^^^^^^^^^
  File "/home/airflow/.local/lib/python3.12/site-packages/airflow/cli/commands/task_command.py", line 341, in _run_raw_task
    return ti._run_raw_task(
           ^^^^^^^^^^^^^^^^^
  File "/home/airflow/.local/lib/python3.12/site-packages/airflow/utils/session.py", line 97, in wrapper
    return func(*args, session=session, **kwargs)
           ^^^^^^^^^^^^^^^^^^^^^^^^^^^^^^^^^^^^^^
  File "/home/airflow/.local/lib/python3.12/site-packages/airflow/models/taskinstance.py", line 3006, in _run_raw_task
    return _run_raw_task(
           ^^^^^^^^^^^^^^
  File "/home/airflow/.local/lib/python3.12/site-packages/airflow/models/taskinstance.py", line 274, in _run_raw_task
    TaskInstance._execute_task_with_callbacks(
  File "/home/airflow/.local/lib/python3.12/site-packages/airflow/models/taskinstance.py", line 3161, in _execute_task_with_callbacks
    result = self._execute_task(context, task_orig)
             ^^^^^^^^^^^^^^^^^^^^^^^^^^^^^^^^^^^^^^
  File "/home/airflow/.local/lib/python3.12/site-packages/airflow/models/taskinstance.py", line 3185, in _execute_task
    return _execute_task(self, context, task_orig)
           ^^^^^^^^^^^^^^^^^^^^^^^^^^^^^^^^^^^^^^^
  File "/home/airflow/.local/lib/python3.12/site-packages/airflow/models/taskinstance.py", line 768, in _execute_task
    result = _execute_callable(context=context, **execute_callable_kwargs)
             ^^^^^^^^^^^^^^^^^^^^^^^^^^^^^^^^^^^^^^^^^^^^^^^^^^^^^^^^^^^^^
  File "/home/airflow/.local/lib/python3.12/site-packages/airflow/models/taskinstance.py", line 734, in _execute_callable
    return ExecutionCallableRunner(
           ^^^^^^^^^^^^^^^^^^^^^^^^
  File "/home/airflow/.local/lib/python3.12/site-packages/airflow/utils/operator_helpers.py", line 252, in run
    return self.func(*args, **kwargs)
           ^^^^^^^^^^^^^^^^^^^^^^^^^^
  File "/home/airflow/.local/lib/python3.12/site-packages/airflow/models/baseoperator.py", line 424, in wrapper
    return func(self, *args, **kwargs)
           ^^^^^^^^^^^^^^^^^^^^^^^^^^^
  File "/home/airflow/.local/lib/python3.12/site-packages/airflow/operators/bash.py", line 276, in execute
    raise AirflowException(
airflow.exceptions.AirflowException: Bash command failed. The command returned a non-zero exit code 1.
[2025-04-14T16:54:04.280+0000] {local_task_job_runner.py:266} INFO - Task exited with return code 1
[2025-04-14T16:54:04.305+0000] {taskinstance.py:3901} INFO - 0 downstream tasks scheduled from follow-on schedule check
[2025-04-14T16:54:04.308+0000] {local_task_job_runner.py:245} INFO - ::endgroup::
