[2025-04-18T21:05:45.829+0000] {local_task_job_runner.py:123} INFO - ::group::Pre task execution logs
[2025-04-18T21:05:45.856+0000] {taskinstance.py:2614} INFO - Dependencies all met for dep_context=non-requeueable deps ti=<TaskInstance: run_dbt.run_dbt_all_models manual__2025-04-18T19:56:57.798037+00:00 [queued]>
[2025-04-18T21:05:45.868+0000] {taskinstance.py:2614} INFO - Dependencies all met for dep_context=requeueable deps ti=<TaskInstance: run_dbt.run_dbt_all_models manual__2025-04-18T19:56:57.798037+00:00 [queued]>
[2025-04-18T21:05:45.869+0000] {taskinstance.py:2867} INFO - Starting attempt 19 of 20
[2025-04-18T21:05:45.883+0000] {taskinstance.py:2890} INFO - Executing <Task(BashOperator): run_dbt_all_models> on 2025-04-18 19:56:57.798037+00:00
[2025-04-18T21:05:45.891+0000] {logging_mixin.py:190} WARNING - /home/***/.local/lib/python3.12/site-packages/***/task/task_runner/standard_task_runner.py:70 DeprecationWarning: This process (pid=46877) is multi-threaded, use of fork() may lead to deadlocks in the child.
[2025-04-18T21:05:45.892+0000] {standard_task_runner.py:72} INFO - Started process 46880 to run task
[2025-04-18T21:05:45.891+0000] {standard_task_runner.py:104} INFO - Running: ['***', 'tasks', 'run', 'run_dbt', 'run_dbt_all_models', 'manual__2025-04-18T19:56:57.798037+00:00', '--job-id', '653', '--raw', '--subdir', 'DAGS_FOLDER/run_dbt_model.py', '--cfg-path', '/tmp/tmp_wyxvsl9']
[2025-04-18T21:05:45.893+0000] {standard_task_runner.py:105} INFO - Job 653: Subtask run_dbt_all_models
[2025-04-18T21:05:45.942+0000] {task_command.py:467} INFO - Running <TaskInstance: run_dbt.run_dbt_all_models manual__2025-04-18T19:56:57.798037+00:00 [running]> on host f21ba0bbe878
[2025-04-18T21:05:46.031+0000] {taskinstance.py:3134} INFO - Exporting env vars: AIRFLOW_CTX_DAG_OWNER='***' AIRFLOW_CTX_DAG_ID='run_dbt' AIRFLOW_CTX_TASK_ID='run_dbt_all_models' AIRFLOW_CTX_EXECUTION_DATE='2025-04-18T19:56:57.798037+00:00' AIRFLOW_CTX_TRY_NUMBER='19' AIRFLOW_CTX_DAG_RUN_ID='manual__2025-04-18T19:56:57.798037+00:00'
[2025-04-18T21:05:46.032+0000] {taskinstance.py:732} INFO - ::endgroup::
[2025-04-18T21:05:46.063+0000] {subprocess.py:78} INFO - Tmp dir root location: /tmp
[2025-04-18T21:05:46.065+0000] {subprocess.py:88} INFO - Running command: ['/usr/bin/bash', '-c', 'cd /opt/***/dbt && dbt run']
[2025-04-18T21:05:46.079+0000] {subprocess.py:99} INFO - Output:
[2025-04-18T21:05:48.797+0000] {subprocess.py:106} INFO - [0m21:05:48  Running with dbt=1.8.1
[2025-04-18T21:05:50.365+0000] {subprocess.py:106} INFO - [0m21:05:50  Registered adapter: bigquery=1.8.1
[2025-04-18T21:05:53.517+0000] {subprocess.py:106} INFO - [0m21:05:53  Found 1 seed, 10 models, 1 source, 602 macros
[2025-04-18T21:05:53.522+0000] {subprocess.py:106} INFO - [0m21:05:53
[2025-04-18T21:05:54.438+0000] {subprocess.py:106} INFO - [0m21:05:54  Concurrency: 1 threads (target='dev')
[2025-04-18T21:05:54.439+0000] {subprocess.py:106} INFO - [0m21:05:54
[2025-04-18T21:05:54.451+0000] {subprocess.py:106} INFO - [0m21:05:54  1 of 10 START sql table model db_project_dataset.dim_airports .................. [RUN]
[2025-04-18T21:05:56.733+0000] {subprocess.py:106} INFO - [0m21:05:56  1 of 10 OK created sql table model db_project_dataset.dim_airports ............. [[32mCREATE TABLE (3.4k rows, 141.3 KiB processed)[0m in 2.28s]
[2025-04-18T21:05:56.739+0000] {subprocess.py:106} INFO - [0m21:05:56  2 of 10 START sql view model db_project_dataset.stg_flights .................... [RUN]
[2025-04-18T21:05:57.383+0000] {subprocess.py:106} INFO - [0m21:05:57  2 of 10 OK created sql view model db_project_dataset.stg_flights ............... [[32mCREATE VIEW (0 processed)[0m in 0.64s]
[2025-04-18T21:05:57.392+0000] {subprocess.py:106} INFO - [0m21:05:57  3 of 10 START sql table model db_project_dataset.core_flights .................. [RUN]
[2025-04-18T21:06:03.963+0000] {subprocess.py:106} INFO - [0m21:06:03  3 of 10 OK created sql table model db_project_dataset.core_flights ............. [[32mCREATE TABLE (112.3m rows, 11.7 GiB processed)[0m in 6.57s]
[2025-04-18T21:06:03.968+0000] {subprocess.py:106} INFO - [0m21:06:03  4 of 10 START sql table model db_project_dataset.dim_carriers .................. [RUN]
[2025-04-18T21:06:06.322+0000] {subprocess.py:106} INFO - [0m21:06:06  4 of 10 OK created sql table model db_project_dataset.dim_carriers ............. [[32mCREATE TABLE (29.0 rows, 3.9 GiB processed)[0m in 2.35s]
[2025-04-18T21:06:06.328+0000] {subprocess.py:106} INFO - [0m21:06:06  5 of 10 START sql table model db_project_dataset.dim_dates ..................... [RUN]
[2025-04-18T21:06:07.495+0000] {subprocess.py:106} INFO - [0m21:06:07  BigQuery adapter: https://console.cloud.google.com/bigquery?project=db-project-456518&j=bq:europe-central2:0248c9b6-aa1b-42b4-bf62-188d5a30838e&page=queryresults
[2025-04-18T21:06:07.515+0000] {subprocess.py:106} INFO - [0m21:06:07  5 of 10 ERROR creating sql table model db_project_dataset.dim_dates ............ [[31mERROR[0m in 1.18s]
[2025-04-18T21:06:07.524+0000] {subprocess.py:106} INFO - [0m21:06:07  6 of 10 START sql table model db_project_dataset.fact_delays_by_flight_num ..... [RUN]
[2025-04-18T21:06:10.034+0000] {subprocess.py:106} INFO - [0m21:06:10  6 of 10 OK created sql table model db_project_dataset.fact_delays_by_flight_num  [[32mCREATE TABLE (8.1k rows, 2.5 GiB processed)[0m in 2.51s]
[2025-04-18T21:06:10.039+0000] {subprocess.py:106} INFO - [0m21:06:10  7 of 10 START sql table model db_project_dataset.fact_delays_departure_by_airport  [RUN]
[2025-04-18T21:06:11.227+0000] {subprocess.py:106} INFO - [0m21:06:11  BigQuery adapter: https://console.cloud.google.com/bigquery?project=db-project-456518&j=bq:europe-central2:3cc1fa03-d978-4df1-a131-c327e0c2b3be&page=queryresults
[2025-04-18T21:06:11.236+0000] {subprocess.py:106} INFO - [0m21:06:11  7 of 10 ERROR creating sql table model db_project_dataset.fact_delays_departure_by_airport  [[31mERROR[0m in 1.20s]
[2025-04-18T21:06:11.241+0000] {subprocess.py:106} INFO - [0m21:06:11  8 of 10 START sql table model db_project_dataset.fact_departures.by_year ....... [RUN]
[2025-04-18T21:06:11.819+0000] {subprocess.py:106} INFO - [0m21:06:11  BigQuery adapter: https://console.cloud.google.com/bigquery?project=db-project-456518&j=bq:europe-central2:8d636779-d57c-4cdf-a177-420e7daffa42&page=queryresults
[2025-04-18T21:06:11.831+0000] {subprocess.py:106} INFO - [0m21:06:11  8 of 10 ERROR creating sql table model db_project_dataset.fact_departures.by_year  [[31mERROR[0m in 0.59s]
[2025-04-18T21:06:11.835+0000] {subprocess.py:106} INFO - [0m21:06:11  9 of 10 START sql table model db_project_dataset.fact_departures_by_airport_year  [RUN]
[2025-04-18T21:06:14.322+0000] {subprocess.py:106} INFO - [0m21:06:14  9 of 10 OK created sql table model db_project_dataset.fact_departures_by_airport_year  [[32mCREATE TABLE (343.0 rows, 535.6 MiB processed)[0m in 2.48s]
[2025-04-18T21:06:14.328+0000] {subprocess.py:106} INFO - [0m21:06:14  10 of 10 START sql table model db_project_dataset.fact_most_departures_airport . [RUN]
[2025-04-18T21:06:16.150+0000] {subprocess.py:106} INFO - [0m21:06:16  BigQuery adapter: https://console.cloud.google.com/bigquery?project=db-project-456518&j=bq:europe-central2:5959553b-538d-4d7a-8ffb-1b5defda3434&page=queryresults
[2025-04-18T21:06:16.160+0000] {subprocess.py:106} INFO - [0m21:06:16  10 of 10 ERROR creating sql table model db_project_dataset.fact_most_departures_airport  [[31mERROR[0m in 1.83s]
[2025-04-18T21:06:16.165+0000] {subprocess.py:106} INFO - [0m21:06:16
[2025-04-18T21:06:16.166+0000] {subprocess.py:106} INFO - [0m21:06:16  Finished running 9 table models, 1 view model in 0 hours 0 minutes and 22.64 seconds (22.64s).
[2025-04-18T21:06:16.278+0000] {subprocess.py:106} INFO - [0m21:06:16
[2025-04-18T21:06:16.279+0000] {subprocess.py:106} INFO - [0m21:06:16  [31mCompleted with 4 errors and 0 warnings:[0m
[2025-04-18T21:06:16.280+0000] {subprocess.py:106} INFO - [0m21:06:16
[2025-04-18T21:06:16.281+0000] {subprocess.py:106} INFO - [0m21:06:16    Database Error in model dim_dates (models/marts/dim_dates.sql)
[2025-04-18T21:06:16.282+0000] {subprocess.py:106} INFO -   Function not found: dayofweek at [27:5]
[2025-04-18T21:06:16.282+0000] {subprocess.py:106} INFO -   compiled code at target/run/flights_project/models/marts/dim_dates.sql
[2025-04-18T21:06:16.283+0000] {subprocess.py:106} INFO - [0m21:06:16
[2025-04-18T21:06:16.284+0000] {subprocess.py:106} INFO - [0m21:06:16    Database Error in model fact_delays_departure_by_airport (models/marts/fact_delays_departure_by_airport.sql)
[2025-04-18T21:06:16.284+0000] {subprocess.py:106} INFO -   Unrecognized name: DepDelay; Did you mean dep_delay? at [20:11]
[2025-04-18T21:06:16.285+0000] {subprocess.py:106} INFO -   compiled code at target/run/flights_project/models/marts/fact_delays_departure_by_airport.sql
[2025-04-18T21:06:16.285+0000] {subprocess.py:106} INFO - [0m21:06:16
[2025-04-18T21:06:16.286+0000] {subprocess.py:106} INFO - [0m21:06:16    Database Error in model fact_departures.by_year (models/marts/fact_departures.by_year.sql)
[2025-04-18T21:06:16.286+0000] {subprocess.py:106} INFO -   Invalid project ID 'db-project-456518.db_project_dataset'. Project IDs must contain 6-63 lowercase letters, digits, or dashes. Some project IDs also include domain name separated by a colon. IDs must start with a letter and may not end with a dash.
[2025-04-18T21:06:16.287+0000] {subprocess.py:106} INFO -   compiled code at target/run/flights_project/models/marts/fact_departures.by_year.sql
[2025-04-18T21:06:16.288+0000] {subprocess.py:106} INFO - [0m21:06:16
[2025-04-18T21:06:16.289+0000] {subprocess.py:106} INFO - [0m21:06:16    Database Error in model fact_most_departures_airport (models/marts/fact_most_departures_airport.sql)
[2025-04-18T21:06:16.290+0000] {subprocess.py:106} INFO -   Name origin_airport_id not found inside f at [21:69]
[2025-04-18T21:06:16.290+0000] {subprocess.py:106} INFO -   compiled code at target/run/flights_project/models/marts/fact_most_departures_airport.sql
[2025-04-18T21:06:16.291+0000] {subprocess.py:106} INFO - [0m21:06:16
[2025-04-18T21:06:16.291+0000] {subprocess.py:106} INFO - [0m21:06:16  Done. PASS=6 WARN=0 ERROR=4 SKIP=0 TOTAL=10
[2025-04-18T21:06:17.594+0000] {subprocess.py:110} INFO - Command exited with return code 1
[2025-04-18T21:06:17.609+0000] {taskinstance.py:3313} ERROR - Task failed with exception
Traceback (most recent call last):
  File "/home/airflow/.local/lib/python3.12/site-packages/airflow/models/taskinstance.py", line 768, in _execute_task
    result = _execute_callable(context=context, **execute_callable_kwargs)
             ^^^^^^^^^^^^^^^^^^^^^^^^^^^^^^^^^^^^^^^^^^^^^^^^^^^^^^^^^^^^^
  File "/home/airflow/.local/lib/python3.12/site-packages/airflow/models/taskinstance.py", line 734, in _execute_callable
    return ExecutionCallableRunner(
           ^^^^^^^^^^^^^^^^^^^^^^^^
  File "/home/airflow/.local/lib/python3.12/site-packages/airflow/utils/operator_helpers.py", line 252, in run
    return self.func(*args, **kwargs)
           ^^^^^^^^^^^^^^^^^^^^^^^^^^
  File "/home/airflow/.local/lib/python3.12/site-packages/airflow/models/baseoperator.py", line 424, in wrapper
    return func(self, *args, **kwargs)
           ^^^^^^^^^^^^^^^^^^^^^^^^^^^
  File "/home/airflow/.local/lib/python3.12/site-packages/airflow/operators/bash.py", line 276, in execute
    raise AirflowException(
airflow.exceptions.AirflowException: Bash command failed. The command returned a non-zero exit code 1.
[2025-04-18T21:06:17.617+0000] {taskinstance.py:1226} INFO - Marking task as UP_FOR_RETRY. dag_id=run_dbt, task_id=run_dbt_all_models, run_id=manual__2025-04-18T19:56:57.798037+00:00, execution_date=20250418T195657, start_date=20250418T210545, end_date=20250418T210617
[2025-04-18T21:06:17.653+0000] {taskinstance.py:341} INFO - ::group::Post task execution logs
[2025-04-18T21:06:17.653+0000] {standard_task_runner.py:124} ERROR - Failed to execute job 653 for task run_dbt_all_models (Bash command failed. The command returned a non-zero exit code 1.; 46880)
Traceback (most recent call last):
  File "/home/airflow/.local/lib/python3.12/site-packages/airflow/task/task_runner/standard_task_runner.py", line 117, in _start_by_fork
    ret = args.func(args, dag=self.dag)
          ^^^^^^^^^^^^^^^^^^^^^^^^^^^^^
  File "/home/airflow/.local/lib/python3.12/site-packages/airflow/cli/cli_config.py", line 49, in command
    return func(*args, **kwargs)
           ^^^^^^^^^^^^^^^^^^^^^
  File "/home/airflow/.local/lib/python3.12/site-packages/airflow/utils/cli.py", line 116, in wrapper
    return f(*args, **kwargs)
           ^^^^^^^^^^^^^^^^^^
  File "/home/airflow/.local/lib/python3.12/site-packages/airflow/cli/commands/task_command.py", line 483, in task_run
    task_return_code = _run_task_by_selected_method(args, _dag, ti)
                       ^^^^^^^^^^^^^^^^^^^^^^^^^^^^^^^^^^^^^^^^^^^^
  File "/home/airflow/.local/lib/python3.12/site-packages/airflow/cli/commands/task_command.py", line 256, in _run_task_by_selected_method
    return _run_raw_task(args, ti)
           ^^^^^^^^^^^^^^^^^^^^^^^
  File "/home/airflow/.local/lib/python3.12/site-packages/airflow/cli/commands/task_command.py", line 341, in _run_raw_task
    return ti._run_raw_task(
           ^^^^^^^^^^^^^^^^^
  File "/home/airflow/.local/lib/python3.12/site-packages/airflow/utils/session.py", line 97, in wrapper
    return func(*args, session=session, **kwargs)
           ^^^^^^^^^^^^^^^^^^^^^^^^^^^^^^^^^^^^^^
  File "/home/airflow/.local/lib/python3.12/site-packages/airflow/models/taskinstance.py", line 3006, in _run_raw_task
    return _run_raw_task(
           ^^^^^^^^^^^^^^
  File "/home/airflow/.local/lib/python3.12/site-packages/airflow/models/taskinstance.py", line 274, in _run_raw_task
    TaskInstance._execute_task_with_callbacks(
  File "/home/airflow/.local/lib/python3.12/site-packages/airflow/models/taskinstance.py", line 3161, in _execute_task_with_callbacks
    result = self._execute_task(context, task_orig)
             ^^^^^^^^^^^^^^^^^^^^^^^^^^^^^^^^^^^^^^
  File "/home/airflow/.local/lib/python3.12/site-packages/airflow/models/taskinstance.py", line 3185, in _execute_task
    return _execute_task(self, context, task_orig)
           ^^^^^^^^^^^^^^^^^^^^^^^^^^^^^^^^^^^^^^^
  File "/home/airflow/.local/lib/python3.12/site-packages/airflow/models/taskinstance.py", line 768, in _execute_task
    result = _execute_callable(context=context, **execute_callable_kwargs)
             ^^^^^^^^^^^^^^^^^^^^^^^^^^^^^^^^^^^^^^^^^^^^^^^^^^^^^^^^^^^^^
  File "/home/airflow/.local/lib/python3.12/site-packages/airflow/models/taskinstance.py", line 734, in _execute_callable
    return ExecutionCallableRunner(
           ^^^^^^^^^^^^^^^^^^^^^^^^
  File "/home/airflow/.local/lib/python3.12/site-packages/airflow/utils/operator_helpers.py", line 252, in run
    return self.func(*args, **kwargs)
           ^^^^^^^^^^^^^^^^^^^^^^^^^^
  File "/home/airflow/.local/lib/python3.12/site-packages/airflow/models/baseoperator.py", line 424, in wrapper
    return func(self, *args, **kwargs)
           ^^^^^^^^^^^^^^^^^^^^^^^^^^^
  File "/home/airflow/.local/lib/python3.12/site-packages/airflow/operators/bash.py", line 276, in execute
    raise AirflowException(
airflow.exceptions.AirflowException: Bash command failed. The command returned a non-zero exit code 1.
[2025-04-18T21:06:17.702+0000] {local_task_job_runner.py:266} INFO - Task exited with return code 1
[2025-04-18T21:06:17.725+0000] {taskinstance.py:3901} INFO - 0 downstream tasks scheduled from follow-on schedule check
[2025-04-18T21:06:17.727+0000] {local_task_job_runner.py:245} INFO - ::endgroup::
