[2025-04-18T22:05:50.258+0000] {local_task_job_runner.py:123} INFO - ::group::Pre task execution logs
[2025-04-18T22:05:50.285+0000] {taskinstance.py:2614} INFO - Dependencies all met for dep_context=non-requeueable deps ti=<TaskInstance: run_dbt.run_dbt_all_models manual__2025-04-18T19:56:57.798037+00:00 [queued]>
[2025-04-18T22:05:50.300+0000] {taskinstance.py:2614} INFO - Dependencies all met for dep_context=requeueable deps ti=<TaskInstance: run_dbt.run_dbt_all_models manual__2025-04-18T19:56:57.798037+00:00 [queued]>
[2025-04-18T22:05:50.301+0000] {taskinstance.py:2867} INFO - Starting attempt 32 of 33
[2025-04-18T22:05:50.317+0000] {taskinstance.py:2890} INFO - Executing <Task(BashOperator): run_dbt_all_models> on 2025-04-18 19:56:57.798037+00:00
[2025-04-18T22:05:50.326+0000] {standard_task_runner.py:104} INFO - Running: ['***', 'tasks', 'run', 'run_dbt', 'run_dbt_all_models', 'manual__2025-04-18T19:56:57.798037+00:00', '--job-id', '668', '--raw', '--subdir', 'DAGS_FOLDER/run_dbt_model.py', '--cfg-path', '/tmp/tmpujkj_9ds']
[2025-04-18T22:05:50.329+0000] {standard_task_runner.py:105} INFO - Job 668: Subtask run_dbt_all_models
[2025-04-18T22:05:50.339+0000] {logging_mixin.py:190} WARNING - /home/***/.local/lib/python3.12/site-packages/***/task/task_runner/standard_task_runner.py:70 DeprecationWarning: This process (pid=50944) is multi-threaded, use of fork() may lead to deadlocks in the child.
[2025-04-18T22:05:50.341+0000] {standard_task_runner.py:72} INFO - Started process 50945 to run task
[2025-04-18T22:05:50.391+0000] {task_command.py:467} INFO - Running <TaskInstance: run_dbt.run_dbt_all_models manual__2025-04-18T19:56:57.798037+00:00 [running]> on host f21ba0bbe878
[2025-04-18T22:05:50.480+0000] {taskinstance.py:3134} INFO - Exporting env vars: AIRFLOW_CTX_DAG_OWNER='***' AIRFLOW_CTX_DAG_ID='run_dbt' AIRFLOW_CTX_TASK_ID='run_dbt_all_models' AIRFLOW_CTX_EXECUTION_DATE='2025-04-18T19:56:57.798037+00:00' AIRFLOW_CTX_TRY_NUMBER='32' AIRFLOW_CTX_DAG_RUN_ID='manual__2025-04-18T19:56:57.798037+00:00'
[2025-04-18T22:05:50.481+0000] {taskinstance.py:732} INFO - ::endgroup::
[2025-04-18T22:05:50.498+0000] {subprocess.py:78} INFO - Tmp dir root location: /tmp
[2025-04-18T22:05:50.500+0000] {subprocess.py:88} INFO - Running command: ['/usr/bin/bash', '-c', 'cd /opt/***/dbt && dbt run']
[2025-04-18T22:05:50.509+0000] {subprocess.py:99} INFO - Output:
[2025-04-18T22:05:53.489+0000] {subprocess.py:106} INFO - [0m22:05:53  Running with dbt=1.8.1
[2025-04-18T22:05:55.089+0000] {subprocess.py:106} INFO - [0m22:05:55  Registered adapter: bigquery=1.8.1
[2025-04-18T22:05:57.503+0000] {subprocess.py:106} INFO - [0m22:05:57  Found 1 seed, 10 models, 1 source, 602 macros
[2025-04-18T22:05:57.508+0000] {subprocess.py:106} INFO - [0m22:05:57
[2025-04-18T22:05:58.180+0000] {subprocess.py:106} INFO - [0m22:05:58  Concurrency: 1 threads (target='dev')
[2025-04-18T22:05:58.181+0000] {subprocess.py:106} INFO - [0m22:05:58
[2025-04-18T22:05:58.197+0000] {subprocess.py:106} INFO - [0m22:05:58  1 of 10 START sql table model db_project_dataset.dim_airports .................. [RUN]
[2025-04-18T22:06:00.108+0000] {subprocess.py:106} INFO - [0m22:06:00  1 of 10 OK created sql table model db_project_dataset.dim_airports ............. [[32mCREATE TABLE (3.4k rows, 141.3 KiB processed)[0m in 1.90s]
[2025-04-18T22:06:00.112+0000] {subprocess.py:106} INFO - [0m22:06:00  2 of 10 START sql view model db_project_dataset.stg_flights .................... [RUN]
[2025-04-18T22:06:00.783+0000] {subprocess.py:106} INFO - [0m22:06:00  2 of 10 OK created sql view model db_project_dataset.stg_flights ............... [[32mCREATE VIEW (0 processed)[0m in 0.67s]
[2025-04-18T22:06:00.788+0000] {subprocess.py:106} INFO - [0m22:06:00  3 of 10 START sql table model db_project_dataset.core_flights .................. [RUN]
[2025-04-18T22:06:06.583+0000] {subprocess.py:106} INFO - [0m22:06:06  3 of 10 OK created sql table model db_project_dataset.core_flights ............. [[32mCREATE TABLE (112.3m rows, 11.7 GiB processed)[0m in 5.79s]
[2025-04-18T22:06:06.590+0000] {subprocess.py:106} INFO - [0m22:06:06  4 of 10 START sql table model db_project_dataset.dim_carriers .................. [RUN]
[2025-04-18T22:06:08.709+0000] {subprocess.py:106} INFO - [0m22:06:08  4 of 10 OK created sql table model db_project_dataset.dim_carriers ............. [[32mCREATE TABLE (29.0 rows, 3.9 GiB processed)[0m in 2.12s]
[2025-04-18T22:06:08.713+0000] {subprocess.py:106} INFO - [0m22:06:08  5 of 10 START sql table model db_project_dataset.dim_dates ..................... [RUN]
[2025-04-18T22:06:10.768+0000] {subprocess.py:106} INFO - [0m22:06:10  5 of 10 OK created sql table model db_project_dataset.dim_dates ................ [[32mCREATE TABLE (7.4k rows, 857.0 MiB processed)[0m in 2.05s]
[2025-04-18T22:06:10.772+0000] {subprocess.py:106} INFO - [0m22:06:10  6 of 10 START sql table model db_project_dataset.fact_delays_by_flight_num ..... [RUN]
[2025-04-18T22:06:12.832+0000] {subprocess.py:106} INFO - [0m22:06:12  6 of 10 OK created sql table model db_project_dataset.fact_delays_by_flight_num  [[32mCREATE TABLE (8.1k rows, 2.5 GiB processed)[0m in 2.06s]
[2025-04-18T22:06:12.838+0000] {subprocess.py:106} INFO - [0m22:06:12  7 of 10 START sql table model db_project_dataset.fact_departure_delays_by_airport  [RUN]
[2025-04-18T22:06:14.581+0000] {subprocess.py:106} INFO - [0m22:06:14  BigQuery adapter: https://console.cloud.google.com/bigquery?project=db-project-456518&j=bq:europe-central2:43d5a367-8437-4ea3-ba67-a8e235ce9d4d&page=queryresults
[2025-04-18T22:06:14.602+0000] {subprocess.py:106} INFO - [0m22:06:14  7 of 10 ERROR creating sql table model db_project_dataset.fact_departure_delays_by_airport  [[31mERROR[0m in 1.76s]
[2025-04-18T22:06:14.608+0000] {subprocess.py:106} INFO - [0m22:06:14  8 of 10 START sql table model db_project_dataset.fact_departures_by_airport_year  [RUN]
[2025-04-18T22:06:16.660+0000] {subprocess.py:106} INFO - [0m22:06:16  8 of 10 OK created sql table model db_project_dataset.fact_departures_by_airport_year  [[32mCREATE TABLE (343.0 rows, 535.6 MiB processed)[0m in 2.05s]
[2025-04-18T22:06:16.665+0000] {subprocess.py:106} INFO - [0m22:06:16  9 of 10 START sql table model db_project_dataset.fact_departures_yearly ........ [RUN]
[2025-04-18T22:06:18.741+0000] {subprocess.py:106} INFO - [0m22:06:18  9 of 10 OK created sql table model db_project_dataset.fact_departures_yearly ... [[32mCREATE TABLE (21.0 rows, 857.0 MiB processed)[0m in 2.07s]
[2025-04-18T22:06:18.747+0000] {subprocess.py:106} INFO - [0m22:06:18  10 of 10 START sql table model db_project_dataset.fact_most_departures_airport . [RUN]
[2025-04-18T22:06:20.793+0000] {subprocess.py:106} INFO - [0m22:06:20  10 of 10 OK created sql table model db_project_dataset.fact_most_departures_airport  [[32mCREATE TABLE (352.0 rows, 2.7 GiB processed)[0m in 2.04s]
[2025-04-18T22:06:20.801+0000] {subprocess.py:106} INFO - [0m22:06:20
[2025-04-18T22:06:20.802+0000] {subprocess.py:106} INFO - [0m22:06:20  Finished running 9 table models, 1 view model in 0 hours 0 minutes and 23.29 seconds (23.29s).
[2025-04-18T22:06:20.928+0000] {subprocess.py:106} INFO - [0m22:06:20
[2025-04-18T22:06:20.929+0000] {subprocess.py:106} INFO - [0m22:06:20  [31mCompleted with 1 error and 0 warnings:[0m
[2025-04-18T22:06:20.930+0000] {subprocess.py:106} INFO - [0m22:06:20
[2025-04-18T22:06:20.932+0000] {subprocess.py:106} INFO - [0m22:06:20    Database Error in model fact_departure_delays_by_airport (models/marts/fact_departure_delays_by_airport.sql)
[2025-04-18T22:06:20.933+0000] {subprocess.py:106} INFO -   CREATE TABLE columns must be named, but column 2 has no name at [15:1]
[2025-04-18T22:06:20.934+0000] {subprocess.py:106} INFO -   compiled code at target/run/flights_project/models/marts/fact_departure_delays_by_airport.sql
[2025-04-18T22:06:20.935+0000] {subprocess.py:106} INFO - [0m22:06:20
[2025-04-18T22:06:20.936+0000] {subprocess.py:106} INFO - [0m22:06:20  Done. PASS=9 WARN=0 ERROR=1 SKIP=0 TOTAL=10
[2025-04-18T22:06:22.225+0000] {subprocess.py:110} INFO - Command exited with return code 1
[2025-04-18T22:06:22.237+0000] {taskinstance.py:3313} ERROR - Task failed with exception
Traceback (most recent call last):
  File "/home/airflow/.local/lib/python3.12/site-packages/airflow/models/taskinstance.py", line 768, in _execute_task
    result = _execute_callable(context=context, **execute_callable_kwargs)
             ^^^^^^^^^^^^^^^^^^^^^^^^^^^^^^^^^^^^^^^^^^^^^^^^^^^^^^^^^^^^^
  File "/home/airflow/.local/lib/python3.12/site-packages/airflow/models/taskinstance.py", line 734, in _execute_callable
    return ExecutionCallableRunner(
           ^^^^^^^^^^^^^^^^^^^^^^^^
  File "/home/airflow/.local/lib/python3.12/site-packages/airflow/utils/operator_helpers.py", line 252, in run
    return self.func(*args, **kwargs)
           ^^^^^^^^^^^^^^^^^^^^^^^^^^
  File "/home/airflow/.local/lib/python3.12/site-packages/airflow/models/baseoperator.py", line 424, in wrapper
    return func(self, *args, **kwargs)
           ^^^^^^^^^^^^^^^^^^^^^^^^^^^
  File "/home/airflow/.local/lib/python3.12/site-packages/airflow/operators/bash.py", line 276, in execute
    raise AirflowException(
airflow.exceptions.AirflowException: Bash command failed. The command returned a non-zero exit code 1.
[2025-04-18T22:06:22.246+0000] {taskinstance.py:1226} INFO - Marking task as UP_FOR_RETRY. dag_id=run_dbt, task_id=run_dbt_all_models, run_id=manual__2025-04-18T19:56:57.798037+00:00, execution_date=20250418T195657, start_date=20250418T220550, end_date=20250418T220622
[2025-04-18T22:06:22.289+0000] {taskinstance.py:341} INFO - ::group::Post task execution logs
[2025-04-18T22:06:22.290+0000] {standard_task_runner.py:124} ERROR - Failed to execute job 668 for task run_dbt_all_models (Bash command failed. The command returned a non-zero exit code 1.; 50945)
Traceback (most recent call last):
  File "/home/airflow/.local/lib/python3.12/site-packages/airflow/task/task_runner/standard_task_runner.py", line 117, in _start_by_fork
    ret = args.func(args, dag=self.dag)
          ^^^^^^^^^^^^^^^^^^^^^^^^^^^^^
  File "/home/airflow/.local/lib/python3.12/site-packages/airflow/cli/cli_config.py", line 49, in command
    return func(*args, **kwargs)
           ^^^^^^^^^^^^^^^^^^^^^
  File "/home/airflow/.local/lib/python3.12/site-packages/airflow/utils/cli.py", line 116, in wrapper
    return f(*args, **kwargs)
           ^^^^^^^^^^^^^^^^^^
  File "/home/airflow/.local/lib/python3.12/site-packages/airflow/cli/commands/task_command.py", line 483, in task_run
    task_return_code = _run_task_by_selected_method(args, _dag, ti)
                       ^^^^^^^^^^^^^^^^^^^^^^^^^^^^^^^^^^^^^^^^^^^^
  File "/home/airflow/.local/lib/python3.12/site-packages/airflow/cli/commands/task_command.py", line 256, in _run_task_by_selected_method
    return _run_raw_task(args, ti)
           ^^^^^^^^^^^^^^^^^^^^^^^
  File "/home/airflow/.local/lib/python3.12/site-packages/airflow/cli/commands/task_command.py", line 341, in _run_raw_task
    return ti._run_raw_task(
           ^^^^^^^^^^^^^^^^^
  File "/home/airflow/.local/lib/python3.12/site-packages/airflow/utils/session.py", line 97, in wrapper
    return func(*args, session=session, **kwargs)
           ^^^^^^^^^^^^^^^^^^^^^^^^^^^^^^^^^^^^^^
  File "/home/airflow/.local/lib/python3.12/site-packages/airflow/models/taskinstance.py", line 3006, in _run_raw_task
    return _run_raw_task(
           ^^^^^^^^^^^^^^
  File "/home/airflow/.local/lib/python3.12/site-packages/airflow/models/taskinstance.py", line 274, in _run_raw_task
    TaskInstance._execute_task_with_callbacks(
  File "/home/airflow/.local/lib/python3.12/site-packages/airflow/models/taskinstance.py", line 3161, in _execute_task_with_callbacks
    result = self._execute_task(context, task_orig)
             ^^^^^^^^^^^^^^^^^^^^^^^^^^^^^^^^^^^^^^
  File "/home/airflow/.local/lib/python3.12/site-packages/airflow/models/taskinstance.py", line 3185, in _execute_task
    return _execute_task(self, context, task_orig)
           ^^^^^^^^^^^^^^^^^^^^^^^^^^^^^^^^^^^^^^^
  File "/home/airflow/.local/lib/python3.12/site-packages/airflow/models/taskinstance.py", line 768, in _execute_task
    result = _execute_callable(context=context, **execute_callable_kwargs)
             ^^^^^^^^^^^^^^^^^^^^^^^^^^^^^^^^^^^^^^^^^^^^^^^^^^^^^^^^^^^^^
  File "/home/airflow/.local/lib/python3.12/site-packages/airflow/models/taskinstance.py", line 734, in _execute_callable
    return ExecutionCallableRunner(
           ^^^^^^^^^^^^^^^^^^^^^^^^
  File "/home/airflow/.local/lib/python3.12/site-packages/airflow/utils/operator_helpers.py", line 252, in run
    return self.func(*args, **kwargs)
           ^^^^^^^^^^^^^^^^^^^^^^^^^^
  File "/home/airflow/.local/lib/python3.12/site-packages/airflow/models/baseoperator.py", line 424, in wrapper
    return func(self, *args, **kwargs)
           ^^^^^^^^^^^^^^^^^^^^^^^^^^^
  File "/home/airflow/.local/lib/python3.12/site-packages/airflow/operators/bash.py", line 276, in execute
    raise AirflowException(
airflow.exceptions.AirflowException: Bash command failed. The command returned a non-zero exit code 1.
[2025-04-18T22:06:22.332+0000] {local_task_job_runner.py:266} INFO - Task exited with return code 1
[2025-04-18T22:06:22.342+0000] {local_task_job_runner.py:245} INFO - ::endgroup::
