[2025-04-18T21:13:31.175+0000] {local_task_job_runner.py:123} INFO - ::group::Pre task execution logs
[2025-04-18T21:13:31.202+0000] {taskinstance.py:2614} INFO - Dependencies all met for dep_context=non-requeueable deps ti=<TaskInstance: run_dbt.run_dbt_all_models manual__2025-04-18T19:56:57.798037+00:00 [queued]>
[2025-04-18T21:13:31.214+0000] {taskinstance.py:2614} INFO - Dependencies all met for dep_context=requeueable deps ti=<TaskInstance: run_dbt.run_dbt_all_models manual__2025-04-18T19:56:57.798037+00:00 [queued]>
[2025-04-18T21:13:31.215+0000] {taskinstance.py:2867} INFO - Starting attempt 22 of 23
[2025-04-18T21:13:31.231+0000] {taskinstance.py:2890} INFO - Executing <Task(BashOperator): run_dbt_all_models> on 2025-04-18 19:56:57.798037+00:00
[2025-04-18T21:13:31.240+0000] {logging_mixin.py:190} WARNING - /home/***/.local/lib/python3.12/site-packages/***/task/task_runner/standard_task_runner.py:70 DeprecationWarning: This process (pid=47452) is multi-threaded, use of fork() may lead to deadlocks in the child.
[2025-04-18T21:13:31.240+0000] {standard_task_runner.py:104} INFO - Running: ['***', 'tasks', 'run', 'run_dbt', 'run_dbt_all_models', 'manual__2025-04-18T19:56:57.798037+00:00', '--job-id', '656', '--raw', '--subdir', 'DAGS_FOLDER/run_dbt_model.py', '--cfg-path', '/tmp/tmpn6rdtqi4']
[2025-04-18T21:13:31.242+0000] {standard_task_runner.py:72} INFO - Started process 47453 to run task
[2025-04-18T21:13:31.242+0000] {standard_task_runner.py:105} INFO - Job 656: Subtask run_dbt_all_models
[2025-04-18T21:13:31.295+0000] {task_command.py:467} INFO - Running <TaskInstance: run_dbt.run_dbt_all_models manual__2025-04-18T19:56:57.798037+00:00 [running]> on host f21ba0bbe878
[2025-04-18T21:13:31.379+0000] {taskinstance.py:3134} INFO - Exporting env vars: AIRFLOW_CTX_DAG_OWNER='***' AIRFLOW_CTX_DAG_ID='run_dbt' AIRFLOW_CTX_TASK_ID='run_dbt_all_models' AIRFLOW_CTX_EXECUTION_DATE='2025-04-18T19:56:57.798037+00:00' AIRFLOW_CTX_TRY_NUMBER='22' AIRFLOW_CTX_DAG_RUN_ID='manual__2025-04-18T19:56:57.798037+00:00'
[2025-04-18T21:13:31.380+0000] {taskinstance.py:732} INFO - ::endgroup::
[2025-04-18T21:13:31.396+0000] {subprocess.py:78} INFO - Tmp dir root location: /tmp
[2025-04-18T21:13:31.397+0000] {subprocess.py:88} INFO - Running command: ['/usr/bin/bash', '-c', 'cd /opt/***/dbt && dbt run']
[2025-04-18T21:13:31.406+0000] {subprocess.py:99} INFO - Output:
[2025-04-18T21:13:34.077+0000] {subprocess.py:106} INFO - [0m21:13:34  Running with dbt=1.8.1
[2025-04-18T21:13:35.638+0000] {subprocess.py:106} INFO - [0m21:13:35  Registered adapter: bigquery=1.8.1
[2025-04-18T21:13:39.313+0000] {subprocess.py:106} INFO - [0m21:13:39  Found 1 seed, 10 models, 1 source, 602 macros
[2025-04-18T21:13:39.320+0000] {subprocess.py:106} INFO - [0m21:13:39
[2025-04-18T21:13:40.097+0000] {subprocess.py:106} INFO - [0m21:13:40  Concurrency: 1 threads (target='dev')
[2025-04-18T21:13:40.104+0000] {subprocess.py:106} INFO - [0m21:13:40
[2025-04-18T21:13:40.143+0000] {subprocess.py:106} INFO - [0m21:13:40  1 of 10 START sql table model db_project_dataset.dim_airports .................. [RUN]
[2025-04-18T21:13:42.289+0000] {subprocess.py:106} INFO - [0m21:13:42  1 of 10 OK created sql table model db_project_dataset.dim_airports ............. [[32mCREATE TABLE (3.4k rows, 141.3 KiB processed)[0m in 2.14s]
[2025-04-18T21:13:42.294+0000] {subprocess.py:106} INFO - [0m21:13:42  2 of 10 START sql view model db_project_dataset.stg_flights .................... [RUN]
[2025-04-18T21:13:42.924+0000] {subprocess.py:106} INFO - [0m21:13:42  2 of 10 OK created sql view model db_project_dataset.stg_flights ............... [[32mCREATE VIEW (0 processed)[0m in 0.63s]
[2025-04-18T21:13:42.928+0000] {subprocess.py:106} INFO - [0m21:13:42  3 of 10 START sql table model db_project_dataset.core_flights .................. [RUN]
[2025-04-18T21:13:49.093+0000] {subprocess.py:106} INFO - [0m21:13:49  3 of 10 OK created sql table model db_project_dataset.core_flights ............. [[32mCREATE TABLE (112.3m rows, 11.7 GiB processed)[0m in 6.16s]
[2025-04-18T21:13:49.099+0000] {subprocess.py:106} INFO - [0m21:13:49  4 of 10 START sql table model db_project_dataset.dim_carriers .................. [RUN]
[2025-04-18T21:13:51.798+0000] {subprocess.py:106} INFO - [0m21:13:51  4 of 10 OK created sql table model db_project_dataset.dim_carriers ............. [[32mCREATE TABLE (29.0 rows, 3.9 GiB processed)[0m in 2.70s]
[2025-04-18T21:13:51.802+0000] {subprocess.py:106} INFO - [0m21:13:51  5 of 10 START sql table model db_project_dataset.dim_dates ..................... [RUN]
[2025-04-18T21:13:53.794+0000] {subprocess.py:106} INFO - [0m21:13:53  5 of 10 OK created sql table model db_project_dataset.dim_dates ................ [[32mCREATE TABLE (7.4k rows, 857.0 MiB processed)[0m in 1.99s]
[2025-04-18T21:13:53.799+0000] {subprocess.py:106} INFO - [0m21:13:53  6 of 10 START sql table model db_project_dataset.fact_delays_by_flight_num ..... [RUN]
[2025-04-18T21:13:55.856+0000] {subprocess.py:106} INFO - [0m21:13:55  6 of 10 OK created sql table model db_project_dataset.fact_delays_by_flight_num  [[32mCREATE TABLE (8.1k rows, 2.5 GiB processed)[0m in 2.05s]
[2025-04-18T21:13:55.860+0000] {subprocess.py:106} INFO - [0m21:13:55  7 of 10 START sql table model db_project_dataset.fact_delays_departure_by_airport  [RUN]
[2025-04-18T21:13:57.948+0000] {subprocess.py:106} INFO - [0m21:13:57  7 of 10 OK created sql table model db_project_dataset.fact_delays_departure_by_airport  [[32mCREATE TABLE (1.3k rows, 4.1 GiB processed)[0m in 2.08s]
[2025-04-18T21:13:57.956+0000] {subprocess.py:106} INFO - [0m21:13:57  8 of 10 START sql table model db_project_dataset.fact_departures.by_year ....... [RUN]
[2025-04-18T21:13:58.877+0000] {subprocess.py:106} INFO - [0m21:13:58  BigQuery adapter: https://console.cloud.google.com/bigquery?project=db-project-456518&j=bq:europe-central2:e02ff41d-c354-409d-a3b4-3f09b867d3f6&page=queryresults
[2025-04-18T21:13:58.888+0000] {subprocess.py:106} INFO - [0m21:13:58  8 of 10 ERROR creating sql table model db_project_dataset.fact_departures.by_year  [[31mERROR[0m in 0.93s]
[2025-04-18T21:13:58.893+0000] {subprocess.py:106} INFO - [0m21:13:58  9 of 10 START sql table model db_project_dataset.fact_departures_by_airport_year  [RUN]
[2025-04-18T21:14:00.722+0000] {subprocess.py:106} INFO - [0m21:14:00  9 of 10 OK created sql table model db_project_dataset.fact_departures_by_airport_year  [[32mCREATE TABLE (343.0 rows, 535.6 MiB processed)[0m in 1.83s]
[2025-04-18T21:14:00.728+0000] {subprocess.py:106} INFO - [0m21:14:00  10 of 10 START sql table model db_project_dataset.fact_most_departures_airport . [RUN]
[2025-04-18T21:14:01.955+0000] {subprocess.py:106} INFO - [0m21:14:01  BigQuery adapter: https://console.cloud.google.com/bigquery?project=db-project-456518&j=bq:europe-central2:f74df984-ee74-4e7f-bb29-06563f91d61e&page=queryresults
[2025-04-18T21:14:01.967+0000] {subprocess.py:106} INFO - [0m21:14:01  10 of 10 ERROR creating sql table model db_project_dataset.fact_most_departures_airport  [[31mERROR[0m in 1.24s]
[2025-04-18T21:14:01.972+0000] {subprocess.py:106} INFO - [0m21:14:01
[2025-04-18T21:14:01.973+0000] {subprocess.py:106} INFO - [0m21:14:01  Finished running 9 table models, 1 view model in 0 hours 0 minutes and 22.65 seconds (22.65s).
[2025-04-18T21:14:02.077+0000] {subprocess.py:106} INFO - [0m21:14:02
[2025-04-18T21:14:02.078+0000] {subprocess.py:106} INFO - [0m21:14:02  [31mCompleted with 2 errors and 0 warnings:[0m
[2025-04-18T21:14:02.079+0000] {subprocess.py:106} INFO - [0m21:14:02
[2025-04-18T21:14:02.080+0000] {subprocess.py:106} INFO - [0m21:14:02    Database Error in model fact_departures.by_year (models/marts/fact_departures.by_year.sql)
[2025-04-18T21:14:02.081+0000] {subprocess.py:106} INFO -   Invalid project ID 'db-project-456518.db_project_dataset'. Project IDs must contain 6-63 lowercase letters, digits, or dashes. Some project IDs also include domain name separated by a colon. IDs must start with a letter and may not end with a dash.
[2025-04-18T21:14:02.081+0000] {subprocess.py:106} INFO -   compiled code at target/run/flights_project/models/marts/fact_departures.by_year.sql
[2025-04-18T21:14:02.082+0000] {subprocess.py:106} INFO - [0m21:14:02
[2025-04-18T21:14:02.083+0000] {subprocess.py:106} INFO - [0m21:14:02    Database Error in model fact_most_departures_airport (models/marts/fact_most_departures_airport.sql)
[2025-04-18T21:14:02.083+0000] {subprocess.py:106} INFO -   Name airport not found inside a at [21:85]
[2025-04-18T21:14:02.084+0000] {subprocess.py:106} INFO -   compiled code at target/run/flights_project/models/marts/fact_most_departures_airport.sql
[2025-04-18T21:14:02.084+0000] {subprocess.py:106} INFO - [0m21:14:02
[2025-04-18T21:14:02.085+0000] {subprocess.py:106} INFO - [0m21:14:02  Done. PASS=8 WARN=0 ERROR=2 SKIP=0 TOTAL=10
[2025-04-18T21:14:03.701+0000] {subprocess.py:110} INFO - Command exited with return code 1
[2025-04-18T21:14:03.713+0000] {taskinstance.py:3313} ERROR - Task failed with exception
Traceback (most recent call last):
  File "/home/airflow/.local/lib/python3.12/site-packages/airflow/models/taskinstance.py", line 768, in _execute_task
    result = _execute_callable(context=context, **execute_callable_kwargs)
             ^^^^^^^^^^^^^^^^^^^^^^^^^^^^^^^^^^^^^^^^^^^^^^^^^^^^^^^^^^^^^
  File "/home/airflow/.local/lib/python3.12/site-packages/airflow/models/taskinstance.py", line 734, in _execute_callable
    return ExecutionCallableRunner(
           ^^^^^^^^^^^^^^^^^^^^^^^^
  File "/home/airflow/.local/lib/python3.12/site-packages/airflow/utils/operator_helpers.py", line 252, in run
    return self.func(*args, **kwargs)
           ^^^^^^^^^^^^^^^^^^^^^^^^^^
  File "/home/airflow/.local/lib/python3.12/site-packages/airflow/models/baseoperator.py", line 424, in wrapper
    return func(self, *args, **kwargs)
           ^^^^^^^^^^^^^^^^^^^^^^^^^^^
  File "/home/airflow/.local/lib/python3.12/site-packages/airflow/operators/bash.py", line 276, in execute
    raise AirflowException(
airflow.exceptions.AirflowException: Bash command failed. The command returned a non-zero exit code 1.
[2025-04-18T21:14:03.721+0000] {taskinstance.py:1226} INFO - Marking task as UP_FOR_RETRY. dag_id=run_dbt, task_id=run_dbt_all_models, run_id=manual__2025-04-18T19:56:57.798037+00:00, execution_date=20250418T195657, start_date=20250418T211331, end_date=20250418T211403
[2025-04-18T21:14:03.752+0000] {taskinstance.py:341} INFO - ::group::Post task execution logs
[2025-04-18T21:14:03.753+0000] {standard_task_runner.py:124} ERROR - Failed to execute job 656 for task run_dbt_all_models (Bash command failed. The command returned a non-zero exit code 1.; 47453)
Traceback (most recent call last):
  File "/home/airflow/.local/lib/python3.12/site-packages/airflow/task/task_runner/standard_task_runner.py", line 117, in _start_by_fork
    ret = args.func(args, dag=self.dag)
          ^^^^^^^^^^^^^^^^^^^^^^^^^^^^^
  File "/home/airflow/.local/lib/python3.12/site-packages/airflow/cli/cli_config.py", line 49, in command
    return func(*args, **kwargs)
           ^^^^^^^^^^^^^^^^^^^^^
  File "/home/airflow/.local/lib/python3.12/site-packages/airflow/utils/cli.py", line 116, in wrapper
    return f(*args, **kwargs)
           ^^^^^^^^^^^^^^^^^^
  File "/home/airflow/.local/lib/python3.12/site-packages/airflow/cli/commands/task_command.py", line 483, in task_run
    task_return_code = _run_task_by_selected_method(args, _dag, ti)
                       ^^^^^^^^^^^^^^^^^^^^^^^^^^^^^^^^^^^^^^^^^^^^
  File "/home/airflow/.local/lib/python3.12/site-packages/airflow/cli/commands/task_command.py", line 256, in _run_task_by_selected_method
    return _run_raw_task(args, ti)
           ^^^^^^^^^^^^^^^^^^^^^^^
  File "/home/airflow/.local/lib/python3.12/site-packages/airflow/cli/commands/task_command.py", line 341, in _run_raw_task
    return ti._run_raw_task(
           ^^^^^^^^^^^^^^^^^
  File "/home/airflow/.local/lib/python3.12/site-packages/airflow/utils/session.py", line 97, in wrapper
    return func(*args, session=session, **kwargs)
           ^^^^^^^^^^^^^^^^^^^^^^^^^^^^^^^^^^^^^^
  File "/home/airflow/.local/lib/python3.12/site-packages/airflow/models/taskinstance.py", line 3006, in _run_raw_task
    return _run_raw_task(
           ^^^^^^^^^^^^^^
  File "/home/airflow/.local/lib/python3.12/site-packages/airflow/models/taskinstance.py", line 274, in _run_raw_task
    TaskInstance._execute_task_with_callbacks(
  File "/home/airflow/.local/lib/python3.12/site-packages/airflow/models/taskinstance.py", line 3161, in _execute_task_with_callbacks
    result = self._execute_task(context, task_orig)
             ^^^^^^^^^^^^^^^^^^^^^^^^^^^^^^^^^^^^^^
  File "/home/airflow/.local/lib/python3.12/site-packages/airflow/models/taskinstance.py", line 3185, in _execute_task
    return _execute_task(self, context, task_orig)
           ^^^^^^^^^^^^^^^^^^^^^^^^^^^^^^^^^^^^^^^
  File "/home/airflow/.local/lib/python3.12/site-packages/airflow/models/taskinstance.py", line 768, in _execute_task
    result = _execute_callable(context=context, **execute_callable_kwargs)
             ^^^^^^^^^^^^^^^^^^^^^^^^^^^^^^^^^^^^^^^^^^^^^^^^^^^^^^^^^^^^^
  File "/home/airflow/.local/lib/python3.12/site-packages/airflow/models/taskinstance.py", line 734, in _execute_callable
    return ExecutionCallableRunner(
           ^^^^^^^^^^^^^^^^^^^^^^^^
  File "/home/airflow/.local/lib/python3.12/site-packages/airflow/utils/operator_helpers.py", line 252, in run
    return self.func(*args, **kwargs)
           ^^^^^^^^^^^^^^^^^^^^^^^^^^
  File "/home/airflow/.local/lib/python3.12/site-packages/airflow/models/baseoperator.py", line 424, in wrapper
    return func(self, *args, **kwargs)
           ^^^^^^^^^^^^^^^^^^^^^^^^^^^
  File "/home/airflow/.local/lib/python3.12/site-packages/airflow/operators/bash.py", line 276, in execute
    raise AirflowException(
airflow.exceptions.AirflowException: Bash command failed. The command returned a non-zero exit code 1.
[2025-04-18T21:14:03.783+0000] {local_task_job_runner.py:266} INFO - Task exited with return code 1
[2025-04-18T21:14:03.808+0000] {taskinstance.py:3901} INFO - 0 downstream tasks scheduled from follow-on schedule check
[2025-04-18T21:14:03.811+0000] {local_task_job_runner.py:245} INFO - ::endgroup::
