[2025-04-18T21:11:05.234+0000] {local_task_job_runner.py:123} INFO - ::group::Pre task execution logs
[2025-04-18T21:11:05.260+0000] {taskinstance.py:2614} INFO - Dependencies all met for dep_context=non-requeueable deps ti=<TaskInstance: run_dbt.run_dbt_all_models manual__2025-04-18T19:56:57.798037+00:00 [queued]>
[2025-04-18T21:11:05.273+0000] {taskinstance.py:2614} INFO - Dependencies all met for dep_context=requeueable deps ti=<TaskInstance: run_dbt.run_dbt_all_models manual__2025-04-18T19:56:57.798037+00:00 [queued]>
[2025-04-18T21:11:05.274+0000] {taskinstance.py:2867} INFO - Starting attempt 21 of 22
[2025-04-18T21:11:05.292+0000] {taskinstance.py:2890} INFO - Executing <Task(BashOperator): run_dbt_all_models> on 2025-04-18 19:56:57.798037+00:00
[2025-04-18T21:11:05.303+0000] {logging_mixin.py:190} WARNING - /home/***/.local/lib/python3.12/site-packages/***/task/task_runner/standard_task_runner.py:70 DeprecationWarning: This process (pid=47270) is multi-threaded, use of fork() may lead to deadlocks in the child.
[2025-04-18T21:11:05.304+0000] {standard_task_runner.py:72} INFO - Started process 47271 to run task
[2025-04-18T21:11:05.303+0000] {standard_task_runner.py:104} INFO - Running: ['***', 'tasks', 'run', 'run_dbt', 'run_dbt_all_models', 'manual__2025-04-18T19:56:57.798037+00:00', '--job-id', '655', '--raw', '--subdir', 'DAGS_FOLDER/run_dbt_model.py', '--cfg-path', '/tmp/tmp9ch95nha']
[2025-04-18T21:11:05.306+0000] {standard_task_runner.py:105} INFO - Job 655: Subtask run_dbt_all_models
[2025-04-18T21:11:05.422+0000] {task_command.py:467} INFO - Running <TaskInstance: run_dbt.run_dbt_all_models manual__2025-04-18T19:56:57.798037+00:00 [running]> on host f21ba0bbe878
[2025-04-18T21:11:05.525+0000] {taskinstance.py:3134} INFO - Exporting env vars: AIRFLOW_CTX_DAG_OWNER='***' AIRFLOW_CTX_DAG_ID='run_dbt' AIRFLOW_CTX_TASK_ID='run_dbt_all_models' AIRFLOW_CTX_EXECUTION_DATE='2025-04-18T19:56:57.798037+00:00' AIRFLOW_CTX_TRY_NUMBER='21' AIRFLOW_CTX_DAG_RUN_ID='manual__2025-04-18T19:56:57.798037+00:00'
[2025-04-18T21:11:05.526+0000] {taskinstance.py:732} INFO - ::endgroup::
[2025-04-18T21:11:05.543+0000] {subprocess.py:78} INFO - Tmp dir root location: /tmp
[2025-04-18T21:11:05.544+0000] {subprocess.py:88} INFO - Running command: ['/usr/bin/bash', '-c', 'cd /opt/***/dbt && dbt run']
[2025-04-18T21:11:05.555+0000] {subprocess.py:99} INFO - Output:
[2025-04-18T21:11:08.217+0000] {subprocess.py:106} INFO - [0m21:11:08  Running with dbt=1.8.1
[2025-04-18T21:11:09.519+0000] {subprocess.py:106} INFO - [0m21:11:09  Registered adapter: bigquery=1.8.1
[2025-04-18T21:11:11.686+0000] {subprocess.py:106} INFO - [0m21:11:11  Found 1 seed, 10 models, 1 source, 602 macros
[2025-04-18T21:11:11.692+0000] {subprocess.py:106} INFO - [0m21:11:11
[2025-04-18T21:11:12.501+0000] {subprocess.py:106} INFO - [0m21:11:12  Concurrency: 1 threads (target='dev')
[2025-04-18T21:11:12.503+0000] {subprocess.py:106} INFO - [0m21:11:12
[2025-04-18T21:11:12.518+0000] {subprocess.py:106} INFO - [0m21:11:12  1 of 10 START sql table model db_project_dataset.dim_airports .................. [RUN]
[2025-04-18T21:11:14.756+0000] {subprocess.py:106} INFO - [0m21:11:14  1 of 10 OK created sql table model db_project_dataset.dim_airports ............. [[32mCREATE TABLE (3.4k rows, 141.3 KiB processed)[0m in 2.23s]
[2025-04-18T21:11:14.760+0000] {subprocess.py:106} INFO - [0m21:11:14  2 of 10 START sql view model db_project_dataset.stg_flights .................... [RUN]
[2025-04-18T21:11:15.361+0000] {subprocess.py:106} INFO - [0m21:11:15  2 of 10 OK created sql view model db_project_dataset.stg_flights ............... [[32mCREATE VIEW (0 processed)[0m in 0.60s]
[2025-04-18T21:11:15.366+0000] {subprocess.py:106} INFO - [0m21:11:15  3 of 10 START sql table model db_project_dataset.core_flights .................. [RUN]
[2025-04-18T21:11:21.208+0000] {subprocess.py:106} INFO - [0m21:11:21  3 of 10 OK created sql table model db_project_dataset.core_flights ............. [[32mCREATE TABLE (112.3m rows, 11.7 GiB processed)[0m in 5.84s]
[2025-04-18T21:11:21.214+0000] {subprocess.py:106} INFO - [0m21:11:21  4 of 10 START sql table model db_project_dataset.dim_carriers .................. [RUN]
[2025-04-18T21:11:23.436+0000] {subprocess.py:106} INFO - [0m21:11:23  4 of 10 OK created sql table model db_project_dataset.dim_carriers ............. [[32mCREATE TABLE (29.0 rows, 3.9 GiB processed)[0m in 2.22s]
[2025-04-18T21:11:23.441+0000] {subprocess.py:106} INFO - [0m21:11:23  5 of 10 START sql table model db_project_dataset.dim_dates ..................... [RUN]
[2025-04-18T21:11:24.738+0000] {subprocess.py:106} INFO - [0m21:11:24  BigQuery adapter: https://console.cloud.google.com/bigquery?project=db-project-456518&j=bq:europe-central2:897aa679-417a-4241-9410-2983aa538e62&page=queryresults
[2025-04-18T21:11:24.749+0000] {subprocess.py:106} INFO - [0m21:11:24  5 of 10 ERROR creating sql table model db_project_dataset.dim_dates ............ [[31mERROR[0m in 1.31s]
[2025-04-18T21:11:24.754+0000] {subprocess.py:106} INFO - [0m21:11:24  6 of 10 START sql table model db_project_dataset.fact_delays_by_flight_num ..... [RUN]
[2025-04-18T21:11:26.827+0000] {subprocess.py:106} INFO - [0m21:11:26  6 of 10 OK created sql table model db_project_dataset.fact_delays_by_flight_num  [[32mCREATE TABLE (8.1k rows, 2.5 GiB processed)[0m in 2.07s]
[2025-04-18T21:11:26.832+0000] {subprocess.py:106} INFO - [0m21:11:26  7 of 10 START sql table model db_project_dataset.fact_delays_departure_by_airport  [RUN]
[2025-04-18T21:11:28.933+0000] {subprocess.py:106} INFO - [0m21:11:28  7 of 10 OK created sql table model db_project_dataset.fact_delays_departure_by_airport  [[32mCREATE TABLE (1.3k rows, 4.1 GiB processed)[0m in 2.10s]
[2025-04-18T21:11:28.938+0000] {subprocess.py:106} INFO - [0m21:11:28  8 of 10 START sql table model db_project_dataset.fact_departures.by_year ....... [RUN]
[2025-04-18T21:11:29.578+0000] {subprocess.py:106} INFO - [0m21:11:29  BigQuery adapter: https://console.cloud.google.com/bigquery?project=db-project-456518&j=bq:europe-central2:bbb809f2-26c4-4c29-83f9-713af26fca36&page=queryresults
[2025-04-18T21:11:29.587+0000] {subprocess.py:106} INFO - [0m21:11:29  8 of 10 ERROR creating sql table model db_project_dataset.fact_departures.by_year  [[31mERROR[0m in 0.65s]
[2025-04-18T21:11:29.591+0000] {subprocess.py:106} INFO - [0m21:11:29  9 of 10 START sql table model db_project_dataset.fact_departures_by_airport_year  [RUN]
[2025-04-18T21:11:31.737+0000] {subprocess.py:106} INFO - [0m21:11:31  9 of 10 OK created sql table model db_project_dataset.fact_departures_by_airport_year  [[32mCREATE TABLE (343.0 rows, 535.6 MiB processed)[0m in 2.14s]
[2025-04-18T21:11:31.742+0000] {subprocess.py:106} INFO - [0m21:11:31  10 of 10 START sql table model db_project_dataset.fact_most_departures_airport . [RUN]
[2025-04-18T21:11:32.803+0000] {subprocess.py:106} INFO - [0m21:11:32  BigQuery adapter: https://console.cloud.google.com/bigquery?project=db-project-456518&j=bq:europe-central2:d20cc2c7-08fb-447e-9573-dfaa5500fa99&page=queryresults
[2025-04-18T21:11:32.817+0000] {subprocess.py:106} INFO - [0m21:11:32  10 of 10 ERROR creating sql table model db_project_dataset.fact_most_departures_airport  [[31mERROR[0m in 1.07s]
[2025-04-18T21:11:32.822+0000] {subprocess.py:106} INFO - [0m21:11:32
[2025-04-18T21:11:32.824+0000] {subprocess.py:106} INFO - [0m21:11:32  Finished running 9 table models, 1 view model in 0 hours 0 minutes and 21.13 seconds (21.13s).
[2025-04-18T21:11:32.951+0000] {subprocess.py:106} INFO - [0m21:11:32
[2025-04-18T21:11:32.952+0000] {subprocess.py:106} INFO - [0m21:11:32  [31mCompleted with 3 errors and 0 warnings:[0m
[2025-04-18T21:11:32.954+0000] {subprocess.py:106} INFO - [0m21:11:32
[2025-04-18T21:11:32.956+0000] {subprocess.py:106} INFO - [0m21:11:32    Database Error in model dim_dates (models/marts/dim_dates.sql)
[2025-04-18T21:11:32.958+0000] {subprocess.py:106} INFO -   Function not found: dayofweek at [28:15]
[2025-04-18T21:11:32.959+0000] {subprocess.py:106} INFO -   compiled code at target/run/flights_project/models/marts/dim_dates.sql
[2025-04-18T21:11:32.960+0000] {subprocess.py:106} INFO - [0m21:11:32
[2025-04-18T21:11:32.963+0000] {subprocess.py:106} INFO - [0m21:11:32    Database Error in model fact_departures.by_year (models/marts/fact_departures.by_year.sql)
[2025-04-18T21:11:32.964+0000] {subprocess.py:106} INFO -   Invalid project ID 'db-project-456518.db_project_dataset'. Project IDs must contain 6-63 lowercase letters, digits, or dashes. Some project IDs also include domain name separated by a colon. IDs must start with a letter and may not end with a dash.
[2025-04-18T21:11:32.965+0000] {subprocess.py:106} INFO -   compiled code at target/run/flights_project/models/marts/fact_departures.by_year.sql
[2025-04-18T21:11:32.965+0000] {subprocess.py:106} INFO - [0m21:11:32
[2025-04-18T21:11:32.966+0000] {subprocess.py:106} INFO - [0m21:11:32    Database Error in model fact_most_departures_airport (models/marts/fact_most_departures_airport.sql)
[2025-04-18T21:11:32.967+0000] {subprocess.py:106} INFO -   Name airport not found inside a at [21:85]
[2025-04-18T21:11:32.968+0000] {subprocess.py:106} INFO -   compiled code at target/run/flights_project/models/marts/fact_most_departures_airport.sql
[2025-04-18T21:11:32.969+0000] {subprocess.py:106} INFO - [0m21:11:32
[2025-04-18T21:11:32.970+0000] {subprocess.py:106} INFO - [0m21:11:32  Done. PASS=7 WARN=0 ERROR=3 SKIP=0 TOTAL=10
[2025-04-18T21:11:34.256+0000] {subprocess.py:110} INFO - Command exited with return code 1
[2025-04-18T21:11:34.269+0000] {taskinstance.py:3313} ERROR - Task failed with exception
Traceback (most recent call last):
  File "/home/airflow/.local/lib/python3.12/site-packages/airflow/models/taskinstance.py", line 768, in _execute_task
    result = _execute_callable(context=context, **execute_callable_kwargs)
             ^^^^^^^^^^^^^^^^^^^^^^^^^^^^^^^^^^^^^^^^^^^^^^^^^^^^^^^^^^^^^
  File "/home/airflow/.local/lib/python3.12/site-packages/airflow/models/taskinstance.py", line 734, in _execute_callable
    return ExecutionCallableRunner(
           ^^^^^^^^^^^^^^^^^^^^^^^^
  File "/home/airflow/.local/lib/python3.12/site-packages/airflow/utils/operator_helpers.py", line 252, in run
    return self.func(*args, **kwargs)
           ^^^^^^^^^^^^^^^^^^^^^^^^^^
  File "/home/airflow/.local/lib/python3.12/site-packages/airflow/models/baseoperator.py", line 424, in wrapper
    return func(self, *args, **kwargs)
           ^^^^^^^^^^^^^^^^^^^^^^^^^^^
  File "/home/airflow/.local/lib/python3.12/site-packages/airflow/operators/bash.py", line 276, in execute
    raise AirflowException(
airflow.exceptions.AirflowException: Bash command failed. The command returned a non-zero exit code 1.
[2025-04-18T21:11:34.279+0000] {taskinstance.py:1226} INFO - Marking task as UP_FOR_RETRY. dag_id=run_dbt, task_id=run_dbt_all_models, run_id=manual__2025-04-18T19:56:57.798037+00:00, execution_date=20250418T195657, start_date=20250418T211105, end_date=20250418T211134
[2025-04-18T21:11:34.311+0000] {taskinstance.py:341} INFO - ::group::Post task execution logs
[2025-04-18T21:11:34.312+0000] {standard_task_runner.py:124} ERROR - Failed to execute job 655 for task run_dbt_all_models (Bash command failed. The command returned a non-zero exit code 1.; 47271)
Traceback (most recent call last):
  File "/home/airflow/.local/lib/python3.12/site-packages/airflow/task/task_runner/standard_task_runner.py", line 117, in _start_by_fork
    ret = args.func(args, dag=self.dag)
          ^^^^^^^^^^^^^^^^^^^^^^^^^^^^^
  File "/home/airflow/.local/lib/python3.12/site-packages/airflow/cli/cli_config.py", line 49, in command
    return func(*args, **kwargs)
           ^^^^^^^^^^^^^^^^^^^^^
  File "/home/airflow/.local/lib/python3.12/site-packages/airflow/utils/cli.py", line 116, in wrapper
    return f(*args, **kwargs)
           ^^^^^^^^^^^^^^^^^^
  File "/home/airflow/.local/lib/python3.12/site-packages/airflow/cli/commands/task_command.py", line 483, in task_run
    task_return_code = _run_task_by_selected_method(args, _dag, ti)
                       ^^^^^^^^^^^^^^^^^^^^^^^^^^^^^^^^^^^^^^^^^^^^
  File "/home/airflow/.local/lib/python3.12/site-packages/airflow/cli/commands/task_command.py", line 256, in _run_task_by_selected_method
    return _run_raw_task(args, ti)
           ^^^^^^^^^^^^^^^^^^^^^^^
  File "/home/airflow/.local/lib/python3.12/site-packages/airflow/cli/commands/task_command.py", line 341, in _run_raw_task
    return ti._run_raw_task(
           ^^^^^^^^^^^^^^^^^
  File "/home/airflow/.local/lib/python3.12/site-packages/airflow/utils/session.py", line 97, in wrapper
    return func(*args, session=session, **kwargs)
           ^^^^^^^^^^^^^^^^^^^^^^^^^^^^^^^^^^^^^^
  File "/home/airflow/.local/lib/python3.12/site-packages/airflow/models/taskinstance.py", line 3006, in _run_raw_task
    return _run_raw_task(
           ^^^^^^^^^^^^^^
  File "/home/airflow/.local/lib/python3.12/site-packages/airflow/models/taskinstance.py", line 274, in _run_raw_task
    TaskInstance._execute_task_with_callbacks(
  File "/home/airflow/.local/lib/python3.12/site-packages/airflow/models/taskinstance.py", line 3161, in _execute_task_with_callbacks
    result = self._execute_task(context, task_orig)
             ^^^^^^^^^^^^^^^^^^^^^^^^^^^^^^^^^^^^^^
  File "/home/airflow/.local/lib/python3.12/site-packages/airflow/models/taskinstance.py", line 3185, in _execute_task
    return _execute_task(self, context, task_orig)
           ^^^^^^^^^^^^^^^^^^^^^^^^^^^^^^^^^^^^^^^
  File "/home/airflow/.local/lib/python3.12/site-packages/airflow/models/taskinstance.py", line 768, in _execute_task
    result = _execute_callable(context=context, **execute_callable_kwargs)
             ^^^^^^^^^^^^^^^^^^^^^^^^^^^^^^^^^^^^^^^^^^^^^^^^^^^^^^^^^^^^^
  File "/home/airflow/.local/lib/python3.12/site-packages/airflow/models/taskinstance.py", line 734, in _execute_callable
    return ExecutionCallableRunner(
           ^^^^^^^^^^^^^^^^^^^^^^^^
  File "/home/airflow/.local/lib/python3.12/site-packages/airflow/utils/operator_helpers.py", line 252, in run
    return self.func(*args, **kwargs)
           ^^^^^^^^^^^^^^^^^^^^^^^^^^
  File "/home/airflow/.local/lib/python3.12/site-packages/airflow/models/baseoperator.py", line 424, in wrapper
    return func(self, *args, **kwargs)
           ^^^^^^^^^^^^^^^^^^^^^^^^^^^
  File "/home/airflow/.local/lib/python3.12/site-packages/airflow/operators/bash.py", line 276, in execute
    raise AirflowException(
airflow.exceptions.AirflowException: Bash command failed. The command returned a non-zero exit code 1.
[2025-04-18T21:11:34.335+0000] {local_task_job_runner.py:266} INFO - Task exited with return code 1
[2025-04-18T21:11:34.361+0000] {taskinstance.py:3901} INFO - 0 downstream tasks scheduled from follow-on schedule check
[2025-04-18T21:11:34.364+0000] {local_task_job_runner.py:245} INFO - ::endgroup::
