[2025-04-18T20:30:04.114+0000] {local_task_job_runner.py:123} INFO - ::group::Pre task execution logs
[2025-04-18T20:30:04.155+0000] {taskinstance.py:2614} INFO - Dependencies all met for dep_context=non-requeueable deps ti=<TaskInstance: run_dbt.run_dbt_all_models manual__2025-04-18T19:56:57.798037+00:00 [queued]>
[2025-04-18T20:30:04.168+0000] {taskinstance.py:2614} INFO - Dependencies all met for dep_context=requeueable deps ti=<TaskInstance: run_dbt.run_dbt_all_models manual__2025-04-18T19:56:57.798037+00:00 [queued]>
[2025-04-18T20:30:04.169+0000] {taskinstance.py:2867} INFO - Starting attempt 6 of 7
[2025-04-18T20:30:04.187+0000] {taskinstance.py:2890} INFO - Executing <Task(BashOperator): run_dbt_all_models> on 2025-04-18 19:56:57.798037+00:00
[2025-04-18T20:30:04.197+0000] {logging_mixin.py:190} WARNING - /home/***/.local/lib/python3.12/site-packages/***/task/task_runner/standard_task_runner.py:70 DeprecationWarning: This process (pid=44253) is multi-threaded, use of fork() may lead to deadlocks in the child.
[2025-04-18T20:30:04.199+0000] {standard_task_runner.py:72} INFO - Started process 44254 to run task
[2025-04-18T20:30:04.197+0000] {standard_task_runner.py:104} INFO - Running: ['***', 'tasks', 'run', 'run_dbt', 'run_dbt_all_models', 'manual__2025-04-18T19:56:57.798037+00:00', '--job-id', '637', '--raw', '--subdir', 'DAGS_FOLDER/run_dbt_model.py', '--cfg-path', '/tmp/tmptga6nx7w']
[2025-04-18T20:30:04.200+0000] {standard_task_runner.py:105} INFO - Job 637: Subtask run_dbt_all_models
[2025-04-18T20:30:04.265+0000] {task_command.py:467} INFO - Running <TaskInstance: run_dbt.run_dbt_all_models manual__2025-04-18T19:56:57.798037+00:00 [running]> on host f21ba0bbe878
[2025-04-18T20:30:04.387+0000] {taskinstance.py:3134} INFO - Exporting env vars: AIRFLOW_CTX_DAG_OWNER='***' AIRFLOW_CTX_DAG_ID='run_dbt' AIRFLOW_CTX_TASK_ID='run_dbt_all_models' AIRFLOW_CTX_EXECUTION_DATE='2025-04-18T19:56:57.798037+00:00' AIRFLOW_CTX_TRY_NUMBER='6' AIRFLOW_CTX_DAG_RUN_ID='manual__2025-04-18T19:56:57.798037+00:00'
[2025-04-18T20:30:04.388+0000] {taskinstance.py:732} INFO - ::endgroup::
[2025-04-18T20:30:04.407+0000] {subprocess.py:78} INFO - Tmp dir root location: /tmp
[2025-04-18T20:30:04.409+0000] {subprocess.py:88} INFO - Running command: ['/usr/bin/bash', '-c', 'cd /opt/***/dbt && dbt run']
[2025-04-18T20:30:04.420+0000] {subprocess.py:99} INFO - Output:
[2025-04-18T20:30:08.437+0000] {subprocess.py:106} INFO - [0m20:30:08  Running with dbt=1.8.1
[2025-04-18T20:30:10.725+0000] {subprocess.py:106} INFO - [0m20:30:10  Registered adapter: bigquery=1.8.1
[2025-04-18T20:30:12.862+0000] {subprocess.py:106} INFO - [0m20:30:12  Found 10 models, 1 seed, 1 source, 602 macros
[2025-04-18T20:30:12.867+0000] {subprocess.py:106} INFO - [0m20:30:12
[2025-04-18T20:30:13.670+0000] {subprocess.py:106} INFO - [0m20:30:13  Concurrency: 1 threads (target='dev')
[2025-04-18T20:30:13.671+0000] {subprocess.py:106} INFO - [0m20:30:13
[2025-04-18T20:30:13.687+0000] {subprocess.py:106} INFO - [0m20:30:13  1 of 10 START sql table model db_project_dataset.dim_airports .................. [RUN]
[2025-04-18T20:30:16.587+0000] {subprocess.py:106} INFO - [0m20:30:16  1 of 10 OK created sql table model db_project_dataset.dim_airports ............. [[32mCREATE TABLE (3.4k rows, 141.3 KiB processed)[0m in 2.90s]
[2025-04-18T20:30:16.591+0000] {subprocess.py:106} INFO - [0m20:30:16  2 of 10 START sql view model db_project_dataset.stg_flights .................... [RUN]
[2025-04-18T20:30:17.444+0000] {subprocess.py:106} INFO - [0m20:30:17  2 of 10 OK created sql view model db_project_dataset.stg_flights ............... [[32mCREATE VIEW (0 processed)[0m in 0.85s]
[2025-04-18T20:30:17.451+0000] {subprocess.py:106} INFO - [0m20:30:17  3 of 10 START sql table model db_project_dataset.core_flights .................. [RUN]
[2025-04-18T20:30:19.553+0000] {subprocess.py:106} INFO - [0m20:30:19  BigQuery adapter: https://console.cloud.google.com/bigquery?project=db-project-456518&j=bq:US:ce368097-aa77-4acc-92e4-b8ef861c43c0&page=queryresults
[2025-04-18T20:30:19.564+0000] {subprocess.py:106} INFO - [0m20:30:19  3 of 10 ERROR creating sql table model db_project_dataset.core_flights ......... [[31mERROR[0m in 2.11s]
[2025-04-18T20:30:19.569+0000] {subprocess.py:106} INFO - [0m20:30:19  4 of 10 SKIP relation db_project_dataset.dim_carriers .......................... [[33mSKIP[0m]
[2025-04-18T20:30:19.572+0000] {subprocess.py:106} INFO - [0m20:30:19  5 of 10 SKIP relation db_project_dataset.dim_dates ............................. [[33mSKIP[0m]
[2025-04-18T20:30:19.575+0000] {subprocess.py:106} INFO - [0m20:30:19  6 of 10 SKIP relation db_project_dataset.fact_delays_by_flight_num ............. [[33mSKIP[0m]
[2025-04-18T20:30:19.578+0000] {subprocess.py:106} INFO - [0m20:30:19  7 of 10 SKIP relation db_project_dataset.fact_delays_departure_by_airport ...... [[33mSKIP[0m]
[2025-04-18T20:30:19.582+0000] {subprocess.py:106} INFO - [0m20:30:19  8 of 10 SKIP relation db_project_dataset.fact_departures.by_year ............... [[33mSKIP[0m]
[2025-04-18T20:30:19.585+0000] {subprocess.py:106} INFO - [0m20:30:19  9 of 10 SKIP relation db_project_dataset.fact_departures_by_airport_year ....... [[33mSKIP[0m]
[2025-04-18T20:30:19.588+0000] {subprocess.py:106} INFO - [0m20:30:19  10 of 10 SKIP relation db_project_dataset.fact_most_departures_airport ......... [[33mSKIP[0m]
[2025-04-18T20:30:19.594+0000] {subprocess.py:106} INFO - [0m20:30:19
[2025-04-18T20:30:19.595+0000] {subprocess.py:106} INFO - [0m20:30:19  Finished running 9 table models, 1 view model in 0 hours 0 minutes and 6.73 seconds (6.73s).
[2025-04-18T20:30:19.695+0000] {subprocess.py:106} INFO - [0m20:30:19
[2025-04-18T20:30:19.696+0000] {subprocess.py:106} INFO - [0m20:30:19  [31mCompleted with 1 error and 0 warnings:[0m
[2025-04-18T20:30:19.698+0000] {subprocess.py:106} INFO - [0m20:30:19
[2025-04-18T20:30:19.699+0000] {subprocess.py:106} INFO - [0m20:30:19    Database Error in model core_flights (models/core/core_flights.sql)
[2025-04-18T20:30:19.700+0000] {subprocess.py:106} INFO -   Syntax error: Expected ")" but got keyword AS at [35:2]
[2025-04-18T20:30:19.700+0000] {subprocess.py:106} INFO -   compiled code at target/run/flights_project/models/core/core_flights.sql
[2025-04-18T20:30:19.701+0000] {subprocess.py:106} INFO - [0m20:30:19
[2025-04-18T20:30:19.702+0000] {subprocess.py:106} INFO - [0m20:30:19  Done. PASS=2 WARN=0 ERROR=1 SKIP=7 TOTAL=10
[2025-04-18T20:30:21.793+0000] {subprocess.py:110} INFO - Command exited with return code 1
[2025-04-18T20:30:21.813+0000] {taskinstance.py:3313} ERROR - Task failed with exception
Traceback (most recent call last):
  File "/home/airflow/.local/lib/python3.12/site-packages/airflow/models/taskinstance.py", line 768, in _execute_task
    result = _execute_callable(context=context, **execute_callable_kwargs)
             ^^^^^^^^^^^^^^^^^^^^^^^^^^^^^^^^^^^^^^^^^^^^^^^^^^^^^^^^^^^^^
  File "/home/airflow/.local/lib/python3.12/site-packages/airflow/models/taskinstance.py", line 734, in _execute_callable
    return ExecutionCallableRunner(
           ^^^^^^^^^^^^^^^^^^^^^^^^
  File "/home/airflow/.local/lib/python3.12/site-packages/airflow/utils/operator_helpers.py", line 252, in run
    return self.func(*args, **kwargs)
           ^^^^^^^^^^^^^^^^^^^^^^^^^^
  File "/home/airflow/.local/lib/python3.12/site-packages/airflow/models/baseoperator.py", line 424, in wrapper
    return func(self, *args, **kwargs)
           ^^^^^^^^^^^^^^^^^^^^^^^^^^^
  File "/home/airflow/.local/lib/python3.12/site-packages/airflow/operators/bash.py", line 276, in execute
    raise AirflowException(
airflow.exceptions.AirflowException: Bash command failed. The command returned a non-zero exit code 1.
[2025-04-18T20:30:21.831+0000] {taskinstance.py:1226} INFO - Marking task as UP_FOR_RETRY. dag_id=run_dbt, task_id=run_dbt_all_models, run_id=manual__2025-04-18T19:56:57.798037+00:00, execution_date=20250418T195657, start_date=20250418T203004, end_date=20250418T203021
[2025-04-18T20:30:21.900+0000] {taskinstance.py:341} INFO - ::group::Post task execution logs
[2025-04-18T20:30:21.902+0000] {standard_task_runner.py:124} ERROR - Failed to execute job 637 for task run_dbt_all_models (Bash command failed. The command returned a non-zero exit code 1.; 44254)
Traceback (most recent call last):
  File "/home/airflow/.local/lib/python3.12/site-packages/airflow/task/task_runner/standard_task_runner.py", line 117, in _start_by_fork
    ret = args.func(args, dag=self.dag)
          ^^^^^^^^^^^^^^^^^^^^^^^^^^^^^
  File "/home/airflow/.local/lib/python3.12/site-packages/airflow/cli/cli_config.py", line 49, in command
    return func(*args, **kwargs)
           ^^^^^^^^^^^^^^^^^^^^^
  File "/home/airflow/.local/lib/python3.12/site-packages/airflow/utils/cli.py", line 116, in wrapper
    return f(*args, **kwargs)
           ^^^^^^^^^^^^^^^^^^
  File "/home/airflow/.local/lib/python3.12/site-packages/airflow/cli/commands/task_command.py", line 483, in task_run
    task_return_code = _run_task_by_selected_method(args, _dag, ti)
                       ^^^^^^^^^^^^^^^^^^^^^^^^^^^^^^^^^^^^^^^^^^^^
  File "/home/airflow/.local/lib/python3.12/site-packages/airflow/cli/commands/task_command.py", line 256, in _run_task_by_selected_method
    return _run_raw_task(args, ti)
           ^^^^^^^^^^^^^^^^^^^^^^^
  File "/home/airflow/.local/lib/python3.12/site-packages/airflow/cli/commands/task_command.py", line 341, in _run_raw_task
    return ti._run_raw_task(
           ^^^^^^^^^^^^^^^^^
  File "/home/airflow/.local/lib/python3.12/site-packages/airflow/utils/session.py", line 97, in wrapper
    return func(*args, session=session, **kwargs)
           ^^^^^^^^^^^^^^^^^^^^^^^^^^^^^^^^^^^^^^
  File "/home/airflow/.local/lib/python3.12/site-packages/airflow/models/taskinstance.py", line 3006, in _run_raw_task
    return _run_raw_task(
           ^^^^^^^^^^^^^^
  File "/home/airflow/.local/lib/python3.12/site-packages/airflow/models/taskinstance.py", line 274, in _run_raw_task
    TaskInstance._execute_task_with_callbacks(
  File "/home/airflow/.local/lib/python3.12/site-packages/airflow/models/taskinstance.py", line 3161, in _execute_task_with_callbacks
    result = self._execute_task(context, task_orig)
             ^^^^^^^^^^^^^^^^^^^^^^^^^^^^^^^^^^^^^^
  File "/home/airflow/.local/lib/python3.12/site-packages/airflow/models/taskinstance.py", line 3185, in _execute_task
    return _execute_task(self, context, task_orig)
           ^^^^^^^^^^^^^^^^^^^^^^^^^^^^^^^^^^^^^^^
  File "/home/airflow/.local/lib/python3.12/site-packages/airflow/models/taskinstance.py", line 768, in _execute_task
    result = _execute_callable(context=context, **execute_callable_kwargs)
             ^^^^^^^^^^^^^^^^^^^^^^^^^^^^^^^^^^^^^^^^^^^^^^^^^^^^^^^^^^^^^
  File "/home/airflow/.local/lib/python3.12/site-packages/airflow/models/taskinstance.py", line 734, in _execute_callable
    return ExecutionCallableRunner(
           ^^^^^^^^^^^^^^^^^^^^^^^^
  File "/home/airflow/.local/lib/python3.12/site-packages/airflow/utils/operator_helpers.py", line 252, in run
    return self.func(*args, **kwargs)
           ^^^^^^^^^^^^^^^^^^^^^^^^^^
  File "/home/airflow/.local/lib/python3.12/site-packages/airflow/models/baseoperator.py", line 424, in wrapper
    return func(self, *args, **kwargs)
           ^^^^^^^^^^^^^^^^^^^^^^^^^^^
  File "/home/airflow/.local/lib/python3.12/site-packages/airflow/operators/bash.py", line 276, in execute
    raise AirflowException(
airflow.exceptions.AirflowException: Bash command failed. The command returned a non-zero exit code 1.
[2025-04-18T20:30:21.923+0000] {local_task_job_runner.py:266} INFO - Task exited with return code 1
[2025-04-18T20:30:21.982+0000] {taskinstance.py:3901} INFO - 0 downstream tasks scheduled from follow-on schedule check
[2025-04-18T20:30:21.984+0000] {local_task_job_runner.py:245} INFO - ::endgroup::
