[2025-04-18T21:19:18.579+0000] {local_task_job_runner.py:123} INFO - ::group::Pre task execution logs
[2025-04-18T21:19:18.608+0000] {taskinstance.py:2614} INFO - Dependencies all met for dep_context=non-requeueable deps ti=<TaskInstance: run_dbt.run_dbt_all_models manual__2025-04-18T19:56:57.798037+00:00 [queued]>
[2025-04-18T21:19:18.620+0000] {taskinstance.py:2614} INFO - Dependencies all met for dep_context=requeueable deps ti=<TaskInstance: run_dbt.run_dbt_all_models manual__2025-04-18T19:56:57.798037+00:00 [queued]>
[2025-04-18T21:19:18.621+0000] {taskinstance.py:2867} INFO - Starting attempt 24 of 25
[2025-04-18T21:19:18.636+0000] {taskinstance.py:2890} INFO - Executing <Task(BashOperator): run_dbt_all_models> on 2025-04-18 19:56:57.798037+00:00
[2025-04-18T21:19:18.647+0000] {logging_mixin.py:190} WARNING - /home/***/.local/lib/python3.12/site-packages/***/task/task_runner/standard_task_runner.py:70 DeprecationWarning: This process (pid=47877) is multi-threaded, use of fork() may lead to deadlocks in the child.
[2025-04-18T21:19:18.646+0000] {standard_task_runner.py:104} INFO - Running: ['***', 'tasks', 'run', 'run_dbt', 'run_dbt_all_models', 'manual__2025-04-18T19:56:57.798037+00:00', '--job-id', '658', '--raw', '--subdir', 'DAGS_FOLDER/run_dbt_model.py', '--cfg-path', '/tmp/tmpufrgjdw1']
[2025-04-18T21:19:18.648+0000] {standard_task_runner.py:72} INFO - Started process 47878 to run task
[2025-04-18T21:19:18.649+0000] {standard_task_runner.py:105} INFO - Job 658: Subtask run_dbt_all_models
[2025-04-18T21:19:18.704+0000] {task_command.py:467} INFO - Running <TaskInstance: run_dbt.run_dbt_all_models manual__2025-04-18T19:56:57.798037+00:00 [running]> on host f21ba0bbe878
[2025-04-18T21:19:18.790+0000] {taskinstance.py:3134} INFO - Exporting env vars: AIRFLOW_CTX_DAG_OWNER='***' AIRFLOW_CTX_DAG_ID='run_dbt' AIRFLOW_CTX_TASK_ID='run_dbt_all_models' AIRFLOW_CTX_EXECUTION_DATE='2025-04-18T19:56:57.798037+00:00' AIRFLOW_CTX_TRY_NUMBER='24' AIRFLOW_CTX_DAG_RUN_ID='manual__2025-04-18T19:56:57.798037+00:00'
[2025-04-18T21:19:18.791+0000] {taskinstance.py:732} INFO - ::endgroup::
[2025-04-18T21:19:18.808+0000] {subprocess.py:78} INFO - Tmp dir root location: /tmp
[2025-04-18T21:19:18.810+0000] {subprocess.py:88} INFO - Running command: ['/usr/bin/bash', '-c', 'cd /opt/***/dbt && dbt run']
[2025-04-18T21:19:18.820+0000] {subprocess.py:99} INFO - Output:
[2025-04-18T21:19:23.330+0000] {subprocess.py:106} INFO - [0m21:19:23  Running with dbt=1.8.1
[2025-04-18T21:19:26.865+0000] {subprocess.py:106} INFO - [0m21:19:26  Registered adapter: bigquery=1.8.1
[2025-04-18T21:19:29.335+0000] {subprocess.py:106} INFO - [0m21:19:29  Found 1 seed, 10 models, 1 source, 602 macros
[2025-04-18T21:19:29.340+0000] {subprocess.py:106} INFO - [0m21:19:29
[2025-04-18T21:19:30.308+0000] {subprocess.py:106} INFO - [0m21:19:30  Concurrency: 1 threads (target='dev')
[2025-04-18T21:19:30.310+0000] {subprocess.py:106} INFO - [0m21:19:30
[2025-04-18T21:19:30.338+0000] {subprocess.py:106} INFO - [0m21:19:30  1 of 10 START sql table model db_project_dataset.dim_airports .................. [RUN]
[2025-04-18T21:19:32.378+0000] {subprocess.py:106} INFO - [0m21:19:32  1 of 10 OK created sql table model db_project_dataset.dim_airports ............. [[32mCREATE TABLE (3.4k rows, 141.3 KiB processed)[0m in 2.04s]
[2025-04-18T21:19:32.383+0000] {subprocess.py:106} INFO - [0m21:19:32  2 of 10 START sql view model db_project_dataset.stg_flights .................... [RUN]
[2025-04-18T21:19:32.992+0000] {subprocess.py:106} INFO - [0m21:19:32  2 of 10 OK created sql view model db_project_dataset.stg_flights ............... [[32mCREATE VIEW (0 processed)[0m in 0.61s]
[2025-04-18T21:19:32.997+0000] {subprocess.py:106} INFO - [0m21:19:32  3 of 10 START sql table model db_project_dataset.core_flights .................. [RUN]
[2025-04-18T21:19:38.433+0000] {subprocess.py:106} INFO - [0m21:19:38  3 of 10 OK created sql table model db_project_dataset.core_flights ............. [[32mCREATE TABLE (112.3m rows, 11.7 GiB processed)[0m in 5.43s]
[2025-04-18T21:19:38.440+0000] {subprocess.py:106} INFO - [0m21:19:38  4 of 10 START sql table model db_project_dataset.dim_carriers .................. [RUN]
[2025-04-18T21:19:40.583+0000] {subprocess.py:106} INFO - [0m21:19:40  4 of 10 OK created sql table model db_project_dataset.dim_carriers ............. [[32mCREATE TABLE (29.0 rows, 3.9 GiB processed)[0m in 2.14s]
[2025-04-18T21:19:40.587+0000] {subprocess.py:106} INFO - [0m21:19:40  5 of 10 START sql table model db_project_dataset.dim_dates ..................... [RUN]
[2025-04-18T21:19:42.787+0000] {subprocess.py:106} INFO - [0m21:19:42  5 of 10 OK created sql table model db_project_dataset.dim_dates ................ [[32mCREATE TABLE (7.4k rows, 857.0 MiB processed)[0m in 2.20s]
[2025-04-18T21:19:42.794+0000] {subprocess.py:106} INFO - [0m21:19:42  6 of 10 START sql table model db_project_dataset.fact_delays_by_flight_num ..... [RUN]
[2025-04-18T21:19:44.900+0000] {subprocess.py:106} INFO - [0m21:19:44  6 of 10 OK created sql table model db_project_dataset.fact_delays_by_flight_num  [[32mCREATE TABLE (8.1k rows, 2.5 GiB processed)[0m in 2.10s]
[2025-04-18T21:19:44.904+0000] {subprocess.py:106} INFO - [0m21:19:44  7 of 10 START sql table model db_project_dataset.fact_delays_departure_by_airport  [RUN]
[2025-04-18T21:19:47.094+0000] {subprocess.py:106} INFO - [0m21:19:47  7 of 10 OK created sql table model db_project_dataset.fact_delays_departure_by_airport  [[32mCREATE TABLE (1.3k rows, 4.1 GiB processed)[0m in 2.19s]
[2025-04-18T21:19:47.098+0000] {subprocess.py:106} INFO - [0m21:19:47  8 of 10 START sql table model db_project_dataset.fact_departures.by_year ....... [RUN]
[2025-04-18T21:19:48.450+0000] {subprocess.py:106} INFO - [0m21:19:48  BigQuery adapter: https://console.cloud.google.com/bigquery?project=db-project-456518&j=bq:europe-central2:d6bb7aaf-8d34-4c51-9c9f-5f255ba32898&page=queryresults
[2025-04-18T21:19:48.463+0000] {subprocess.py:106} INFO - [0m21:19:48  8 of 10 ERROR creating sql table model db_project_dataset.fact_departures.by_year  [[31mERROR[0m in 1.36s]
[2025-04-18T21:19:48.469+0000] {subprocess.py:106} INFO - [0m21:19:48  9 of 10 START sql table model db_project_dataset.fact_departures_by_airport_year  [RUN]
[2025-04-18T21:19:50.582+0000] {subprocess.py:106} INFO - [0m21:19:50  9 of 10 OK created sql table model db_project_dataset.fact_departures_by_airport_year  [[32mCREATE TABLE (343.0 rows, 535.6 MiB processed)[0m in 2.11s]
[2025-04-18T21:19:50.587+0000] {subprocess.py:106} INFO - [0m21:19:50  10 of 10 START sql table model db_project_dataset.fact_most_departures_airport . [RUN]
[2025-04-18T21:19:52.921+0000] {subprocess.py:106} INFO - [0m21:19:52  10 of 10 OK created sql table model db_project_dataset.fact_most_departures_airport  [[32mCREATE TABLE (352.0 rows, 2.7 GiB processed)[0m in 2.33s]
[2025-04-18T21:19:52.929+0000] {subprocess.py:106} INFO - [0m21:19:52
[2025-04-18T21:19:52.931+0000] {subprocess.py:106} INFO - [0m21:19:52  Finished running 9 table models, 1 view model in 0 hours 0 minutes and 23.59 seconds (23.59s).
[2025-04-18T21:19:53.078+0000] {subprocess.py:106} INFO - [0m21:19:53
[2025-04-18T21:19:53.080+0000] {subprocess.py:106} INFO - [0m21:19:53  [31mCompleted with 1 error and 0 warnings:[0m
[2025-04-18T21:19:53.081+0000] {subprocess.py:106} INFO - [0m21:19:53
[2025-04-18T21:19:53.083+0000] {subprocess.py:106} INFO - [0m21:19:53    Database Error in model fact_departures.by_year (models/marts/fact_departures.by_year.sql)
[2025-04-18T21:19:53.085+0000] {subprocess.py:106} INFO -   Invalid project ID 'db-project-456518.db_project_dataset'. Project IDs must contain 6-63 lowercase letters, digits, or dashes. Some project IDs also include domain name separated by a colon. IDs must start with a letter and may not end with a dash.
[2025-04-18T21:19:53.087+0000] {subprocess.py:106} INFO -   compiled code at target/run/flights_project/models/marts/fact_departures.by_year.sql
[2025-04-18T21:19:53.090+0000] {subprocess.py:106} INFO - [0m21:19:53
[2025-04-18T21:19:53.092+0000] {subprocess.py:106} INFO - [0m21:19:53  Done. PASS=9 WARN=0 ERROR=1 SKIP=0 TOTAL=10
[2025-04-18T21:19:55.643+0000] {subprocess.py:110} INFO - Command exited with return code 1
[2025-04-18T21:19:55.665+0000] {taskinstance.py:3313} ERROR - Task failed with exception
Traceback (most recent call last):
  File "/home/airflow/.local/lib/python3.12/site-packages/airflow/models/taskinstance.py", line 768, in _execute_task
    result = _execute_callable(context=context, **execute_callable_kwargs)
             ^^^^^^^^^^^^^^^^^^^^^^^^^^^^^^^^^^^^^^^^^^^^^^^^^^^^^^^^^^^^^
  File "/home/airflow/.local/lib/python3.12/site-packages/airflow/models/taskinstance.py", line 734, in _execute_callable
    return ExecutionCallableRunner(
           ^^^^^^^^^^^^^^^^^^^^^^^^
  File "/home/airflow/.local/lib/python3.12/site-packages/airflow/utils/operator_helpers.py", line 252, in run
    return self.func(*args, **kwargs)
           ^^^^^^^^^^^^^^^^^^^^^^^^^^
  File "/home/airflow/.local/lib/python3.12/site-packages/airflow/models/baseoperator.py", line 424, in wrapper
    return func(self, *args, **kwargs)
           ^^^^^^^^^^^^^^^^^^^^^^^^^^^
  File "/home/airflow/.local/lib/python3.12/site-packages/airflow/operators/bash.py", line 276, in execute
    raise AirflowException(
airflow.exceptions.AirflowException: Bash command failed. The command returned a non-zero exit code 1.
[2025-04-18T21:19:55.682+0000] {taskinstance.py:1226} INFO - Marking task as UP_FOR_RETRY. dag_id=run_dbt, task_id=run_dbt_all_models, run_id=manual__2025-04-18T19:56:57.798037+00:00, execution_date=20250418T195657, start_date=20250418T211918, end_date=20250418T211955
[2025-04-18T21:19:55.901+0000] {taskinstance.py:341} INFO - ::group::Post task execution logs
[2025-04-18T21:19:55.902+0000] {standard_task_runner.py:124} ERROR - Failed to execute job 658 for task run_dbt_all_models (Bash command failed. The command returned a non-zero exit code 1.; 47878)
Traceback (most recent call last):
  File "/home/airflow/.local/lib/python3.12/site-packages/airflow/task/task_runner/standard_task_runner.py", line 117, in _start_by_fork
    ret = args.func(args, dag=self.dag)
          ^^^^^^^^^^^^^^^^^^^^^^^^^^^^^
  File "/home/airflow/.local/lib/python3.12/site-packages/airflow/cli/cli_config.py", line 49, in command
    return func(*args, **kwargs)
           ^^^^^^^^^^^^^^^^^^^^^
  File "/home/airflow/.local/lib/python3.12/site-packages/airflow/utils/cli.py", line 116, in wrapper
    return f(*args, **kwargs)
           ^^^^^^^^^^^^^^^^^^
  File "/home/airflow/.local/lib/python3.12/site-packages/airflow/cli/commands/task_command.py", line 483, in task_run
    task_return_code = _run_task_by_selected_method(args, _dag, ti)
                       ^^^^^^^^^^^^^^^^^^^^^^^^^^^^^^^^^^^^^^^^^^^^
  File "/home/airflow/.local/lib/python3.12/site-packages/airflow/cli/commands/task_command.py", line 256, in _run_task_by_selected_method
    return _run_raw_task(args, ti)
           ^^^^^^^^^^^^^^^^^^^^^^^
  File "/home/airflow/.local/lib/python3.12/site-packages/airflow/cli/commands/task_command.py", line 341, in _run_raw_task
    return ti._run_raw_task(
           ^^^^^^^^^^^^^^^^^
  File "/home/airflow/.local/lib/python3.12/site-packages/airflow/utils/session.py", line 97, in wrapper
    return func(*args, session=session, **kwargs)
           ^^^^^^^^^^^^^^^^^^^^^^^^^^^^^^^^^^^^^^
  File "/home/airflow/.local/lib/python3.12/site-packages/airflow/models/taskinstance.py", line 3006, in _run_raw_task
    return _run_raw_task(
           ^^^^^^^^^^^^^^
  File "/home/airflow/.local/lib/python3.12/site-packages/airflow/models/taskinstance.py", line 274, in _run_raw_task
    TaskInstance._execute_task_with_callbacks(
  File "/home/airflow/.local/lib/python3.12/site-packages/airflow/models/taskinstance.py", line 3161, in _execute_task_with_callbacks
    result = self._execute_task(context, task_orig)
             ^^^^^^^^^^^^^^^^^^^^^^^^^^^^^^^^^^^^^^
  File "/home/airflow/.local/lib/python3.12/site-packages/airflow/models/taskinstance.py", line 3185, in _execute_task
    return _execute_task(self, context, task_orig)
           ^^^^^^^^^^^^^^^^^^^^^^^^^^^^^^^^^^^^^^^
  File "/home/airflow/.local/lib/python3.12/site-packages/airflow/models/taskinstance.py", line 768, in _execute_task
    result = _execute_callable(context=context, **execute_callable_kwargs)
             ^^^^^^^^^^^^^^^^^^^^^^^^^^^^^^^^^^^^^^^^^^^^^^^^^^^^^^^^^^^^^
  File "/home/airflow/.local/lib/python3.12/site-packages/airflow/models/taskinstance.py", line 734, in _execute_callable
    return ExecutionCallableRunner(
           ^^^^^^^^^^^^^^^^^^^^^^^^
  File "/home/airflow/.local/lib/python3.12/site-packages/airflow/utils/operator_helpers.py", line 252, in run
    return self.func(*args, **kwargs)
           ^^^^^^^^^^^^^^^^^^^^^^^^^^
  File "/home/airflow/.local/lib/python3.12/site-packages/airflow/models/baseoperator.py", line 424, in wrapper
    return func(self, *args, **kwargs)
           ^^^^^^^^^^^^^^^^^^^^^^^^^^^
  File "/home/airflow/.local/lib/python3.12/site-packages/airflow/operators/bash.py", line 276, in execute
    raise AirflowException(
airflow.exceptions.AirflowException: Bash command failed. The command returned a non-zero exit code 1.
[2025-04-18T21:19:55.955+0000] {local_task_job_runner.py:266} INFO - Task exited with return code 1
[2025-04-18T21:19:55.998+0000] {taskinstance.py:3901} INFO - 0 downstream tasks scheduled from follow-on schedule check
[2025-04-18T21:19:56.000+0000] {local_task_job_runner.py:245} INFO - ::endgroup::
