[2025-04-18T19:59:46.345+0000] {local_task_job_runner.py:123} INFO - ::group::Pre task execution logs
[2025-04-18T19:59:46.370+0000] {taskinstance.py:2614} INFO - Dependencies all met for dep_context=non-requeueable deps ti=<TaskInstance: run_dbt.run_dbt_all_models manual__2025-04-18T19:56:57.798037+00:00 [queued]>
[2025-04-18T19:59:46.381+0000] {taskinstance.py:2614} INFO - Dependencies all met for dep_context=requeueable deps ti=<TaskInstance: run_dbt.run_dbt_all_models manual__2025-04-18T19:56:57.798037+00:00 [queued]>
[2025-04-18T19:59:46.382+0000] {taskinstance.py:2867} INFO - Starting attempt 1 of 2
[2025-04-18T19:59:46.396+0000] {taskinstance.py:2890} INFO - Executing <Task(BashOperator): run_dbt_all_models> on 2025-04-18 19:56:57.798037+00:00
[2025-04-18T19:59:46.403+0000] {logging_mixin.py:190} WARNING - /home/***/.local/lib/python3.12/site-packages/***/task/task_runner/standard_task_runner.py:70 DeprecationWarning: This process (pid=42089) is multi-threaded, use of fork() may lead to deadlocks in the child.
[2025-04-18T19:59:46.405+0000] {standard_task_runner.py:72} INFO - Started process 42090 to run task
[2025-04-18T19:59:46.403+0000] {standard_task_runner.py:104} INFO - Running: ['***', 'tasks', 'run', 'run_dbt', 'run_dbt_all_models', 'manual__2025-04-18T19:56:57.798037+00:00', '--job-id', '624', '--raw', '--subdir', 'DAGS_FOLDER/run_dbt_model.py', '--cfg-path', '/tmp/tmpfdyiidzw']
[2025-04-18T19:59:46.406+0000] {standard_task_runner.py:105} INFO - Job 624: Subtask run_dbt_all_models
[2025-04-18T19:59:46.455+0000] {task_command.py:467} INFO - Running <TaskInstance: run_dbt.run_dbt_all_models manual__2025-04-18T19:56:57.798037+00:00 [running]> on host f21ba0bbe878
[2025-04-18T19:59:46.534+0000] {taskinstance.py:3134} INFO - Exporting env vars: AIRFLOW_CTX_DAG_OWNER='***' AIRFLOW_CTX_DAG_ID='run_dbt' AIRFLOW_CTX_TASK_ID='run_dbt_all_models' AIRFLOW_CTX_EXECUTION_DATE='2025-04-18T19:56:57.798037+00:00' AIRFLOW_CTX_TRY_NUMBER='1' AIRFLOW_CTX_DAG_RUN_ID='manual__2025-04-18T19:56:57.798037+00:00'
[2025-04-18T19:59:46.535+0000] {taskinstance.py:732} INFO - ::endgroup::
[2025-04-18T19:59:46.550+0000] {subprocess.py:78} INFO - Tmp dir root location: /tmp
[2025-04-18T19:59:46.551+0000] {subprocess.py:88} INFO - Running command: ['/usr/bin/bash', '-c', 'cd /opt/***/dbt && dbt run']
[2025-04-18T19:59:46.559+0000] {subprocess.py:99} INFO - Output:
[2025-04-18T19:59:48.976+0000] {subprocess.py:106} INFO - [0m19:59:48  Running with dbt=1.8.1
[2025-04-18T19:59:50.253+0000] {subprocess.py:106} INFO - [0m19:59:50  Registered adapter: bigquery=1.8.1
[2025-04-18T19:59:51.840+0000] {subprocess.py:106} INFO - [0m19:59:51  Found 10 models, 1 seed, 1 source, 602 macros
[2025-04-18T19:59:51.845+0000] {subprocess.py:106} INFO - [0m19:59:51
[2025-04-18T19:59:52.724+0000] {subprocess.py:106} INFO - [0m19:59:52  Concurrency: 1 threads (target='dev')
[2025-04-18T19:59:52.725+0000] {subprocess.py:106} INFO - [0m19:59:52
[2025-04-18T19:59:52.737+0000] {subprocess.py:106} INFO - [0m19:59:52  1 of 10 START sql table model db_project_dataset.dim_airports .................. [RUN]
[2025-04-18T19:59:55.562+0000] {subprocess.py:106} INFO - [0m19:59:55  BigQuery adapter: https://console.cloud.google.com/bigquery?project=db-project-456518&j=bq:europe-central2:46f09bfb-8450-4065-b34d-dcf348ae145c&page=queryresults
[2025-04-18T19:59:55.580+0000] {subprocess.py:106} INFO - [0m19:59:55  1 of 10 ERROR creating sql table model db_project_dataset.dim_airports ......... [[31mERROR[0m in 2.84s]
[2025-04-18T19:59:55.584+0000] {subprocess.py:106} INFO - [0m19:59:55  2 of 10 START sql view model db_project_dataset.stg_flights .................... [RUN]
[2025-04-18T19:59:57.618+0000] {subprocess.py:106} INFO - [0m19:59:57  BigQuery adapter: https://console.cloud.google.com/bigquery?project=db-project-456518&j=bq:US:3efd0e52-c856-4c6a-b105-50ba0656eff5&page=queryresults
[2025-04-18T19:59:57.627+0000] {subprocess.py:106} INFO - [0m19:59:57  2 of 10 ERROR creating sql view model db_project_dataset.stg_flights ........... [[31mERROR[0m in 2.04s]
[2025-04-18T19:59:57.633+0000] {subprocess.py:106} INFO - [0m19:59:57  3 of 10 SKIP relation db_project_dataset.core_flights .......................... [[33mSKIP[0m]
[2025-04-18T19:59:57.637+0000] {subprocess.py:106} INFO - [0m19:59:57  4 of 10 SKIP relation db_project_dataset.dim_carriers .......................... [[33mSKIP[0m]
[2025-04-18T19:59:57.642+0000] {subprocess.py:106} INFO - [0m19:59:57  5 of 10 SKIP relation db_project_dataset.dim_dates ............................. [[33mSKIP[0m]
[2025-04-18T19:59:57.645+0000] {subprocess.py:106} INFO - [0m19:59:57  6 of 10 SKIP relation db_project_dataset.fact_delays_by_flight_num ............. [[33mSKIP[0m]
[2025-04-18T19:59:57.649+0000] {subprocess.py:106} INFO - [0m19:59:57  7 of 10 SKIP relation db_project_dataset.fact_delays_departure_by_airport ...... [[33mSKIP[0m]
[2025-04-18T19:59:57.653+0000] {subprocess.py:106} INFO - [0m19:59:57  8 of 10 SKIP relation db_project_dataset.fact_departures.by_year ............... [[33mSKIP[0m]
[2025-04-18T19:59:57.657+0000] {subprocess.py:106} INFO - [0m19:59:57  9 of 10 SKIP relation db_project_dataset.fact_departures_by_airport_year ....... [[33mSKIP[0m]
[2025-04-18T19:59:57.662+0000] {subprocess.py:106} INFO - [0m19:59:57  10 of 10 SKIP relation db_project_dataset.fact_most_departures_airport ......... [[33mSKIP[0m]
[2025-04-18T19:59:57.668+0000] {subprocess.py:106} INFO - [0m19:59:57
[2025-04-18T19:59:57.669+0000] {subprocess.py:106} INFO - [0m19:59:57  Finished running 9 table models, 1 view model in 0 hours 0 minutes and 5.82 seconds (5.82s).
[2025-04-18T19:59:57.774+0000] {subprocess.py:106} INFO - [0m19:59:57
[2025-04-18T19:59:57.775+0000] {subprocess.py:106} INFO - [0m19:59:57  [31mCompleted with 2 errors and 0 warnings:[0m
[2025-04-18T19:59:57.776+0000] {subprocess.py:106} INFO - [0m19:59:57
[2025-04-18T19:59:57.778+0000] {subprocess.py:106} INFO - [0m19:59:57    Database Error in model dim_airports (models/marts/dim_airports.sql)
[2025-04-18T19:59:57.778+0000] {subprocess.py:106} INFO -   Unrecognized name: airport_code at [16:5]
[2025-04-18T19:59:57.779+0000] {subprocess.py:106} INFO -   compiled code at target/run/flights_project/models/marts/dim_airports.sql
[2025-04-18T19:59:57.780+0000] {subprocess.py:106} INFO - [0m19:59:57
[2025-04-18T19:59:57.781+0000] {subprocess.py:106} INFO - [0m19:59:57    Database Error in model stg_flights (models/stg_flights.sql)
[2025-04-18T19:59:57.781+0000] {subprocess.py:106} INFO -   Syntax error: Expected end of input but got identifier "origin" at [21:32]
[2025-04-18T19:59:57.782+0000] {subprocess.py:106} INFO -   compiled code at target/run/flights_project/models/stg_flights.sql
[2025-04-18T19:59:57.783+0000] {subprocess.py:106} INFO - [0m19:59:57
[2025-04-18T19:59:57.784+0000] {subprocess.py:106} INFO - [0m19:59:57  Done. PASS=0 WARN=0 ERROR=2 SKIP=8 TOTAL=10
[2025-04-18T19:59:58.899+0000] {subprocess.py:110} INFO - Command exited with return code 1
[2025-04-18T19:59:58.913+0000] {taskinstance.py:3313} ERROR - Task failed with exception
Traceback (most recent call last):
  File "/home/airflow/.local/lib/python3.12/site-packages/airflow/models/taskinstance.py", line 768, in _execute_task
    result = _execute_callable(context=context, **execute_callable_kwargs)
             ^^^^^^^^^^^^^^^^^^^^^^^^^^^^^^^^^^^^^^^^^^^^^^^^^^^^^^^^^^^^^
  File "/home/airflow/.local/lib/python3.12/site-packages/airflow/models/taskinstance.py", line 734, in _execute_callable
    return ExecutionCallableRunner(
           ^^^^^^^^^^^^^^^^^^^^^^^^
  File "/home/airflow/.local/lib/python3.12/site-packages/airflow/utils/operator_helpers.py", line 252, in run
    return self.func(*args, **kwargs)
           ^^^^^^^^^^^^^^^^^^^^^^^^^^
  File "/home/airflow/.local/lib/python3.12/site-packages/airflow/models/baseoperator.py", line 424, in wrapper
    return func(self, *args, **kwargs)
           ^^^^^^^^^^^^^^^^^^^^^^^^^^^
  File "/home/airflow/.local/lib/python3.12/site-packages/airflow/operators/bash.py", line 276, in execute
    raise AirflowException(
airflow.exceptions.AirflowException: Bash command failed. The command returned a non-zero exit code 1.
[2025-04-18T19:59:58.924+0000] {taskinstance.py:1226} INFO - Marking task as UP_FOR_RETRY. dag_id=run_dbt, task_id=run_dbt_all_models, run_id=manual__2025-04-18T19:56:57.798037+00:00, execution_date=20250418T195657, start_date=20250418T195946, end_date=20250418T195958
[2025-04-18T19:59:58.961+0000] {taskinstance.py:341} INFO - ::group::Post task execution logs
[2025-04-18T19:59:58.962+0000] {standard_task_runner.py:124} ERROR - Failed to execute job 624 for task run_dbt_all_models (Bash command failed. The command returned a non-zero exit code 1.; 42090)
Traceback (most recent call last):
  File "/home/airflow/.local/lib/python3.12/site-packages/airflow/task/task_runner/standard_task_runner.py", line 117, in _start_by_fork
    ret = args.func(args, dag=self.dag)
          ^^^^^^^^^^^^^^^^^^^^^^^^^^^^^
  File "/home/airflow/.local/lib/python3.12/site-packages/airflow/cli/cli_config.py", line 49, in command
    return func(*args, **kwargs)
           ^^^^^^^^^^^^^^^^^^^^^
  File "/home/airflow/.local/lib/python3.12/site-packages/airflow/utils/cli.py", line 116, in wrapper
    return f(*args, **kwargs)
           ^^^^^^^^^^^^^^^^^^
  File "/home/airflow/.local/lib/python3.12/site-packages/airflow/cli/commands/task_command.py", line 483, in task_run
    task_return_code = _run_task_by_selected_method(args, _dag, ti)
                       ^^^^^^^^^^^^^^^^^^^^^^^^^^^^^^^^^^^^^^^^^^^^
  File "/home/airflow/.local/lib/python3.12/site-packages/airflow/cli/commands/task_command.py", line 256, in _run_task_by_selected_method
    return _run_raw_task(args, ti)
           ^^^^^^^^^^^^^^^^^^^^^^^
  File "/home/airflow/.local/lib/python3.12/site-packages/airflow/cli/commands/task_command.py", line 341, in _run_raw_task
    return ti._run_raw_task(
           ^^^^^^^^^^^^^^^^^
  File "/home/airflow/.local/lib/python3.12/site-packages/airflow/utils/session.py", line 97, in wrapper
    return func(*args, session=session, **kwargs)
           ^^^^^^^^^^^^^^^^^^^^^^^^^^^^^^^^^^^^^^
  File "/home/airflow/.local/lib/python3.12/site-packages/airflow/models/taskinstance.py", line 3006, in _run_raw_task
    return _run_raw_task(
           ^^^^^^^^^^^^^^
  File "/home/airflow/.local/lib/python3.12/site-packages/airflow/models/taskinstance.py", line 274, in _run_raw_task
    TaskInstance._execute_task_with_callbacks(
  File "/home/airflow/.local/lib/python3.12/site-packages/airflow/models/taskinstance.py", line 3161, in _execute_task_with_callbacks
    result = self._execute_task(context, task_orig)
             ^^^^^^^^^^^^^^^^^^^^^^^^^^^^^^^^^^^^^^
  File "/home/airflow/.local/lib/python3.12/site-packages/airflow/models/taskinstance.py", line 3185, in _execute_task
    return _execute_task(self, context, task_orig)
           ^^^^^^^^^^^^^^^^^^^^^^^^^^^^^^^^^^^^^^^
  File "/home/airflow/.local/lib/python3.12/site-packages/airflow/models/taskinstance.py", line 768, in _execute_task
    result = _execute_callable(context=context, **execute_callable_kwargs)
             ^^^^^^^^^^^^^^^^^^^^^^^^^^^^^^^^^^^^^^^^^^^^^^^^^^^^^^^^^^^^^
  File "/home/airflow/.local/lib/python3.12/site-packages/airflow/models/taskinstance.py", line 734, in _execute_callable
    return ExecutionCallableRunner(
           ^^^^^^^^^^^^^^^^^^^^^^^^
  File "/home/airflow/.local/lib/python3.12/site-packages/airflow/utils/operator_helpers.py", line 252, in run
    return self.func(*args, **kwargs)
           ^^^^^^^^^^^^^^^^^^^^^^^^^^
  File "/home/airflow/.local/lib/python3.12/site-packages/airflow/models/baseoperator.py", line 424, in wrapper
    return func(self, *args, **kwargs)
           ^^^^^^^^^^^^^^^^^^^^^^^^^^^
  File "/home/airflow/.local/lib/python3.12/site-packages/airflow/operators/bash.py", line 276, in execute
    raise AirflowException(
airflow.exceptions.AirflowException: Bash command failed. The command returned a non-zero exit code 1.
[2025-04-18T19:59:59.001+0000] {local_task_job_runner.py:266} INFO - Task exited with return code 1
[2025-04-18T19:59:59.031+0000] {taskinstance.py:3901} INFO - 0 downstream tasks scheduled from follow-on schedule check
[2025-04-18T19:59:59.033+0000] {local_task_job_runner.py:245} INFO - ::endgroup::
