[2025-04-18T21:09:47.976+0000] {local_task_job_runner.py:123} INFO - ::group::Pre task execution logs
[2025-04-18T21:09:48.018+0000] {taskinstance.py:2614} INFO - Dependencies all met for dep_context=non-requeueable deps ti=<TaskInstance: run_dbt.run_dbt_all_models manual__2025-04-18T19:56:57.798037+00:00 [queued]>
[2025-04-18T21:09:48.033+0000] {taskinstance.py:2614} INFO - Dependencies all met for dep_context=requeueable deps ti=<TaskInstance: run_dbt.run_dbt_all_models manual__2025-04-18T19:56:57.798037+00:00 [queued]>
[2025-04-18T21:09:48.034+0000] {taskinstance.py:2867} INFO - Starting attempt 20 of 21
[2025-04-18T21:09:48.052+0000] {taskinstance.py:2890} INFO - Executing <Task(BashOperator): run_dbt_all_models> on 2025-04-18 19:56:57.798037+00:00
[2025-04-18T21:09:48.063+0000] {logging_mixin.py:190} WARNING - /home/***/.local/lib/python3.12/site-packages/***/task/task_runner/standard_task_runner.py:70 DeprecationWarning: This process (pid=47159) is multi-threaded, use of fork() may lead to deadlocks in the child.
[2025-04-18T21:09:48.065+0000] {standard_task_runner.py:72} INFO - Started process 47160 to run task
[2025-04-18T21:09:48.062+0000] {standard_task_runner.py:104} INFO - Running: ['***', 'tasks', 'run', 'run_dbt', 'run_dbt_all_models', 'manual__2025-04-18T19:56:57.798037+00:00', '--job-id', '654', '--raw', '--subdir', 'DAGS_FOLDER/run_dbt_model.py', '--cfg-path', '/tmp/tmpfx2opy8b']
[2025-04-18T21:09:48.066+0000] {standard_task_runner.py:105} INFO - Job 654: Subtask run_dbt_all_models
[2025-04-18T21:09:48.130+0000] {task_command.py:467} INFO - Running <TaskInstance: run_dbt.run_dbt_all_models manual__2025-04-18T19:56:57.798037+00:00 [running]> on host f21ba0bbe878
[2025-04-18T21:09:48.222+0000] {taskinstance.py:3134} INFO - Exporting env vars: AIRFLOW_CTX_DAG_OWNER='***' AIRFLOW_CTX_DAG_ID='run_dbt' AIRFLOW_CTX_TASK_ID='run_dbt_all_models' AIRFLOW_CTX_EXECUTION_DATE='2025-04-18T19:56:57.798037+00:00' AIRFLOW_CTX_TRY_NUMBER='20' AIRFLOW_CTX_DAG_RUN_ID='manual__2025-04-18T19:56:57.798037+00:00'
[2025-04-18T21:09:48.223+0000] {taskinstance.py:732} INFO - ::endgroup::
[2025-04-18T21:09:48.242+0000] {subprocess.py:78} INFO - Tmp dir root location: /tmp
[2025-04-18T21:09:48.243+0000] {subprocess.py:88} INFO - Running command: ['/usr/bin/bash', '-c', 'cd /opt/***/dbt && dbt run']
[2025-04-18T21:09:48.253+0000] {subprocess.py:99} INFO - Output:
[2025-04-18T21:09:51.112+0000] {subprocess.py:106} INFO - [0m21:09:51  Running with dbt=1.8.1
[2025-04-18T21:09:52.653+0000] {subprocess.py:106} INFO - [0m21:09:52  Registered adapter: bigquery=1.8.1
[2025-04-18T21:09:54.772+0000] {subprocess.py:106} INFO - [0m21:09:54  Found 1 seed, 10 models, 1 source, 602 macros
[2025-04-18T21:09:54.778+0000] {subprocess.py:106} INFO - [0m21:09:54
[2025-04-18T21:09:55.550+0000] {subprocess.py:106} INFO - [0m21:09:55  Concurrency: 1 threads (target='dev')
[2025-04-18T21:09:55.551+0000] {subprocess.py:106} INFO - [0m21:09:55
[2025-04-18T21:09:55.569+0000] {subprocess.py:106} INFO - [0m21:09:55  1 of 10 START sql table model db_project_dataset.dim_airports .................. [RUN]
[2025-04-18T21:09:57.644+0000] {subprocess.py:106} INFO - [0m21:09:57  1 of 10 OK created sql table model db_project_dataset.dim_airports ............. [[32mCREATE TABLE (3.4k rows, 141.3 KiB processed)[0m in 2.07s]
[2025-04-18T21:09:57.648+0000] {subprocess.py:106} INFO - [0m21:09:57  2 of 10 START sql view model db_project_dataset.stg_flights .................... [RUN]
[2025-04-18T21:09:58.355+0000] {subprocess.py:106} INFO - [0m21:09:58  2 of 10 OK created sql view model db_project_dataset.stg_flights ............... [[32mCREATE VIEW (0 processed)[0m in 0.70s]
[2025-04-18T21:09:58.360+0000] {subprocess.py:106} INFO - [0m21:09:58  3 of 10 START sql table model db_project_dataset.core_flights .................. [RUN]
[2025-04-18T21:10:04.519+0000] {subprocess.py:106} INFO - [0m21:10:04  3 of 10 OK created sql table model db_project_dataset.core_flights ............. [[32mCREATE TABLE (112.3m rows, 11.7 GiB processed)[0m in 6.16s]
[2025-04-18T21:10:04.527+0000] {subprocess.py:106} INFO - [0m21:10:04  4 of 10 START sql table model db_project_dataset.dim_carriers .................. [RUN]
[2025-04-18T21:10:06.945+0000] {subprocess.py:106} INFO - [0m21:10:06  4 of 10 OK created sql table model db_project_dataset.dim_carriers ............. [[32mCREATE TABLE (29.0 rows, 3.9 GiB processed)[0m in 2.41s]
[2025-04-18T21:10:06.949+0000] {subprocess.py:106} INFO - [0m21:10:06  5 of 10 START sql table model db_project_dataset.dim_dates ..................... [RUN]
[2025-04-18T21:10:08.453+0000] {subprocess.py:106} INFO - [0m21:10:08  BigQuery adapter: https://console.cloud.google.com/bigquery?project=db-project-456518&j=bq:europe-central2:e71335ff-5ee1-4cd2-bffe-f81ca67e6de0&page=queryresults
[2025-04-18T21:10:08.469+0000] {subprocess.py:106} INFO - [0m21:10:08  5 of 10 ERROR creating sql table model db_project_dataset.dim_dates ............ [[31mERROR[0m in 1.51s]
[2025-04-18T21:10:08.474+0000] {subprocess.py:106} INFO - [0m21:10:08  6 of 10 START sql table model db_project_dataset.fact_delays_by_flight_num ..... [RUN]
[2025-04-18T21:10:10.638+0000] {subprocess.py:106} INFO - [0m21:10:10  6 of 10 OK created sql table model db_project_dataset.fact_delays_by_flight_num  [[32mCREATE TABLE (8.1k rows, 2.5 GiB processed)[0m in 2.15s]
[2025-04-18T21:10:10.646+0000] {subprocess.py:106} INFO - [0m21:10:10  7 of 10 START sql table model db_project_dataset.fact_delays_departure_by_airport  [RUN]
[2025-04-18T21:10:12.719+0000] {subprocess.py:106} INFO - [0m21:10:12  7 of 10 OK created sql table model db_project_dataset.fact_delays_departure_by_airport  [[32mCREATE TABLE (1.3k rows, 4.1 GiB processed)[0m in 2.07s]
[2025-04-18T21:10:12.728+0000] {subprocess.py:106} INFO - [0m21:10:12  8 of 10 START sql table model db_project_dataset.fact_departures.by_year ....... [RUN]
[2025-04-18T21:10:13.493+0000] {subprocess.py:106} INFO - [0m21:10:13  BigQuery adapter: https://console.cloud.google.com/bigquery?project=db-project-456518&j=bq:europe-central2:7497c1af-14b6-41c0-a914-e91d3f626cbf&page=queryresults
[2025-04-18T21:10:13.501+0000] {subprocess.py:106} INFO - [0m21:10:13  8 of 10 ERROR creating sql table model db_project_dataset.fact_departures.by_year  [[31mERROR[0m in 0.77s]
[2025-04-18T21:10:13.505+0000] {subprocess.py:106} INFO - [0m21:10:13  9 of 10 START sql table model db_project_dataset.fact_departures_by_airport_year  [RUN]
[2025-04-18T21:10:15.597+0000] {subprocess.py:106} INFO - [0m21:10:15  9 of 10 OK created sql table model db_project_dataset.fact_departures_by_airport_year  [[32mCREATE TABLE (343.0 rows, 535.6 MiB processed)[0m in 2.09s]
[2025-04-18T21:10:15.602+0000] {subprocess.py:106} INFO - [0m21:10:15  10 of 10 START sql table model db_project_dataset.fact_most_departures_airport . [RUN]
[2025-04-18T21:10:16.898+0000] {subprocess.py:106} INFO - [0m21:10:16  BigQuery adapter: https://console.cloud.google.com/bigquery?project=db-project-456518&j=bq:europe-central2:db4243e3-611b-4176-9ccf-e61329a81220&page=queryresults
[2025-04-18T21:10:16.910+0000] {subprocess.py:106} INFO - [0m21:10:16  10 of 10 ERROR creating sql table model db_project_dataset.fact_most_departures_airport  [[31mERROR[0m in 1.31s]
[2025-04-18T21:10:16.917+0000] {subprocess.py:106} INFO - [0m21:10:16
[2025-04-18T21:10:16.919+0000] {subprocess.py:106} INFO - [0m21:10:16  Finished running 9 table models, 1 view model in 0 hours 0 minutes and 22.14 seconds (22.14s).
[2025-04-18T21:10:17.031+0000] {subprocess.py:106} INFO - [0m21:10:17
[2025-04-18T21:10:17.032+0000] {subprocess.py:106} INFO - [0m21:10:17  [31mCompleted with 3 errors and 0 warnings:[0m
[2025-04-18T21:10:17.033+0000] {subprocess.py:106} INFO - [0m21:10:17
[2025-04-18T21:10:17.035+0000] {subprocess.py:106} INFO - [0m21:10:17    Database Error in model dim_dates (models/marts/dim_dates.sql)
[2025-04-18T21:10:17.037+0000] {subprocess.py:106} INFO -   Unrecognized name: your_date_column at [27:28]
[2025-04-18T21:10:17.038+0000] {subprocess.py:106} INFO -   compiled code at target/run/flights_project/models/marts/dim_dates.sql
[2025-04-18T21:10:17.040+0000] {subprocess.py:106} INFO - [0m21:10:17
[2025-04-18T21:10:17.041+0000] {subprocess.py:106} INFO - [0m21:10:17    Database Error in model fact_departures.by_year (models/marts/fact_departures.by_year.sql)
[2025-04-18T21:10:17.043+0000] {subprocess.py:106} INFO -   Invalid project ID 'db-project-456518.db_project_dataset'. Project IDs must contain 6-63 lowercase letters, digits, or dashes. Some project IDs also include domain name separated by a colon. IDs must start with a letter and may not end with a dash.
[2025-04-18T21:10:17.046+0000] {subprocess.py:106} INFO -   compiled code at target/run/flights_project/models/marts/fact_departures.by_year.sql
[2025-04-18T21:10:17.047+0000] {subprocess.py:106} INFO - [0m21:10:17
[2025-04-18T21:10:17.049+0000] {subprocess.py:106} INFO - [0m21:10:17    Database Error in model fact_most_departures_airport (models/marts/fact_most_departures_airport.sql)
[2025-04-18T21:10:17.050+0000] {subprocess.py:106} INFO -   Name airport not found inside a at [21:85]
[2025-04-18T21:10:17.051+0000] {subprocess.py:106} INFO -   compiled code at target/run/flights_project/models/marts/fact_most_departures_airport.sql
[2025-04-18T21:10:17.053+0000] {subprocess.py:106} INFO - [0m21:10:17
[2025-04-18T21:10:17.054+0000] {subprocess.py:106} INFO - [0m21:10:17  Done. PASS=7 WARN=0 ERROR=3 SKIP=0 TOTAL=10
[2025-04-18T21:10:18.648+0000] {subprocess.py:110} INFO - Command exited with return code 1
[2025-04-18T21:10:18.684+0000] {taskinstance.py:3313} ERROR - Task failed with exception
Traceback (most recent call last):
  File "/home/airflow/.local/lib/python3.12/site-packages/airflow/models/taskinstance.py", line 768, in _execute_task
    result = _execute_callable(context=context, **execute_callable_kwargs)
             ^^^^^^^^^^^^^^^^^^^^^^^^^^^^^^^^^^^^^^^^^^^^^^^^^^^^^^^^^^^^^
  File "/home/airflow/.local/lib/python3.12/site-packages/airflow/models/taskinstance.py", line 734, in _execute_callable
    return ExecutionCallableRunner(
           ^^^^^^^^^^^^^^^^^^^^^^^^
  File "/home/airflow/.local/lib/python3.12/site-packages/airflow/utils/operator_helpers.py", line 252, in run
    return self.func(*args, **kwargs)
           ^^^^^^^^^^^^^^^^^^^^^^^^^^
  File "/home/airflow/.local/lib/python3.12/site-packages/airflow/models/baseoperator.py", line 424, in wrapper
    return func(self, *args, **kwargs)
           ^^^^^^^^^^^^^^^^^^^^^^^^^^^
  File "/home/airflow/.local/lib/python3.12/site-packages/airflow/operators/bash.py", line 276, in execute
    raise AirflowException(
airflow.exceptions.AirflowException: Bash command failed. The command returned a non-zero exit code 1.
[2025-04-18T21:10:18.708+0000] {taskinstance.py:1226} INFO - Marking task as UP_FOR_RETRY. dag_id=run_dbt, task_id=run_dbt_all_models, run_id=manual__2025-04-18T19:56:57.798037+00:00, execution_date=20250418T195657, start_date=20250418T210948, end_date=20250418T211018
[2025-04-18T21:10:18.760+0000] {taskinstance.py:341} INFO - ::group::Post task execution logs
[2025-04-18T21:10:18.761+0000] {standard_task_runner.py:124} ERROR - Failed to execute job 654 for task run_dbt_all_models (Bash command failed. The command returned a non-zero exit code 1.; 47160)
Traceback (most recent call last):
  File "/home/airflow/.local/lib/python3.12/site-packages/airflow/task/task_runner/standard_task_runner.py", line 117, in _start_by_fork
    ret = args.func(args, dag=self.dag)
          ^^^^^^^^^^^^^^^^^^^^^^^^^^^^^
  File "/home/airflow/.local/lib/python3.12/site-packages/airflow/cli/cli_config.py", line 49, in command
    return func(*args, **kwargs)
           ^^^^^^^^^^^^^^^^^^^^^
  File "/home/airflow/.local/lib/python3.12/site-packages/airflow/utils/cli.py", line 116, in wrapper
    return f(*args, **kwargs)
           ^^^^^^^^^^^^^^^^^^
  File "/home/airflow/.local/lib/python3.12/site-packages/airflow/cli/commands/task_command.py", line 483, in task_run
    task_return_code = _run_task_by_selected_method(args, _dag, ti)
                       ^^^^^^^^^^^^^^^^^^^^^^^^^^^^^^^^^^^^^^^^^^^^
  File "/home/airflow/.local/lib/python3.12/site-packages/airflow/cli/commands/task_command.py", line 256, in _run_task_by_selected_method
    return _run_raw_task(args, ti)
           ^^^^^^^^^^^^^^^^^^^^^^^
  File "/home/airflow/.local/lib/python3.12/site-packages/airflow/cli/commands/task_command.py", line 341, in _run_raw_task
    return ti._run_raw_task(
           ^^^^^^^^^^^^^^^^^
  File "/home/airflow/.local/lib/python3.12/site-packages/airflow/utils/session.py", line 97, in wrapper
    return func(*args, session=session, **kwargs)
           ^^^^^^^^^^^^^^^^^^^^^^^^^^^^^^^^^^^^^^
  File "/home/airflow/.local/lib/python3.12/site-packages/airflow/models/taskinstance.py", line 3006, in _run_raw_task
    return _run_raw_task(
           ^^^^^^^^^^^^^^
  File "/home/airflow/.local/lib/python3.12/site-packages/airflow/models/taskinstance.py", line 274, in _run_raw_task
    TaskInstance._execute_task_with_callbacks(
  File "/home/airflow/.local/lib/python3.12/site-packages/airflow/models/taskinstance.py", line 3161, in _execute_task_with_callbacks
    result = self._execute_task(context, task_orig)
             ^^^^^^^^^^^^^^^^^^^^^^^^^^^^^^^^^^^^^^
  File "/home/airflow/.local/lib/python3.12/site-packages/airflow/models/taskinstance.py", line 3185, in _execute_task
    return _execute_task(self, context, task_orig)
           ^^^^^^^^^^^^^^^^^^^^^^^^^^^^^^^^^^^^^^^
  File "/home/airflow/.local/lib/python3.12/site-packages/airflow/models/taskinstance.py", line 768, in _execute_task
    result = _execute_callable(context=context, **execute_callable_kwargs)
             ^^^^^^^^^^^^^^^^^^^^^^^^^^^^^^^^^^^^^^^^^^^^^^^^^^^^^^^^^^^^^
  File "/home/airflow/.local/lib/python3.12/site-packages/airflow/models/taskinstance.py", line 734, in _execute_callable
    return ExecutionCallableRunner(
           ^^^^^^^^^^^^^^^^^^^^^^^^
  File "/home/airflow/.local/lib/python3.12/site-packages/airflow/utils/operator_helpers.py", line 252, in run
    return self.func(*args, **kwargs)
           ^^^^^^^^^^^^^^^^^^^^^^^^^^
  File "/home/airflow/.local/lib/python3.12/site-packages/airflow/models/baseoperator.py", line 424, in wrapper
    return func(self, *args, **kwargs)
           ^^^^^^^^^^^^^^^^^^^^^^^^^^^
  File "/home/airflow/.local/lib/python3.12/site-packages/airflow/operators/bash.py", line 276, in execute
    raise AirflowException(
airflow.exceptions.AirflowException: Bash command failed. The command returned a non-zero exit code 1.
[2025-04-18T21:10:18.797+0000] {local_task_job_runner.py:266} INFO - Task exited with return code 1
[2025-04-18T21:10:18.823+0000] {taskinstance.py:3901} INFO - 0 downstream tasks scheduled from follow-on schedule check
[2025-04-18T21:10:18.825+0000] {local_task_job_runner.py:245} INFO - ::endgroup::
