[2025-04-18T20:46:53.199+0000] {local_task_job_runner.py:123} INFO - ::group::Pre task execution logs
[2025-04-18T20:46:53.229+0000] {taskinstance.py:2614} INFO - Dependencies all met for dep_context=non-requeueable deps ti=<TaskInstance: run_dbt.run_dbt_all_models manual__2025-04-18T19:56:57.798037+00:00 [queued]>
[2025-04-18T20:46:53.245+0000] {taskinstance.py:2614} INFO - Dependencies all met for dep_context=requeueable deps ti=<TaskInstance: run_dbt.run_dbt_all_models manual__2025-04-18T19:56:57.798037+00:00 [queued]>
[2025-04-18T20:46:53.246+0000] {taskinstance.py:2867} INFO - Starting attempt 12 of 13
[2025-04-18T20:46:53.265+0000] {taskinstance.py:2890} INFO - Executing <Task(BashOperator): run_dbt_all_models> on 2025-04-18 19:56:57.798037+00:00
[2025-04-18T20:46:53.275+0000] {logging_mixin.py:190} WARNING - /home/***/.local/lib/python3.12/site-packages/***/task/task_runner/standard_task_runner.py:70 DeprecationWarning: This process (pid=45531) is multi-threaded, use of fork() may lead to deadlocks in the child.
[2025-04-18T20:46:53.277+0000] {standard_task_runner.py:72} INFO - Started process 45532 to run task
[2025-04-18T20:46:53.275+0000] {standard_task_runner.py:104} INFO - Running: ['***', 'tasks', 'run', 'run_dbt', 'run_dbt_all_models', 'manual__2025-04-18T19:56:57.798037+00:00', '--job-id', '646', '--raw', '--subdir', 'DAGS_FOLDER/run_dbt_model.py', '--cfg-path', '/tmp/tmpmpb6vn6f']
[2025-04-18T20:46:53.278+0000] {standard_task_runner.py:105} INFO - Job 646: Subtask run_dbt_all_models
[2025-04-18T20:46:53.341+0000] {task_command.py:467} INFO - Running <TaskInstance: run_dbt.run_dbt_all_models manual__2025-04-18T19:56:57.798037+00:00 [running]> on host f21ba0bbe878
[2025-04-18T20:46:53.433+0000] {taskinstance.py:3134} INFO - Exporting env vars: AIRFLOW_CTX_DAG_OWNER='***' AIRFLOW_CTX_DAG_ID='run_dbt' AIRFLOW_CTX_TASK_ID='run_dbt_all_models' AIRFLOW_CTX_EXECUTION_DATE='2025-04-18T19:56:57.798037+00:00' AIRFLOW_CTX_TRY_NUMBER='12' AIRFLOW_CTX_DAG_RUN_ID='manual__2025-04-18T19:56:57.798037+00:00'
[2025-04-18T20:46:53.434+0000] {taskinstance.py:732} INFO - ::endgroup::
[2025-04-18T20:46:53.462+0000] {subprocess.py:78} INFO - Tmp dir root location: /tmp
[2025-04-18T20:46:53.463+0000] {subprocess.py:88} INFO - Running command: ['/usr/bin/bash', '-c', 'cd /opt/***/dbt && dbt run']
[2025-04-18T20:46:53.477+0000] {subprocess.py:99} INFO - Output:
[2025-04-18T20:46:57.608+0000] {subprocess.py:106} INFO - [0m20:46:57  Running with dbt=1.8.1
[2025-04-18T20:47:00.518+0000] {subprocess.py:106} INFO - [0m20:47:00  Registered adapter: bigquery=1.8.1
[2025-04-18T20:47:04.287+0000] {subprocess.py:106} INFO - [0m20:47:04  Found 1 seed, 10 models, 1 source, 602 macros
[2025-04-18T20:47:04.294+0000] {subprocess.py:106} INFO - [0m20:47:04
[2025-04-18T20:47:05.022+0000] {subprocess.py:106} INFO - [0m20:47:05  Concurrency: 1 threads (target='dev')
[2025-04-18T20:47:05.024+0000] {subprocess.py:106} INFO - [0m20:47:05
[2025-04-18T20:47:05.046+0000] {subprocess.py:106} INFO - [0m20:47:05  1 of 10 START sql table model db_project_dataset.dim_airports .................. [RUN]
[2025-04-18T20:47:07.503+0000] {subprocess.py:106} INFO - [0m20:47:07  1 of 10 OK created sql table model db_project_dataset.dim_airports ............. [[32mCREATE TABLE (3.4k rows, 141.3 KiB processed)[0m in 2.44s]
[2025-04-18T20:47:07.515+0000] {subprocess.py:106} INFO - [0m20:47:07  2 of 10 START sql view model db_project_dataset.stg_flights .................... [RUN]
[2025-04-18T20:47:09.956+0000] {subprocess.py:106} INFO - [0m20:47:09  BigQuery adapter: https://console.cloud.google.com/bigquery?project=db-project-456518&j=bq:US:651c42dd-3f35-4ff0-ab11-029539d46436&page=queryresults
[2025-04-18T20:47:09.987+0000] {subprocess.py:106} INFO - [0m20:47:09  2 of 10 ERROR creating sql view model db_project_dataset.stg_flights ........... [[31mERROR[0m in 2.46s]
[2025-04-18T20:47:09.996+0000] {subprocess.py:106} INFO - [0m20:47:09  3 of 10 SKIP relation db_project_dataset.core_flights .......................... [[33mSKIP[0m]
[2025-04-18T20:47:10.006+0000] {subprocess.py:106} INFO - [0m20:47:10  4 of 10 SKIP relation db_project_dataset.dim_carriers .......................... [[33mSKIP[0m]
[2025-04-18T20:47:10.011+0000] {subprocess.py:106} INFO - [0m20:47:10  5 of 10 SKIP relation db_project_dataset.dim_dates ............................. [[33mSKIP[0m]
[2025-04-18T20:47:10.016+0000] {subprocess.py:106} INFO - [0m20:47:10  6 of 10 SKIP relation db_project_dataset.fact_delays_by_flight_num ............. [[33mSKIP[0m]
[2025-04-18T20:47:10.028+0000] {subprocess.py:106} INFO - [0m20:47:10  7 of 10 SKIP relation db_project_dataset.fact_delays_departure_by_airport ...... [[33mSKIP[0m]
[2025-04-18T20:47:10.045+0000] {subprocess.py:106} INFO - [0m20:47:10  8 of 10 SKIP relation db_project_dataset.fact_departures.by_year ............... [[33mSKIP[0m]
[2025-04-18T20:47:10.059+0000] {subprocess.py:106} INFO - [0m20:47:10  9 of 10 SKIP relation db_project_dataset.fact_departures_by_airport_year ....... [[33mSKIP[0m]
[2025-04-18T20:47:10.072+0000] {subprocess.py:106} INFO - [0m20:47:10  10 of 10 SKIP relation db_project_dataset.fact_most_departures_airport ......... [[33mSKIP[0m]
[2025-04-18T20:47:10.081+0000] {subprocess.py:106} INFO - [0m20:47:10
[2025-04-18T20:47:10.083+0000] {subprocess.py:106} INFO - [0m20:47:10  Finished running 9 table models, 1 view model in 0 hours 0 minutes and 5.78 seconds (5.78s).
[2025-04-18T20:47:10.316+0000] {subprocess.py:106} INFO - [0m20:47:10
[2025-04-18T20:47:10.322+0000] {subprocess.py:106} INFO - [0m20:47:10  [31mCompleted with 1 error and 0 warnings:[0m
[2025-04-18T20:47:10.324+0000] {subprocess.py:106} INFO - [0m20:47:10
[2025-04-18T20:47:10.326+0000] {subprocess.py:106} INFO - [0m20:47:10    Database Error in model stg_flights (models/stg_flights.sql)
[2025-04-18T20:47:10.326+0000] {subprocess.py:106} INFO -   Syntax error: Unexpected keyword WHEN at [15:50]
[2025-04-18T20:47:10.327+0000] {subprocess.py:106} INFO -   compiled code at target/run/flights_project/models/stg_flights.sql
[2025-04-18T20:47:10.328+0000] {subprocess.py:106} INFO - [0m20:47:10
[2025-04-18T20:47:10.328+0000] {subprocess.py:106} INFO - [0m20:47:10  Done. PASS=1 WARN=0 ERROR=1 SKIP=8 TOTAL=10
[2025-04-18T20:47:12.050+0000] {subprocess.py:110} INFO - Command exited with return code 1
[2025-04-18T20:47:12.075+0000] {taskinstance.py:3313} ERROR - Task failed with exception
Traceback (most recent call last):
  File "/home/airflow/.local/lib/python3.12/site-packages/airflow/models/taskinstance.py", line 768, in _execute_task
    result = _execute_callable(context=context, **execute_callable_kwargs)
             ^^^^^^^^^^^^^^^^^^^^^^^^^^^^^^^^^^^^^^^^^^^^^^^^^^^^^^^^^^^^^
  File "/home/airflow/.local/lib/python3.12/site-packages/airflow/models/taskinstance.py", line 734, in _execute_callable
    return ExecutionCallableRunner(
           ^^^^^^^^^^^^^^^^^^^^^^^^
  File "/home/airflow/.local/lib/python3.12/site-packages/airflow/utils/operator_helpers.py", line 252, in run
    return self.func(*args, **kwargs)
           ^^^^^^^^^^^^^^^^^^^^^^^^^^
  File "/home/airflow/.local/lib/python3.12/site-packages/airflow/models/baseoperator.py", line 424, in wrapper
    return func(self, *args, **kwargs)
           ^^^^^^^^^^^^^^^^^^^^^^^^^^^
  File "/home/airflow/.local/lib/python3.12/site-packages/airflow/operators/bash.py", line 276, in execute
    raise AirflowException(
airflow.exceptions.AirflowException: Bash command failed. The command returned a non-zero exit code 1.
[2025-04-18T20:47:12.101+0000] {taskinstance.py:1226} INFO - Marking task as UP_FOR_RETRY. dag_id=run_dbt, task_id=run_dbt_all_models, run_id=manual__2025-04-18T19:56:57.798037+00:00, execution_date=20250418T195657, start_date=20250418T204653, end_date=20250418T204712
[2025-04-18T20:47:12.381+0000] {taskinstance.py:341} INFO - ::group::Post task execution logs
[2025-04-18T20:47:12.382+0000] {standard_task_runner.py:124} ERROR - Failed to execute job 646 for task run_dbt_all_models (Bash command failed. The command returned a non-zero exit code 1.; 45532)
Traceback (most recent call last):
  File "/home/airflow/.local/lib/python3.12/site-packages/airflow/task/task_runner/standard_task_runner.py", line 117, in _start_by_fork
    ret = args.func(args, dag=self.dag)
          ^^^^^^^^^^^^^^^^^^^^^^^^^^^^^
  File "/home/airflow/.local/lib/python3.12/site-packages/airflow/cli/cli_config.py", line 49, in command
    return func(*args, **kwargs)
           ^^^^^^^^^^^^^^^^^^^^^
  File "/home/airflow/.local/lib/python3.12/site-packages/airflow/utils/cli.py", line 116, in wrapper
    return f(*args, **kwargs)
           ^^^^^^^^^^^^^^^^^^
  File "/home/airflow/.local/lib/python3.12/site-packages/airflow/cli/commands/task_command.py", line 483, in task_run
    task_return_code = _run_task_by_selected_method(args, _dag, ti)
                       ^^^^^^^^^^^^^^^^^^^^^^^^^^^^^^^^^^^^^^^^^^^^
  File "/home/airflow/.local/lib/python3.12/site-packages/airflow/cli/commands/task_command.py", line 256, in _run_task_by_selected_method
    return _run_raw_task(args, ti)
           ^^^^^^^^^^^^^^^^^^^^^^^
  File "/home/airflow/.local/lib/python3.12/site-packages/airflow/cli/commands/task_command.py", line 341, in _run_raw_task
    return ti._run_raw_task(
           ^^^^^^^^^^^^^^^^^
  File "/home/airflow/.local/lib/python3.12/site-packages/airflow/utils/session.py", line 97, in wrapper
    return func(*args, session=session, **kwargs)
           ^^^^^^^^^^^^^^^^^^^^^^^^^^^^^^^^^^^^^^
  File "/home/airflow/.local/lib/python3.12/site-packages/airflow/models/taskinstance.py", line 3006, in _run_raw_task
    return _run_raw_task(
           ^^^^^^^^^^^^^^
  File "/home/airflow/.local/lib/python3.12/site-packages/airflow/models/taskinstance.py", line 274, in _run_raw_task
    TaskInstance._execute_task_with_callbacks(
  File "/home/airflow/.local/lib/python3.12/site-packages/airflow/models/taskinstance.py", line 3161, in _execute_task_with_callbacks
    result = self._execute_task(context, task_orig)
             ^^^^^^^^^^^^^^^^^^^^^^^^^^^^^^^^^^^^^^
  File "/home/airflow/.local/lib/python3.12/site-packages/airflow/models/taskinstance.py", line 3185, in _execute_task
    return _execute_task(self, context, task_orig)
           ^^^^^^^^^^^^^^^^^^^^^^^^^^^^^^^^^^^^^^^
  File "/home/airflow/.local/lib/python3.12/site-packages/airflow/models/taskinstance.py", line 768, in _execute_task
    result = _execute_callable(context=context, **execute_callable_kwargs)
             ^^^^^^^^^^^^^^^^^^^^^^^^^^^^^^^^^^^^^^^^^^^^^^^^^^^^^^^^^^^^^
  File "/home/airflow/.local/lib/python3.12/site-packages/airflow/models/taskinstance.py", line 734, in _execute_callable
    return ExecutionCallableRunner(
           ^^^^^^^^^^^^^^^^^^^^^^^^
  File "/home/airflow/.local/lib/python3.12/site-packages/airflow/utils/operator_helpers.py", line 252, in run
    return self.func(*args, **kwargs)
           ^^^^^^^^^^^^^^^^^^^^^^^^^^
  File "/home/airflow/.local/lib/python3.12/site-packages/airflow/models/baseoperator.py", line 424, in wrapper
    return func(self, *args, **kwargs)
           ^^^^^^^^^^^^^^^^^^^^^^^^^^^
  File "/home/airflow/.local/lib/python3.12/site-packages/airflow/operators/bash.py", line 276, in execute
    raise AirflowException(
airflow.exceptions.AirflowException: Bash command failed. The command returned a non-zero exit code 1.
[2025-04-18T20:47:12.415+0000] {local_task_job_runner.py:266} INFO - Task exited with return code 1
[2025-04-18T20:47:12.449+0000] {taskinstance.py:3901} INFO - 0 downstream tasks scheduled from follow-on schedule check
[2025-04-18T20:47:12.453+0000] {local_task_job_runner.py:245} INFO - ::endgroup::
