[2025-04-14T15:20:10.610+0000] {local_task_job_runner.py:123} INFO - ::group::Pre task execution logs
[2025-04-14T15:20:10.637+0000] {taskinstance.py:2614} INFO - Dependencies all met for dep_context=non-requeueable deps ti=<TaskInstance: dbt_airflow.run_dbt_staging manual__2025-04-14T15:18:53.940263+00:00 [queued]>
[2025-04-14T15:20:10.651+0000] {taskinstance.py:2614} INFO - Dependencies all met for dep_context=requeueable deps ti=<TaskInstance: dbt_airflow.run_dbt_staging manual__2025-04-14T15:18:53.940263+00:00 [queued]>
[2025-04-14T15:20:10.653+0000] {taskinstance.py:2867} INFO - Starting attempt 2 of 3
[2025-04-14T15:20:10.676+0000] {taskinstance.py:2890} INFO - Executing <Task(BashOperator): run_dbt_staging> on 2025-04-14 15:18:53.940263+00:00
[2025-04-14T15:20:10.691+0000] {logging_mixin.py:190} WARNING - /home/***/.local/lib/python3.12/site-packages/***/task/task_runner/standard_task_runner.py:70 DeprecationWarning: This process (pid=7921) is multi-threaded, use of fork() may lead to deadlocks in the child.
[2025-04-14T15:20:10.689+0000] {standard_task_runner.py:104} INFO - Running: ['***', 'tasks', 'run', 'dbt_***', 'run_dbt_staging', 'manual__2025-04-14T15:18:53.940263+00:00', '--job-id', '487', '--raw', '--subdir', 'DAGS_FOLDER/run_dbt_model.py', '--cfg-path', '/tmp/tmpf6ol4mny']
[2025-04-14T15:20:10.692+0000] {standard_task_runner.py:72} INFO - Started process 7922 to run task
[2025-04-14T15:20:10.692+0000] {standard_task_runner.py:105} INFO - Job 487: Subtask run_dbt_staging
[2025-04-14T15:20:10.771+0000] {task_command.py:467} INFO - Running <TaskInstance: dbt_airflow.run_dbt_staging manual__2025-04-14T15:18:53.940263+00:00 [running]> on host b7be566335ce
[2025-04-14T15:20:10.911+0000] {taskinstance.py:3134} INFO - Exporting env vars: AIRFLOW_CTX_DAG_OWNER='***' AIRFLOW_CTX_DAG_ID='dbt_***' AIRFLOW_CTX_TASK_ID='run_dbt_staging' AIRFLOW_CTX_EXECUTION_DATE='2025-04-14T15:18:53.940263+00:00' AIRFLOW_CTX_TRY_NUMBER='2' AIRFLOW_CTX_DAG_RUN_ID='manual__2025-04-14T15:18:53.940263+00:00'
[2025-04-14T15:20:10.912+0000] {taskinstance.py:732} INFO - ::endgroup::
[2025-04-14T15:20:10.946+0000] {subprocess.py:78} INFO - Tmp dir root location: /tmp
[2025-04-14T15:20:10.948+0000] {subprocess.py:88} INFO - Running command: ['/usr/bin/bash', '-c', 'cd /opt/***/dbt && dbt deps && dbt run --models stg_flights']
[2025-04-14T15:20:10.971+0000] {subprocess.py:99} INFO - Output:
[2025-04-14T15:20:17.125+0000] {subprocess.py:106} INFO - [0m15:20:17  Running with dbt=1.7.9
[2025-04-14T15:20:17.969+0000] {subprocess.py:106} INFO - [0m15:20:17  Installing dbt-labs/dbt_utils
[2025-04-14T15:20:24.250+0000] {subprocess.py:106} INFO - [0m15:20:24  Installed from version 1.3.0
[2025-04-14T15:20:24.251+0000] {subprocess.py:106} INFO - [0m15:20:24  Up to date!
[2025-04-14T15:20:32.026+0000] {subprocess.py:106} INFO - [0m15:20:32  Running with dbt=1.7.9
[2025-04-14T15:20:35.817+0000] {subprocess.py:106} INFO - [0m15:20:35  Registered adapter: bigquery=1.7.9
[2025-04-14T15:20:35.969+0000] {subprocess.py:106} INFO - [0m15:20:35  Unable to do partial parsing because a project dependency has been added
[2025-04-14T15:20:39.934+0000] {subprocess.py:106} INFO - [0m15:20:39  Found 2 models, 1 source, 0 exposures, 0 metrics, 570 macros, 0 groups, 0 semantic models
[2025-04-14T15:20:39.943+0000] {subprocess.py:106} INFO - [0m15:20:39
[2025-04-14T15:20:40.780+0000] {subprocess.py:106} INFO - [0m15:20:40  Concurrency: 1 threads (target='dev')
[2025-04-14T15:20:40.782+0000] {subprocess.py:106} INFO - [0m15:20:40
[2025-04-14T15:20:40.797+0000] {subprocess.py:106} INFO - [0m15:20:40  1 of 1 START sql view model db_project_dataset.stg_flights ..................... [RUN]
[2025-04-14T15:20:40.825+0000] {subprocess.py:106} INFO - [0m15:20:40  1 of 1 ERROR creating sql view model db_project_dataset.stg_flights ............ [[31mERROR[0m in 0.02s]
[2025-04-14T15:20:40.833+0000] {subprocess.py:106} INFO - [0m15:20:40
[2025-04-14T15:20:40.834+0000] {subprocess.py:106} INFO - [0m15:20:40  Finished running 1 view model in 0 hours 0 minutes and 0.89 seconds (0.89s).
[2025-04-14T15:20:40.877+0000] {subprocess.py:106} INFO - [0m15:20:40
[2025-04-14T15:20:40.878+0000] {subprocess.py:106} INFO - [0m15:20:40  [31mCompleted with 1 error and 0 warnings:[0m
[2025-04-14T15:20:40.880+0000] {subprocess.py:106} INFO - [0m15:20:40
[2025-04-14T15:20:40.881+0000] {subprocess.py:106} INFO - [0m15:20:40    Compilation Error in model stg_flights (models/stg_flights.sql)
[2025-04-14T15:20:40.882+0000] {subprocess.py:106} INFO -   'dict object' has no attribute 'generate'. This can happen when calling a macro that does not exist. Check for typos and/or install package dependencies with "dbt deps".
[2025-04-14T15:20:40.883+0000] {subprocess.py:106} INFO - [0m15:20:40
[2025-04-14T15:20:40.884+0000] {subprocess.py:106} INFO - [0m15:20:40  Done. PASS=0 WARN=0 ERROR=1 SKIP=0 TOTAL=1
[2025-04-14T15:20:42.306+0000] {subprocess.py:110} INFO - Command exited with return code 1
[2025-04-14T15:20:42.320+0000] {taskinstance.py:3313} ERROR - Task failed with exception
Traceback (most recent call last):
  File "/home/airflow/.local/lib/python3.12/site-packages/airflow/models/taskinstance.py", line 768, in _execute_task
    result = _execute_callable(context=context, **execute_callable_kwargs)
             ^^^^^^^^^^^^^^^^^^^^^^^^^^^^^^^^^^^^^^^^^^^^^^^^^^^^^^^^^^^^^
  File "/home/airflow/.local/lib/python3.12/site-packages/airflow/models/taskinstance.py", line 734, in _execute_callable
    return ExecutionCallableRunner(
           ^^^^^^^^^^^^^^^^^^^^^^^^
  File "/home/airflow/.local/lib/python3.12/site-packages/airflow/utils/operator_helpers.py", line 252, in run
    return self.func(*args, **kwargs)
           ^^^^^^^^^^^^^^^^^^^^^^^^^^
  File "/home/airflow/.local/lib/python3.12/site-packages/airflow/models/baseoperator.py", line 424, in wrapper
    return func(self, *args, **kwargs)
           ^^^^^^^^^^^^^^^^^^^^^^^^^^^
  File "/home/airflow/.local/lib/python3.12/site-packages/airflow/operators/bash.py", line 276, in execute
    raise AirflowException(
airflow.exceptions.AirflowException: Bash command failed. The command returned a non-zero exit code 1.
[2025-04-14T15:20:42.330+0000] {taskinstance.py:1226} INFO - Marking task as UP_FOR_RETRY. dag_id=dbt_***, task_id=run_dbt_staging, run_id=manual__2025-04-14T15:18:53.940263+00:00, execution_date=20250414T151853, start_date=20250414T152010, end_date=20250414T152042
[2025-04-14T15:20:42.368+0000] {taskinstance.py:341} INFO - ::group::Post task execution logs
[2025-04-14T15:20:42.369+0000] {standard_task_runner.py:124} ERROR - Failed to execute job 487 for task run_dbt_staging (Bash command failed. The command returned a non-zero exit code 1.; 7922)
Traceback (most recent call last):
  File "/home/airflow/.local/lib/python3.12/site-packages/airflow/task/task_runner/standard_task_runner.py", line 117, in _start_by_fork
    ret = args.func(args, dag=self.dag)
          ^^^^^^^^^^^^^^^^^^^^^^^^^^^^^
  File "/home/airflow/.local/lib/python3.12/site-packages/airflow/cli/cli_config.py", line 49, in command
    return func(*args, **kwargs)
           ^^^^^^^^^^^^^^^^^^^^^
  File "/home/airflow/.local/lib/python3.12/site-packages/airflow/utils/cli.py", line 116, in wrapper
    return f(*args, **kwargs)
           ^^^^^^^^^^^^^^^^^^
  File "/home/airflow/.local/lib/python3.12/site-packages/airflow/cli/commands/task_command.py", line 483, in task_run
    task_return_code = _run_task_by_selected_method(args, _dag, ti)
                       ^^^^^^^^^^^^^^^^^^^^^^^^^^^^^^^^^^^^^^^^^^^^
  File "/home/airflow/.local/lib/python3.12/site-packages/airflow/cli/commands/task_command.py", line 256, in _run_task_by_selected_method
    return _run_raw_task(args, ti)
           ^^^^^^^^^^^^^^^^^^^^^^^
  File "/home/airflow/.local/lib/python3.12/site-packages/airflow/cli/commands/task_command.py", line 341, in _run_raw_task
    return ti._run_raw_task(
           ^^^^^^^^^^^^^^^^^
  File "/home/airflow/.local/lib/python3.12/site-packages/airflow/utils/session.py", line 97, in wrapper
    return func(*args, session=session, **kwargs)
           ^^^^^^^^^^^^^^^^^^^^^^^^^^^^^^^^^^^^^^
  File "/home/airflow/.local/lib/python3.12/site-packages/airflow/models/taskinstance.py", line 3006, in _run_raw_task
    return _run_raw_task(
           ^^^^^^^^^^^^^^
  File "/home/airflow/.local/lib/python3.12/site-packages/airflow/models/taskinstance.py", line 274, in _run_raw_task
    TaskInstance._execute_task_with_callbacks(
  File "/home/airflow/.local/lib/python3.12/site-packages/airflow/models/taskinstance.py", line 3161, in _execute_task_with_callbacks
    result = self._execute_task(context, task_orig)
             ^^^^^^^^^^^^^^^^^^^^^^^^^^^^^^^^^^^^^^
  File "/home/airflow/.local/lib/python3.12/site-packages/airflow/models/taskinstance.py", line 3185, in _execute_task
    return _execute_task(self, context, task_orig)
           ^^^^^^^^^^^^^^^^^^^^^^^^^^^^^^^^^^^^^^^
  File "/home/airflow/.local/lib/python3.12/site-packages/airflow/models/taskinstance.py", line 768, in _execute_task
    result = _execute_callable(context=context, **execute_callable_kwargs)
             ^^^^^^^^^^^^^^^^^^^^^^^^^^^^^^^^^^^^^^^^^^^^^^^^^^^^^^^^^^^^^
  File "/home/airflow/.local/lib/python3.12/site-packages/airflow/models/taskinstance.py", line 734, in _execute_callable
    return ExecutionCallableRunner(
           ^^^^^^^^^^^^^^^^^^^^^^^^
  File "/home/airflow/.local/lib/python3.12/site-packages/airflow/utils/operator_helpers.py", line 252, in run
    return self.func(*args, **kwargs)
           ^^^^^^^^^^^^^^^^^^^^^^^^^^
  File "/home/airflow/.local/lib/python3.12/site-packages/airflow/models/baseoperator.py", line 424, in wrapper
    return func(self, *args, **kwargs)
           ^^^^^^^^^^^^^^^^^^^^^^^^^^^
  File "/home/airflow/.local/lib/python3.12/site-packages/airflow/operators/bash.py", line 276, in execute
    raise AirflowException(
airflow.exceptions.AirflowException: Bash command failed. The command returned a non-zero exit code 1.
[2025-04-14T15:20:42.393+0000] {local_task_job_runner.py:266} INFO - Task exited with return code 1
[2025-04-14T15:20:42.420+0000] {taskinstance.py:3901} INFO - 0 downstream tasks scheduled from follow-on schedule check
[2025-04-14T15:20:42.423+0000] {local_task_job_runner.py:245} INFO - ::endgroup::
