[2025-04-14T17:00:36.836+0000] {local_task_job_runner.py:123} INFO - ::group::Pre task execution logs
[2025-04-14T17:00:36.855+0000] {taskinstance.py:2614} INFO - Dependencies all met for dep_context=non-requeueable deps ti=<TaskInstance: dbt_airflow.run_dbt_staging manual__2025-04-14T15:18:53.940263+00:00 [queued]>
[2025-04-14T17:00:36.864+0000] {taskinstance.py:2614} INFO - Dependencies all met for dep_context=requeueable deps ti=<TaskInstance: dbt_airflow.run_dbt_staging manual__2025-04-14T15:18:53.940263+00:00 [queued]>
[2025-04-14T17:00:36.865+0000] {taskinstance.py:2867} INFO - Starting attempt 7 of 8
[2025-04-14T17:00:36.878+0000] {taskinstance.py:2890} INFO - Executing <Task(BashOperator): run_dbt_staging> on 2025-04-14 15:18:53.940263+00:00
[2025-04-14T17:00:36.886+0000] {standard_task_runner.py:104} INFO - Running: ['***', 'tasks', 'run', 'dbt_***', 'run_dbt_staging', 'manual__2025-04-14T15:18:53.940263+00:00', '--job-id', '505', '--raw', '--subdir', 'DAGS_FOLDER/run_dbt_model.py', '--cfg-path', '/tmp/tmpkjr7z281']
[2025-04-14T17:00:36.889+0000] {standard_task_runner.py:105} INFO - Job 505: Subtask run_dbt_staging
[2025-04-14T17:00:36.896+0000] {logging_mixin.py:190} WARNING - /home/***/.local/lib/python3.12/site-packages/***/task/task_runner/standard_task_runner.py:70 DeprecationWarning: This process (pid=12723) is multi-threaded, use of fork() may lead to deadlocks in the child.
[2025-04-14T17:00:36.897+0000] {standard_task_runner.py:72} INFO - Started process 12724 to run task
[2025-04-14T17:00:36.940+0000] {task_command.py:467} INFO - Running <TaskInstance: dbt_airflow.run_dbt_staging manual__2025-04-14T15:18:53.940263+00:00 [running]> on host b7be566335ce
[2025-04-14T17:00:37.022+0000] {taskinstance.py:3134} INFO - Exporting env vars: AIRFLOW_CTX_DAG_OWNER='***' AIRFLOW_CTX_DAG_ID='dbt_***' AIRFLOW_CTX_TASK_ID='run_dbt_staging' AIRFLOW_CTX_EXECUTION_DATE='2025-04-14T15:18:53.940263+00:00' AIRFLOW_CTX_TRY_NUMBER='7' AIRFLOW_CTX_DAG_RUN_ID='manual__2025-04-14T15:18:53.940263+00:00'
[2025-04-14T17:00:37.023+0000] {taskinstance.py:732} INFO - ::endgroup::
[2025-04-14T17:00:37.043+0000] {subprocess.py:78} INFO - Tmp dir root location: /tmp
[2025-04-14T17:00:37.045+0000] {subprocess.py:88} INFO - Running command: ['/usr/bin/bash', '-c', 'cd /opt/***/dbt && dbt deps && dbt run --models stg_flights']
[2025-04-14T17:00:37.055+0000] {subprocess.py:99} INFO - Output:
[2025-04-14T17:00:41.502+0000] {subprocess.py:106} INFO - [0m17:00:41  Running with dbt=1.7.9
[2025-04-14T17:00:42.324+0000] {subprocess.py:106} INFO - [0m17:00:42  Installing dbt-labs/dbt_utils
[2025-04-14T17:00:46.882+0000] {subprocess.py:106} INFO - [0m17:00:46  Installed from version 1.3.0
[2025-04-14T17:00:46.883+0000] {subprocess.py:106} INFO - [0m17:00:46  Up to date!
[2025-04-14T17:00:52.997+0000] {subprocess.py:106} INFO - [0m17:00:52  Running with dbt=1.7.9
[2025-04-14T17:00:54.770+0000] {subprocess.py:106} INFO - [0m17:00:54  Registered adapter: bigquery=1.7.9
[2025-04-14T17:00:56.586+0000] {subprocess.py:106} INFO - [0m17:00:56  Found 1 seed, 2 models, 1 source, 0 exposures, 0 metrics, 571 macros, 0 groups, 0 semantic models
[2025-04-14T17:00:56.592+0000] {subprocess.py:106} INFO - [0m17:00:56
[2025-04-14T17:00:57.394+0000] {subprocess.py:106} INFO - [0m17:00:57  Concurrency: 1 threads (target='dev')
[2025-04-14T17:00:57.395+0000] {subprocess.py:106} INFO - [0m17:00:57
[2025-04-14T17:00:57.411+0000] {subprocess.py:106} INFO - [0m17:00:57  1 of 1 START sql view model db_project_dataset.stg_flights ..................... [RUN]
[2025-04-14T17:00:58.836+0000] {subprocess.py:106} INFO - [0m17:00:58  BigQuery adapter: https://console.cloud.google.com/bigquery?project=db-project-456518&j=bq:europe-central2:518fa834-0734-4b76-acdc-f4a13831e791&page=queryresults
[2025-04-14T17:00:58.853+0000] {subprocess.py:106} INFO - [0m17:00:58  1 of 1 ERROR creating sql view model db_project_dataset.stg_flights ............ [[31mERROR[0m in 1.44s]
[2025-04-14T17:00:58.863+0000] {subprocess.py:106} INFO - [0m17:00:58
[2025-04-14T17:00:58.865+0000] {subprocess.py:106} INFO - [0m17:00:58  Finished running 1 view model in 0 hours 0 minutes and 2.27 seconds (2.27s).
[2025-04-14T17:00:58.903+0000] {subprocess.py:106} INFO - [0m17:00:58
[2025-04-14T17:00:58.905+0000] {subprocess.py:106} INFO - [0m17:00:58  [31mCompleted with 1 error and 0 warnings:[0m
[2025-04-14T17:00:58.906+0000] {subprocess.py:106} INFO - [0m17:00:58
[2025-04-14T17:00:58.909+0000] {subprocess.py:106} INFO - [0m17:00:58    Database Error in model stg_flights (models/stg_flights.sql)
[2025-04-14T17:00:58.910+0000] {subprocess.py:106} INFO -   Unrecognized name: dep_delay; Did you mean DepDelay? at [26:14]
[2025-04-14T17:00:58.911+0000] {subprocess.py:106} INFO -   compiled Code at target/run/flights_project/models/stg_flights.sql
[2025-04-14T17:00:58.912+0000] {subprocess.py:106} INFO - [0m17:00:58
[2025-04-14T17:00:58.914+0000] {subprocess.py:106} INFO - [0m17:00:58  Done. PASS=0 WARN=0 ERROR=1 SKIP=0 TOTAL=1
[2025-04-14T17:01:00.184+0000] {subprocess.py:110} INFO - Command exited with return code 1
[2025-04-14T17:01:00.200+0000] {taskinstance.py:3313} ERROR - Task failed with exception
Traceback (most recent call last):
  File "/home/airflow/.local/lib/python3.12/site-packages/airflow/models/taskinstance.py", line 768, in _execute_task
    result = _execute_callable(context=context, **execute_callable_kwargs)
             ^^^^^^^^^^^^^^^^^^^^^^^^^^^^^^^^^^^^^^^^^^^^^^^^^^^^^^^^^^^^^
  File "/home/airflow/.local/lib/python3.12/site-packages/airflow/models/taskinstance.py", line 734, in _execute_callable
    return ExecutionCallableRunner(
           ^^^^^^^^^^^^^^^^^^^^^^^^
  File "/home/airflow/.local/lib/python3.12/site-packages/airflow/utils/operator_helpers.py", line 252, in run
    return self.func(*args, **kwargs)
           ^^^^^^^^^^^^^^^^^^^^^^^^^^
  File "/home/airflow/.local/lib/python3.12/site-packages/airflow/models/baseoperator.py", line 424, in wrapper
    return func(self, *args, **kwargs)
           ^^^^^^^^^^^^^^^^^^^^^^^^^^^
  File "/home/airflow/.local/lib/python3.12/site-packages/airflow/operators/bash.py", line 276, in execute
    raise AirflowException(
airflow.exceptions.AirflowException: Bash command failed. The command returned a non-zero exit code 1.
[2025-04-14T17:01:00.211+0000] {taskinstance.py:1226} INFO - Marking task as UP_FOR_RETRY. dag_id=dbt_***, task_id=run_dbt_staging, run_id=manual__2025-04-14T15:18:53.940263+00:00, execution_date=20250414T151853, start_date=20250414T170036, end_date=20250414T170100
[2025-04-14T17:01:00.267+0000] {taskinstance.py:341} INFO - ::group::Post task execution logs
[2025-04-14T17:01:00.268+0000] {standard_task_runner.py:124} ERROR - Failed to execute job 505 for task run_dbt_staging (Bash command failed. The command returned a non-zero exit code 1.; 12724)
Traceback (most recent call last):
  File "/home/airflow/.local/lib/python3.12/site-packages/airflow/task/task_runner/standard_task_runner.py", line 117, in _start_by_fork
    ret = args.func(args, dag=self.dag)
          ^^^^^^^^^^^^^^^^^^^^^^^^^^^^^
  File "/home/airflow/.local/lib/python3.12/site-packages/airflow/cli/cli_config.py", line 49, in command
    return func(*args, **kwargs)
           ^^^^^^^^^^^^^^^^^^^^^
  File "/home/airflow/.local/lib/python3.12/site-packages/airflow/utils/cli.py", line 116, in wrapper
    return f(*args, **kwargs)
           ^^^^^^^^^^^^^^^^^^
  File "/home/airflow/.local/lib/python3.12/site-packages/airflow/cli/commands/task_command.py", line 483, in task_run
    task_return_code = _run_task_by_selected_method(args, _dag, ti)
                       ^^^^^^^^^^^^^^^^^^^^^^^^^^^^^^^^^^^^^^^^^^^^
  File "/home/airflow/.local/lib/python3.12/site-packages/airflow/cli/commands/task_command.py", line 256, in _run_task_by_selected_method
    return _run_raw_task(args, ti)
           ^^^^^^^^^^^^^^^^^^^^^^^
  File "/home/airflow/.local/lib/python3.12/site-packages/airflow/cli/commands/task_command.py", line 341, in _run_raw_task
    return ti._run_raw_task(
           ^^^^^^^^^^^^^^^^^
  File "/home/airflow/.local/lib/python3.12/site-packages/airflow/utils/session.py", line 97, in wrapper
    return func(*args, session=session, **kwargs)
           ^^^^^^^^^^^^^^^^^^^^^^^^^^^^^^^^^^^^^^
  File "/home/airflow/.local/lib/python3.12/site-packages/airflow/models/taskinstance.py", line 3006, in _run_raw_task
    return _run_raw_task(
           ^^^^^^^^^^^^^^
  File "/home/airflow/.local/lib/python3.12/site-packages/airflow/models/taskinstance.py", line 274, in _run_raw_task
    TaskInstance._execute_task_with_callbacks(
  File "/home/airflow/.local/lib/python3.12/site-packages/airflow/models/taskinstance.py", line 3161, in _execute_task_with_callbacks
    result = self._execute_task(context, task_orig)
             ^^^^^^^^^^^^^^^^^^^^^^^^^^^^^^^^^^^^^^
  File "/home/airflow/.local/lib/python3.12/site-packages/airflow/models/taskinstance.py", line 3185, in _execute_task
    return _execute_task(self, context, task_orig)
           ^^^^^^^^^^^^^^^^^^^^^^^^^^^^^^^^^^^^^^^
  File "/home/airflow/.local/lib/python3.12/site-packages/airflow/models/taskinstance.py", line 768, in _execute_task
    result = _execute_callable(context=context, **execute_callable_kwargs)
             ^^^^^^^^^^^^^^^^^^^^^^^^^^^^^^^^^^^^^^^^^^^^^^^^^^^^^^^^^^^^^
  File "/home/airflow/.local/lib/python3.12/site-packages/airflow/models/taskinstance.py", line 734, in _execute_callable
    return ExecutionCallableRunner(
           ^^^^^^^^^^^^^^^^^^^^^^^^
  File "/home/airflow/.local/lib/python3.12/site-packages/airflow/utils/operator_helpers.py", line 252, in run
    return self.func(*args, **kwargs)
           ^^^^^^^^^^^^^^^^^^^^^^^^^^
  File "/home/airflow/.local/lib/python3.12/site-packages/airflow/models/baseoperator.py", line 424, in wrapper
    return func(self, *args, **kwargs)
           ^^^^^^^^^^^^^^^^^^^^^^^^^^^
  File "/home/airflow/.local/lib/python3.12/site-packages/airflow/operators/bash.py", line 276, in execute
    raise AirflowException(
airflow.exceptions.AirflowException: Bash command failed. The command returned a non-zero exit code 1.
[2025-04-14T17:01:00.283+0000] {local_task_job_runner.py:266} INFO - Task exited with return code 1
[2025-04-14T17:01:00.315+0000] {taskinstance.py:3901} INFO - 0 downstream tasks scheduled from follow-on schedule check
[2025-04-14T17:01:00.318+0000] {local_task_job_runner.py:245} INFO - ::endgroup::
