[2025-04-14T16:47:35.721+0000] {local_task_job_runner.py:123} INFO - ::group::Pre task execution logs
[2025-04-14T16:47:35.740+0000] {taskinstance.py:2614} INFO - Dependencies all met for dep_context=non-requeueable deps ti=<TaskInstance: dbt_airflow.run_dbt_seed manual__2025-04-14T15:18:53.940263+00:00 [queued]>
[2025-04-14T16:47:35.751+0000] {taskinstance.py:2614} INFO - Dependencies all met for dep_context=requeueable deps ti=<TaskInstance: dbt_airflow.run_dbt_seed manual__2025-04-14T15:18:53.940263+00:00 [queued]>
[2025-04-14T16:47:35.752+0000] {taskinstance.py:2867} INFO - Starting attempt 3 of 4
[2025-04-14T16:47:35.767+0000] {taskinstance.py:2890} INFO - Executing <Task(BashOperator): run_dbt_seed> on 2025-04-14 15:18:53.940263+00:00
[2025-04-14T16:47:35.775+0000] {logging_mixin.py:190} WARNING - /home/***/.local/lib/python3.12/site-packages/***/task/task_runner/standard_task_runner.py:70 DeprecationWarning: This process (pid=11904) is multi-threaded, use of fork() may lead to deadlocks in the child.
[2025-04-14T16:47:35.776+0000] {standard_task_runner.py:72} INFO - Started process 11905 to run task
[2025-04-14T16:47:35.775+0000] {standard_task_runner.py:104} INFO - Running: ['***', 'tasks', 'run', 'dbt_***', 'run_dbt_seed', 'manual__2025-04-14T15:18:53.940263+00:00', '--job-id', '495', '--raw', '--subdir', 'DAGS_FOLDER/run_dbt_model.py', '--cfg-path', '/tmp/tmplqc0f_s9']
[2025-04-14T16:47:35.778+0000] {standard_task_runner.py:105} INFO - Job 495: Subtask run_dbt_seed
[2025-04-14T16:47:35.830+0000] {task_command.py:467} INFO - Running <TaskInstance: dbt_airflow.run_dbt_seed manual__2025-04-14T15:18:53.940263+00:00 [running]> on host b7be566335ce
[2025-04-14T16:47:35.907+0000] {taskinstance.py:3134} INFO - Exporting env vars: AIRFLOW_CTX_DAG_OWNER='***' AIRFLOW_CTX_DAG_ID='dbt_***' AIRFLOW_CTX_TASK_ID='run_dbt_seed' AIRFLOW_CTX_EXECUTION_DATE='2025-04-14T15:18:53.940263+00:00' AIRFLOW_CTX_TRY_NUMBER='3' AIRFLOW_CTX_DAG_RUN_ID='manual__2025-04-14T15:18:53.940263+00:00'
[2025-04-14T16:47:35.908+0000] {taskinstance.py:732} INFO - ::endgroup::
[2025-04-14T16:47:35.923+0000] {subprocess.py:78} INFO - Tmp dir root location: /tmp
[2025-04-14T16:47:35.924+0000] {subprocess.py:88} INFO - Running command: ['/usr/bin/bash', '-c', 'cd /opt/***/dbt && dbt seed']
[2025-04-14T16:47:35.933+0000] {subprocess.py:99} INFO - Output:
[2025-04-14T16:47:40.474+0000] {subprocess.py:106} INFO - [0m16:47:40  Running with dbt=1.7.9
[2025-04-14T16:47:42.517+0000] {subprocess.py:106} INFO - [0m16:47:42  Registered adapter: bigquery=1.7.9
[2025-04-14T16:47:42.609+0000] {subprocess.py:106} INFO - [0m16:47:42  Unable to do partial parsing because a project config has changed
[2025-04-14T16:47:46.897+0000] {subprocess.py:106} INFO - [0m16:47:46  Found 2 models, 1 seed, 1 source, 0 exposures, 0 metrics, 570 macros, 0 groups, 0 semantic models
[2025-04-14T16:47:46.907+0000] {subprocess.py:106} INFO - [0m16:47:46
[2025-04-14T16:47:47.616+0000] {subprocess.py:106} INFO - [0m16:47:47  Concurrency: 1 threads (target='dev')
[2025-04-14T16:47:47.617+0000] {subprocess.py:106} INFO - [0m16:47:47
[2025-04-14T16:47:47.630+0000] {subprocess.py:106} INFO - [0m16:47:47  1 of 1 START seed file db_project_dataset.airports ............................. [RUN]
[2025-04-14T16:47:50.407+0000] {subprocess.py:106} INFO - [0m16:47:50  1 of 1 ERROR loading seed file db_project_dataset.airports ..................... [[31mERROR[0m in 2.77s]
[2025-04-14T16:47:50.424+0000] {subprocess.py:106} INFO - [0m16:47:50
[2025-04-14T16:47:50.429+0000] {subprocess.py:106} INFO - [0m16:47:50  Finished running 1 seed in 0 hours 0 minutes and 3.51 seconds (3.51s).
[2025-04-14T16:47:50.484+0000] {subprocess.py:106} INFO - [0m16:47:50
[2025-04-14T16:47:50.485+0000] {subprocess.py:106} INFO - [0m16:47:50  [31mCompleted with 1 error and 0 warnings:[0m
[2025-04-14T16:47:50.487+0000] {subprocess.py:106} INFO - [0m16:47:50
[2025-04-14T16:47:50.489+0000] {subprocess.py:106} INFO - [0m16:47:50    Runtime Error in seed airports (seeds/airports.csv)
[2025-04-14T16:47:50.490+0000] {subprocess.py:106} INFO -   Error while reading data, error message: CSV processing encountered too many errors, giving up. Rows: 3375; errors: 1; max bad: 0; error percent: 0
[2025-04-14T16:47:50.493+0000] {subprocess.py:106} INFO -   Error while reading data, error message: Data between close quote character (") and field separator.; line_number: 1253 byte_offset_to_start_of_line: 89937 column_index: 1 column_name: "airport" column_type: STRING value: "W. H. \\"
[2025-04-14T16:47:50.494+0000] {subprocess.py:106} INFO -   You are loading data without specifying data format, data will be treated as CSV format by default. If this is not what you mean, please specify data format by --source_format.
[2025-04-14T16:47:50.499+0000] {subprocess.py:106} INFO - [0m16:47:50
[2025-04-14T16:47:50.501+0000] {subprocess.py:106} INFO - [0m16:47:50  Done. PASS=0 WARN=0 ERROR=1 SKIP=0 TOTAL=1
[2025-04-14T16:47:51.549+0000] {subprocess.py:110} INFO - Command exited with return code 1
[2025-04-14T16:47:51.560+0000] {taskinstance.py:3313} ERROR - Task failed with exception
Traceback (most recent call last):
  File "/home/airflow/.local/lib/python3.12/site-packages/airflow/models/taskinstance.py", line 768, in _execute_task
    result = _execute_callable(context=context, **execute_callable_kwargs)
             ^^^^^^^^^^^^^^^^^^^^^^^^^^^^^^^^^^^^^^^^^^^^^^^^^^^^^^^^^^^^^
  File "/home/airflow/.local/lib/python3.12/site-packages/airflow/models/taskinstance.py", line 734, in _execute_callable
    return ExecutionCallableRunner(
           ^^^^^^^^^^^^^^^^^^^^^^^^
  File "/home/airflow/.local/lib/python3.12/site-packages/airflow/utils/operator_helpers.py", line 252, in run
    return self.func(*args, **kwargs)
           ^^^^^^^^^^^^^^^^^^^^^^^^^^
  File "/home/airflow/.local/lib/python3.12/site-packages/airflow/models/baseoperator.py", line 424, in wrapper
    return func(self, *args, **kwargs)
           ^^^^^^^^^^^^^^^^^^^^^^^^^^^
  File "/home/airflow/.local/lib/python3.12/site-packages/airflow/operators/bash.py", line 276, in execute
    raise AirflowException(
airflow.exceptions.AirflowException: Bash command failed. The command returned a non-zero exit code 1.
[2025-04-14T16:47:51.567+0000] {taskinstance.py:1226} INFO - Marking task as UP_FOR_RETRY. dag_id=dbt_***, task_id=run_dbt_seed, run_id=manual__2025-04-14T15:18:53.940263+00:00, execution_date=20250414T151853, start_date=20250414T164735, end_date=20250414T164751
[2025-04-14T16:47:51.599+0000] {taskinstance.py:341} INFO - ::group::Post task execution logs
[2025-04-14T16:47:51.600+0000] {standard_task_runner.py:124} ERROR - Failed to execute job 495 for task run_dbt_seed (Bash command failed. The command returned a non-zero exit code 1.; 11905)
Traceback (most recent call last):
  File "/home/airflow/.local/lib/python3.12/site-packages/airflow/task/task_runner/standard_task_runner.py", line 117, in _start_by_fork
    ret = args.func(args, dag=self.dag)
          ^^^^^^^^^^^^^^^^^^^^^^^^^^^^^
  File "/home/airflow/.local/lib/python3.12/site-packages/airflow/cli/cli_config.py", line 49, in command
    return func(*args, **kwargs)
           ^^^^^^^^^^^^^^^^^^^^^
  File "/home/airflow/.local/lib/python3.12/site-packages/airflow/utils/cli.py", line 116, in wrapper
    return f(*args, **kwargs)
           ^^^^^^^^^^^^^^^^^^
  File "/home/airflow/.local/lib/python3.12/site-packages/airflow/cli/commands/task_command.py", line 483, in task_run
    task_return_code = _run_task_by_selected_method(args, _dag, ti)
                       ^^^^^^^^^^^^^^^^^^^^^^^^^^^^^^^^^^^^^^^^^^^^
  File "/home/airflow/.local/lib/python3.12/site-packages/airflow/cli/commands/task_command.py", line 256, in _run_task_by_selected_method
    return _run_raw_task(args, ti)
           ^^^^^^^^^^^^^^^^^^^^^^^
  File "/home/airflow/.local/lib/python3.12/site-packages/airflow/cli/commands/task_command.py", line 341, in _run_raw_task
    return ti._run_raw_task(
           ^^^^^^^^^^^^^^^^^
  File "/home/airflow/.local/lib/python3.12/site-packages/airflow/utils/session.py", line 97, in wrapper
    return func(*args, session=session, **kwargs)
           ^^^^^^^^^^^^^^^^^^^^^^^^^^^^^^^^^^^^^^
  File "/home/airflow/.local/lib/python3.12/site-packages/airflow/models/taskinstance.py", line 3006, in _run_raw_task
    return _run_raw_task(
           ^^^^^^^^^^^^^^
  File "/home/airflow/.local/lib/python3.12/site-packages/airflow/models/taskinstance.py", line 274, in _run_raw_task
    TaskInstance._execute_task_with_callbacks(
  File "/home/airflow/.local/lib/python3.12/site-packages/airflow/models/taskinstance.py", line 3161, in _execute_task_with_callbacks
    result = self._execute_task(context, task_orig)
             ^^^^^^^^^^^^^^^^^^^^^^^^^^^^^^^^^^^^^^
  File "/home/airflow/.local/lib/python3.12/site-packages/airflow/models/taskinstance.py", line 3185, in _execute_task
    return _execute_task(self, context, task_orig)
           ^^^^^^^^^^^^^^^^^^^^^^^^^^^^^^^^^^^^^^^
  File "/home/airflow/.local/lib/python3.12/site-packages/airflow/models/taskinstance.py", line 768, in _execute_task
    result = _execute_callable(context=context, **execute_callable_kwargs)
             ^^^^^^^^^^^^^^^^^^^^^^^^^^^^^^^^^^^^^^^^^^^^^^^^^^^^^^^^^^^^^
  File "/home/airflow/.local/lib/python3.12/site-packages/airflow/models/taskinstance.py", line 734, in _execute_callable
    return ExecutionCallableRunner(
           ^^^^^^^^^^^^^^^^^^^^^^^^
  File "/home/airflow/.local/lib/python3.12/site-packages/airflow/utils/operator_helpers.py", line 252, in run
    return self.func(*args, **kwargs)
           ^^^^^^^^^^^^^^^^^^^^^^^^^^
  File "/home/airflow/.local/lib/python3.12/site-packages/airflow/models/baseoperator.py", line 424, in wrapper
    return func(self, *args, **kwargs)
           ^^^^^^^^^^^^^^^^^^^^^^^^^^^
  File "/home/airflow/.local/lib/python3.12/site-packages/airflow/operators/bash.py", line 276, in execute
    raise AirflowException(
airflow.exceptions.AirflowException: Bash command failed. The command returned a non-zero exit code 1.
[2025-04-14T16:47:51.620+0000] {local_task_job_runner.py:266} INFO - Task exited with return code 1
[2025-04-14T16:47:51.639+0000] {taskinstance.py:3901} INFO - 0 downstream tasks scheduled from follow-on schedule check
[2025-04-14T16:47:51.641+0000] {local_task_job_runner.py:245} INFO - ::endgroup::
