[2025-04-14T16:43:36.773+0000] {local_task_job_runner.py:123} INFO - ::group::Pre task execution logs
[2025-04-14T16:43:36.800+0000] {taskinstance.py:2614} INFO - Dependencies all met for dep_context=non-requeueable deps ti=<TaskInstance: dbt_airflow.run_dbt_seed manual__2025-04-14T15:18:53.940263+00:00 [queued]>
[2025-04-14T16:43:36.812+0000] {taskinstance.py:2614} INFO - Dependencies all met for dep_context=requeueable deps ti=<TaskInstance: dbt_airflow.run_dbt_seed manual__2025-04-14T15:18:53.940263+00:00 [queued]>
[2025-04-14T16:43:36.812+0000] {taskinstance.py:2867} INFO - Starting attempt 1 of 2
[2025-04-14T16:43:36.829+0000] {taskinstance.py:2890} INFO - Executing <Task(BashOperator): run_dbt_seed> on 2025-04-14 15:18:53.940263+00:00
[2025-04-14T16:43:36.838+0000] {logging_mixin.py:190} WARNING - /home/***/.local/lib/python3.12/site-packages/***/task/task_runner/standard_task_runner.py:70 DeprecationWarning: This process (pid=11675) is multi-threaded, use of fork() may lead to deadlocks in the child.
[2025-04-14T16:43:36.839+0000] {standard_task_runner.py:72} INFO - Started process 11676 to run task
[2025-04-14T16:43:36.838+0000] {standard_task_runner.py:104} INFO - Running: ['***', 'tasks', 'run', 'dbt_***', 'run_dbt_seed', 'manual__2025-04-14T15:18:53.940263+00:00', '--job-id', '492', '--raw', '--subdir', 'DAGS_FOLDER/run_dbt_model.py', '--cfg-path', '/tmp/tmpaddfscxv']
[2025-04-14T16:43:36.841+0000] {standard_task_runner.py:105} INFO - Job 492: Subtask run_dbt_seed
[2025-04-14T16:43:36.891+0000] {task_command.py:467} INFO - Running <TaskInstance: dbt_airflow.run_dbt_seed manual__2025-04-14T15:18:53.940263+00:00 [running]> on host b7be566335ce
[2025-04-14T16:43:36.981+0000] {taskinstance.py:3134} INFO - Exporting env vars: AIRFLOW_CTX_DAG_OWNER='***' AIRFLOW_CTX_DAG_ID='dbt_***' AIRFLOW_CTX_TASK_ID='run_dbt_seed' AIRFLOW_CTX_EXECUTION_DATE='2025-04-14T15:18:53.940263+00:00' AIRFLOW_CTX_TRY_NUMBER='1' AIRFLOW_CTX_DAG_RUN_ID='manual__2025-04-14T15:18:53.940263+00:00'
[2025-04-14T16:43:36.983+0000] {taskinstance.py:732} INFO - ::endgroup::
[2025-04-14T16:43:37.005+0000] {subprocess.py:78} INFO - Tmp dir root location: /tmp
[2025-04-14T16:43:37.006+0000] {subprocess.py:88} INFO - Running command: ['/usr/bin/bash', '-c', 'cd /opt/***/dbt && dbt seed']
[2025-04-14T16:43:37.017+0000] {subprocess.py:99} INFO - Output:
[2025-04-14T16:43:41.246+0000] {subprocess.py:106} INFO - [0m16:43:41  Running with dbt=1.7.9
[2025-04-14T16:43:43.010+0000] {subprocess.py:106} INFO - [0m16:43:43  Registered adapter: bigquery=1.7.9
[2025-04-14T16:43:43.994+0000] {subprocess.py:106} INFO - [0m16:43:43  Found 2 models, 1 seed, 1 source, 0 exposures, 0 metrics, 570 macros, 0 groups, 0 semantic models
[2025-04-14T16:43:43.999+0000] {subprocess.py:106} INFO - [0m16:43:43
[2025-04-14T16:43:44.981+0000] {subprocess.py:106} INFO - [0m16:43:44  Concurrency: 1 threads (target='dev')
[2025-04-14T16:43:44.982+0000] {subprocess.py:106} INFO - [0m16:43:44
[2025-04-14T16:43:44.995+0000] {subprocess.py:106} INFO - [0m16:43:44  1 of 1 START seed file db_project_dataset.airports ............................. [RUN]
[2025-04-14T16:43:47.565+0000] {subprocess.py:106} INFO - [0m16:43:47  1 of 1 ERROR loading seed file db_project_dataset.airports ..................... [[31mERROR[0m in 2.57s]
[2025-04-14T16:43:47.573+0000] {subprocess.py:106} INFO - [0m16:43:47
[2025-04-14T16:43:47.574+0000] {subprocess.py:106} INFO - [0m16:43:47  Finished running 1 seed in 0 hours 0 minutes and 3.57 seconds (3.57s).
[2025-04-14T16:43:47.602+0000] {subprocess.py:106} INFO - [0m16:43:47
[2025-04-14T16:43:47.603+0000] {subprocess.py:106} INFO - [0m16:43:47  [31mCompleted with 1 error and 0 warnings:[0m
[2025-04-14T16:43:47.604+0000] {subprocess.py:106} INFO - [0m16:43:47
[2025-04-14T16:43:47.605+0000] {subprocess.py:106} INFO - [0m16:43:47    Runtime Error in seed airports (seeds/airports.csv)
[2025-04-14T16:43:47.606+0000] {subprocess.py:106} INFO -   Error while reading data, error message: CSV processing encountered too many errors, giving up. Rows: 3375; errors: 1; max bad: 0; error percent: 0
[2025-04-14T16:43:47.607+0000] {subprocess.py:106} INFO -   Error while reading data, error message: Data between close quote character (") and field separator.; line_number: 1253 byte_offset_to_start_of_line: 89937 column_index: 1 column_name: "airport" column_type: STRING value: "W. H. \\"
[2025-04-14T16:43:47.608+0000] {subprocess.py:106} INFO -   You are loading data without specifying data format, data will be treated as CSV format by default. If this is not what you mean, please specify data format by --source_format.
[2025-04-14T16:43:47.608+0000] {subprocess.py:106} INFO - [0m16:43:47
[2025-04-14T16:43:47.609+0000] {subprocess.py:106} INFO - [0m16:43:47  Done. PASS=0 WARN=0 ERROR=1 SKIP=0 TOTAL=1
[2025-04-14T16:43:49.440+0000] {subprocess.py:110} INFO - Command exited with return code 1
[2025-04-14T16:43:49.456+0000] {taskinstance.py:3313} ERROR - Task failed with exception
Traceback (most recent call last):
  File "/home/airflow/.local/lib/python3.12/site-packages/airflow/models/taskinstance.py", line 768, in _execute_task
    result = _execute_callable(context=context, **execute_callable_kwargs)
             ^^^^^^^^^^^^^^^^^^^^^^^^^^^^^^^^^^^^^^^^^^^^^^^^^^^^^^^^^^^^^
  File "/home/airflow/.local/lib/python3.12/site-packages/airflow/models/taskinstance.py", line 734, in _execute_callable
    return ExecutionCallableRunner(
           ^^^^^^^^^^^^^^^^^^^^^^^^
  File "/home/airflow/.local/lib/python3.12/site-packages/airflow/utils/operator_helpers.py", line 252, in run
    return self.func(*args, **kwargs)
           ^^^^^^^^^^^^^^^^^^^^^^^^^^
  File "/home/airflow/.local/lib/python3.12/site-packages/airflow/models/baseoperator.py", line 424, in wrapper
    return func(self, *args, **kwargs)
           ^^^^^^^^^^^^^^^^^^^^^^^^^^^
  File "/home/airflow/.local/lib/python3.12/site-packages/airflow/operators/bash.py", line 276, in execute
    raise AirflowException(
airflow.exceptions.AirflowException: Bash command failed. The command returned a non-zero exit code 1.
[2025-04-14T16:43:49.467+0000] {taskinstance.py:1226} INFO - Marking task as UP_FOR_RETRY. dag_id=dbt_***, task_id=run_dbt_seed, run_id=manual__2025-04-14T15:18:53.940263+00:00, execution_date=20250414T151853, start_date=20250414T164336, end_date=20250414T164349
[2025-04-14T16:43:49.508+0000] {taskinstance.py:341} INFO - ::group::Post task execution logs
[2025-04-14T16:43:49.509+0000] {standard_task_runner.py:124} ERROR - Failed to execute job 492 for task run_dbt_seed (Bash command failed. The command returned a non-zero exit code 1.; 11676)
Traceback (most recent call last):
  File "/home/airflow/.local/lib/python3.12/site-packages/airflow/task/task_runner/standard_task_runner.py", line 117, in _start_by_fork
    ret = args.func(args, dag=self.dag)
          ^^^^^^^^^^^^^^^^^^^^^^^^^^^^^
  File "/home/airflow/.local/lib/python3.12/site-packages/airflow/cli/cli_config.py", line 49, in command
    return func(*args, **kwargs)
           ^^^^^^^^^^^^^^^^^^^^^
  File "/home/airflow/.local/lib/python3.12/site-packages/airflow/utils/cli.py", line 116, in wrapper
    return f(*args, **kwargs)
           ^^^^^^^^^^^^^^^^^^
  File "/home/airflow/.local/lib/python3.12/site-packages/airflow/cli/commands/task_command.py", line 483, in task_run
    task_return_code = _run_task_by_selected_method(args, _dag, ti)
                       ^^^^^^^^^^^^^^^^^^^^^^^^^^^^^^^^^^^^^^^^^^^^
  File "/home/airflow/.local/lib/python3.12/site-packages/airflow/cli/commands/task_command.py", line 256, in _run_task_by_selected_method
    return _run_raw_task(args, ti)
           ^^^^^^^^^^^^^^^^^^^^^^^
  File "/home/airflow/.local/lib/python3.12/site-packages/airflow/cli/commands/task_command.py", line 341, in _run_raw_task
    return ti._run_raw_task(
           ^^^^^^^^^^^^^^^^^
  File "/home/airflow/.local/lib/python3.12/site-packages/airflow/utils/session.py", line 97, in wrapper
    return func(*args, session=session, **kwargs)
           ^^^^^^^^^^^^^^^^^^^^^^^^^^^^^^^^^^^^^^
  File "/home/airflow/.local/lib/python3.12/site-packages/airflow/models/taskinstance.py", line 3006, in _run_raw_task
    return _run_raw_task(
           ^^^^^^^^^^^^^^
  File "/home/airflow/.local/lib/python3.12/site-packages/airflow/models/taskinstance.py", line 274, in _run_raw_task
    TaskInstance._execute_task_with_callbacks(
  File "/home/airflow/.local/lib/python3.12/site-packages/airflow/models/taskinstance.py", line 3161, in _execute_task_with_callbacks
    result = self._execute_task(context, task_orig)
             ^^^^^^^^^^^^^^^^^^^^^^^^^^^^^^^^^^^^^^
  File "/home/airflow/.local/lib/python3.12/site-packages/airflow/models/taskinstance.py", line 3185, in _execute_task
    return _execute_task(self, context, task_orig)
           ^^^^^^^^^^^^^^^^^^^^^^^^^^^^^^^^^^^^^^^
  File "/home/airflow/.local/lib/python3.12/site-packages/airflow/models/taskinstance.py", line 768, in _execute_task
    result = _execute_callable(context=context, **execute_callable_kwargs)
             ^^^^^^^^^^^^^^^^^^^^^^^^^^^^^^^^^^^^^^^^^^^^^^^^^^^^^^^^^^^^^
  File "/home/airflow/.local/lib/python3.12/site-packages/airflow/models/taskinstance.py", line 734, in _execute_callable
    return ExecutionCallableRunner(
           ^^^^^^^^^^^^^^^^^^^^^^^^
  File "/home/airflow/.local/lib/python3.12/site-packages/airflow/utils/operator_helpers.py", line 252, in run
    return self.func(*args, **kwargs)
           ^^^^^^^^^^^^^^^^^^^^^^^^^^
  File "/home/airflow/.local/lib/python3.12/site-packages/airflow/models/baseoperator.py", line 424, in wrapper
    return func(self, *args, **kwargs)
           ^^^^^^^^^^^^^^^^^^^^^^^^^^^
  File "/home/airflow/.local/lib/python3.12/site-packages/airflow/operators/bash.py", line 276, in execute
    raise AirflowException(
airflow.exceptions.AirflowException: Bash command failed. The command returned a non-zero exit code 1.
[2025-04-14T16:43:49.552+0000] {local_task_job_runner.py:266} INFO - Task exited with return code 1
[2025-04-14T16:43:49.566+0000] {local_task_job_runner.py:245} INFO - ::endgroup::
