[2025-04-14T17:20:45.133+0000] {local_task_job_runner.py:123} INFO - ::group::Pre task execution logs
[2025-04-14T17:20:45.163+0000] {taskinstance.py:2614} INFO - Dependencies all met for dep_context=non-requeueable deps ti=<TaskInstance: dbt_airflow.run_dbt_marts manual__2025-04-14T15:18:53.940263+00:00 [queued]>
[2025-04-14T17:20:45.180+0000] {taskinstance.py:2614} INFO - Dependencies all met for dep_context=requeueable deps ti=<TaskInstance: dbt_airflow.run_dbt_marts manual__2025-04-14T15:18:53.940263+00:00 [queued]>
[2025-04-14T17:20:45.182+0000] {taskinstance.py:2867} INFO - Starting attempt 1 of 2
[2025-04-14T17:20:45.217+0000] {taskinstance.py:2890} INFO - Executing <Task(BashOperator): run_dbt_marts> on 2025-04-14 15:18:53.940263+00:00
[2025-04-14T17:20:45.230+0000] {standard_task_runner.py:104} INFO - Running: ['***', 'tasks', 'run', 'dbt_***', 'run_dbt_marts', 'manual__2025-04-14T15:18:53.940263+00:00', '--job-id', '513', '--raw', '--subdir', 'DAGS_FOLDER/run_dbt_model.py', '--cfg-path', '/tmp/tmpl4q0zxx7']
[2025-04-14T17:20:45.238+0000] {standard_task_runner.py:105} INFO - Job 513: Subtask run_dbt_marts
[2025-04-14T17:20:45.259+0000] {logging_mixin.py:190} WARNING - /home/***/.local/lib/python3.12/site-packages/***/task/task_runner/standard_task_runner.py:70 DeprecationWarning: This process (pid=13766) is multi-threaded, use of fork() may lead to deadlocks in the child.
[2025-04-14T17:20:45.261+0000] {standard_task_runner.py:72} INFO - Started process 13768 to run task
[2025-04-14T17:20:45.329+0000] {task_command.py:467} INFO - Running <TaskInstance: dbt_airflow.run_dbt_marts manual__2025-04-14T15:18:53.940263+00:00 [running]> on host b7be566335ce
[2025-04-14T17:20:45.531+0000] {taskinstance.py:3134} INFO - Exporting env vars: AIRFLOW_CTX_DAG_OWNER='***' AIRFLOW_CTX_DAG_ID='dbt_***' AIRFLOW_CTX_TASK_ID='run_dbt_marts' AIRFLOW_CTX_EXECUTION_DATE='2025-04-14T15:18:53.940263+00:00' AIRFLOW_CTX_TRY_NUMBER='1' AIRFLOW_CTX_DAG_RUN_ID='manual__2025-04-14T15:18:53.940263+00:00'
[2025-04-14T17:20:45.533+0000] {taskinstance.py:732} INFO - ::endgroup::
[2025-04-14T17:20:45.601+0000] {subprocess.py:78} INFO - Tmp dir root location: /tmp
[2025-04-14T17:20:45.644+0000] {subprocess.py:88} INFO - Running command: ['/usr/bin/bash', '-c', 'cd /opt/***/dbt && dbt run --models fact_departures_by_airport_year']
[2025-04-14T17:20:45.675+0000] {subprocess.py:99} INFO - Output:
[2025-04-14T17:20:51.384+0000] {subprocess.py:106} INFO - [0m17:20:51  Running with dbt=1.7.9
[2025-04-14T17:20:55.435+0000] {subprocess.py:106} INFO - [0m17:20:55  Registered adapter: bigquery=1.7.9
[2025-04-14T17:20:56.902+0000] {subprocess.py:106} INFO - [0m17:20:56  Found 1 seed, 3 models, 1 source, 0 exposures, 0 metrics, 571 macros, 0 groups, 0 semantic models
[2025-04-14T17:20:56.907+0000] {subprocess.py:106} INFO - [0m17:20:56
[2025-04-14T17:20:57.745+0000] {subprocess.py:106} INFO - [0m17:20:57  Concurrency: 1 threads (target='dev')
[2025-04-14T17:20:57.747+0000] {subprocess.py:106} INFO - [0m17:20:57
[2025-04-14T17:20:57.772+0000] {subprocess.py:106} INFO - [0m17:20:57  1 of 1 START sql table model db_project_dataset.fact_departures_by_airport_year  [RUN]
[2025-04-14T17:20:59.813+0000] {subprocess.py:106} INFO - [0m17:20:59  BigQuery adapter: https://console.cloud.google.com/bigquery?project=db-project-456518&j=bq:europe-central2:4424eeb9-59f4-4c42-aff6-7788129ee6b9&page=queryresults
[2025-04-14T17:20:59.836+0000] {subprocess.py:106} INFO - [0m17:20:59  1 of 1 ERROR creating sql table model db_project_dataset.fact_departures_by_airport_year  [[31mERROR[0m in 2.06s]
[2025-04-14T17:20:59.844+0000] {subprocess.py:106} INFO - [0m17:20:59
[2025-04-14T17:20:59.846+0000] {subprocess.py:106} INFO - [0m17:20:59  Finished running 1 table model in 0 hours 0 minutes and 2.94 seconds (2.94s).
[2025-04-14T17:20:59.885+0000] {subprocess.py:106} INFO - [0m17:20:59
[2025-04-14T17:20:59.887+0000] {subprocess.py:106} INFO - [0m17:20:59  [31mCompleted with 1 error and 0 warnings:[0m
[2025-04-14T17:20:59.888+0000] {subprocess.py:106} INFO - [0m17:20:59
[2025-04-14T17:20:59.890+0000] {subprocess.py:106} INFO - [0m17:20:59    Database Error in model fact_departures_by_airport_year (models/marts/fact_departures_by_airport_year.sql)
[2025-04-14T17:20:59.890+0000] {subprocess.py:106} INFO -   No matching signature for function EXTRACT for argument types: DATE_TIME_PART FROM STRING
[2025-04-14T17:20:59.891+0000] {subprocess.py:106} INFO -     Signature: EXTRACT(DATE_TIME_PART FROM DATE)
[2025-04-14T17:20:59.892+0000] {subprocess.py:106} INFO -       Argument 1: Unable to coerce type STRING to expected type DATE
[2025-04-14T17:20:59.893+0000] {subprocess.py:106} INFO -     Signature: EXTRACT(DATE_TIME_PART FROM TIMESTAMP [AT TIME ZONE STRING])
[2025-04-14T17:20:59.893+0000] {subprocess.py:106} INFO -       Argument 1: Unable to coerce type STRING to expected type TIMESTAMP
[2025-04-14T17:20:59.894+0000] {subprocess.py:106} INFO -     Signature: EXTRACT(DATE_TIME_PART FROM DATETIME)
[2025-04-14T17:20:59.895+0000] {subprocess.py:106} INFO -       Argument 1: Unable to coerce type STRING to expected type DATETIME
[2025-04-14T17:20:59.896+0000] {subprocess.py:106} INFO -     Signature: EXTRACT(DATE_TIME_PART FROM TIME)
[2025-04-14T17:20:59.896+0000] {subprocess.py:106} INFO -       Argument 1: Unable to coerce type STRING to expected type TIME
[2025-04-14T17:20:59.897+0000] {subprocess.py:106} INFO -     Signature: EXTRACT(DATE_TIME_PART FROM INTERVAL)
[2025-04-14T17:20:59.897+0000] {subprocess.py:106} INFO -       Argument 1: Unable to coerce type STRING to expected type INTERVAL at [22:5]
[2025-04-14T17:20:59.899+0000] {subprocess.py:106} INFO -   compiled Code at target/run/flights_project/models/marts/fact_departures_by_airport_year.sql
[2025-04-14T17:20:59.900+0000] {subprocess.py:106} INFO - [0m17:20:59
[2025-04-14T17:20:59.901+0000] {subprocess.py:106} INFO - [0m17:20:59  Done. PASS=0 WARN=0 ERROR=1 SKIP=0 TOTAL=1
[2025-04-14T17:21:01.762+0000] {subprocess.py:110} INFO - Command exited with return code 1
[2025-04-14T17:21:01.775+0000] {taskinstance.py:3313} ERROR - Task failed with exception
Traceback (most recent call last):
  File "/home/airflow/.local/lib/python3.12/site-packages/airflow/models/taskinstance.py", line 768, in _execute_task
    result = _execute_callable(context=context, **execute_callable_kwargs)
             ^^^^^^^^^^^^^^^^^^^^^^^^^^^^^^^^^^^^^^^^^^^^^^^^^^^^^^^^^^^^^
  File "/home/airflow/.local/lib/python3.12/site-packages/airflow/models/taskinstance.py", line 734, in _execute_callable
    return ExecutionCallableRunner(
           ^^^^^^^^^^^^^^^^^^^^^^^^
  File "/home/airflow/.local/lib/python3.12/site-packages/airflow/utils/operator_helpers.py", line 252, in run
    return self.func(*args, **kwargs)
           ^^^^^^^^^^^^^^^^^^^^^^^^^^
  File "/home/airflow/.local/lib/python3.12/site-packages/airflow/models/baseoperator.py", line 424, in wrapper
    return func(self, *args, **kwargs)
           ^^^^^^^^^^^^^^^^^^^^^^^^^^^
  File "/home/airflow/.local/lib/python3.12/site-packages/airflow/operators/bash.py", line 276, in execute
    raise AirflowException(
airflow.exceptions.AirflowException: Bash command failed. The command returned a non-zero exit code 1.
[2025-04-14T17:21:01.789+0000] {taskinstance.py:1226} INFO - Marking task as UP_FOR_RETRY. dag_id=dbt_***, task_id=run_dbt_marts, run_id=manual__2025-04-14T15:18:53.940263+00:00, execution_date=20250414T151853, start_date=20250414T172045, end_date=20250414T172101
[2025-04-14T17:21:01.825+0000] {taskinstance.py:341} INFO - ::group::Post task execution logs
[2025-04-14T17:21:01.826+0000] {standard_task_runner.py:124} ERROR - Failed to execute job 513 for task run_dbt_marts (Bash command failed. The command returned a non-zero exit code 1.; 13768)
Traceback (most recent call last):
  File "/home/airflow/.local/lib/python3.12/site-packages/airflow/task/task_runner/standard_task_runner.py", line 117, in _start_by_fork
    ret = args.func(args, dag=self.dag)
          ^^^^^^^^^^^^^^^^^^^^^^^^^^^^^
  File "/home/airflow/.local/lib/python3.12/site-packages/airflow/cli/cli_config.py", line 49, in command
    return func(*args, **kwargs)
           ^^^^^^^^^^^^^^^^^^^^^
  File "/home/airflow/.local/lib/python3.12/site-packages/airflow/utils/cli.py", line 116, in wrapper
    return f(*args, **kwargs)
           ^^^^^^^^^^^^^^^^^^
  File "/home/airflow/.local/lib/python3.12/site-packages/airflow/cli/commands/task_command.py", line 483, in task_run
    task_return_code = _run_task_by_selected_method(args, _dag, ti)
                       ^^^^^^^^^^^^^^^^^^^^^^^^^^^^^^^^^^^^^^^^^^^^
  File "/home/airflow/.local/lib/python3.12/site-packages/airflow/cli/commands/task_command.py", line 256, in _run_task_by_selected_method
    return _run_raw_task(args, ti)
           ^^^^^^^^^^^^^^^^^^^^^^^
  File "/home/airflow/.local/lib/python3.12/site-packages/airflow/cli/commands/task_command.py", line 341, in _run_raw_task
    return ti._run_raw_task(
           ^^^^^^^^^^^^^^^^^
  File "/home/airflow/.local/lib/python3.12/site-packages/airflow/utils/session.py", line 97, in wrapper
    return func(*args, session=session, **kwargs)
           ^^^^^^^^^^^^^^^^^^^^^^^^^^^^^^^^^^^^^^
  File "/home/airflow/.local/lib/python3.12/site-packages/airflow/models/taskinstance.py", line 3006, in _run_raw_task
    return _run_raw_task(
           ^^^^^^^^^^^^^^
  File "/home/airflow/.local/lib/python3.12/site-packages/airflow/models/taskinstance.py", line 274, in _run_raw_task
    TaskInstance._execute_task_with_callbacks(
  File "/home/airflow/.local/lib/python3.12/site-packages/airflow/models/taskinstance.py", line 3161, in _execute_task_with_callbacks
    result = self._execute_task(context, task_orig)
             ^^^^^^^^^^^^^^^^^^^^^^^^^^^^^^^^^^^^^^
  File "/home/airflow/.local/lib/python3.12/site-packages/airflow/models/taskinstance.py", line 3185, in _execute_task
    return _execute_task(self, context, task_orig)
           ^^^^^^^^^^^^^^^^^^^^^^^^^^^^^^^^^^^^^^^
  File "/home/airflow/.local/lib/python3.12/site-packages/airflow/models/taskinstance.py", line 768, in _execute_task
    result = _execute_callable(context=context, **execute_callable_kwargs)
             ^^^^^^^^^^^^^^^^^^^^^^^^^^^^^^^^^^^^^^^^^^^^^^^^^^^^^^^^^^^^^
  File "/home/airflow/.local/lib/python3.12/site-packages/airflow/models/taskinstance.py", line 734, in _execute_callable
    return ExecutionCallableRunner(
           ^^^^^^^^^^^^^^^^^^^^^^^^
  File "/home/airflow/.local/lib/python3.12/site-packages/airflow/utils/operator_helpers.py", line 252, in run
    return self.func(*args, **kwargs)
           ^^^^^^^^^^^^^^^^^^^^^^^^^^
  File "/home/airflow/.local/lib/python3.12/site-packages/airflow/models/baseoperator.py", line 424, in wrapper
    return func(self, *args, **kwargs)
           ^^^^^^^^^^^^^^^^^^^^^^^^^^^
  File "/home/airflow/.local/lib/python3.12/site-packages/airflow/operators/bash.py", line 276, in execute
    raise AirflowException(
airflow.exceptions.AirflowException: Bash command failed. The command returned a non-zero exit code 1.
[2025-04-14T17:21:01.869+0000] {local_task_job_runner.py:266} INFO - Task exited with return code 1
[2025-04-14T17:21:01.890+0000] {taskinstance.py:3901} INFO - 0 downstream tasks scheduled from follow-on schedule check
[2025-04-14T17:21:01.893+0000] {local_task_job_runner.py:245} INFO - ::endgroup::
