[2025-04-14T17:23:53.773+0000] {local_task_job_runner.py:123} INFO - ::group::Pre task execution logs
[2025-04-14T17:23:53.792+0000] {taskinstance.py:2614} INFO - Dependencies all met for dep_context=non-requeueable deps ti=<TaskInstance: dbt_airflow.run_dbt_marts manual__2025-04-14T15:18:53.940263+00:00 [queued]>
[2025-04-14T17:23:53.802+0000] {taskinstance.py:2614} INFO - Dependencies all met for dep_context=requeueable deps ti=<TaskInstance: dbt_airflow.run_dbt_marts manual__2025-04-14T15:18:53.940263+00:00 [queued]>
[2025-04-14T17:23:53.803+0000] {taskinstance.py:2867} INFO - Starting attempt 4 of 5
[2025-04-14T17:23:53.816+0000] {taskinstance.py:2890} INFO - Executing <Task(BashOperator): run_dbt_marts> on 2025-04-14 15:18:53.940263+00:00
[2025-04-14T17:23:53.825+0000] {standard_task_runner.py:104} INFO - Running: ['***', 'tasks', 'run', 'dbt_***', 'run_dbt_marts', 'manual__2025-04-14T15:18:53.940263+00:00', '--job-id', '517', '--raw', '--subdir', 'DAGS_FOLDER/run_dbt_model.py', '--cfg-path', '/tmp/tmp6_sbtwxt']
[2025-04-14T17:23:53.829+0000] {standard_task_runner.py:105} INFO - Job 517: Subtask run_dbt_marts
[2025-04-14T17:23:53.834+0000] {logging_mixin.py:190} WARNING - /home/***/.local/lib/python3.12/site-packages/***/task/task_runner/standard_task_runner.py:70 DeprecationWarning: This process (pid=13998) is multi-threaded, use of fork() may lead to deadlocks in the child.
[2025-04-14T17:23:53.835+0000] {standard_task_runner.py:72} INFO - Started process 13999 to run task
[2025-04-14T17:23:53.876+0000] {task_command.py:467} INFO - Running <TaskInstance: dbt_airflow.run_dbt_marts manual__2025-04-14T15:18:53.940263+00:00 [running]> on host b7be566335ce
[2025-04-14T17:23:53.954+0000] {taskinstance.py:3134} INFO - Exporting env vars: AIRFLOW_CTX_DAG_OWNER='***' AIRFLOW_CTX_DAG_ID='dbt_***' AIRFLOW_CTX_TASK_ID='run_dbt_marts' AIRFLOW_CTX_EXECUTION_DATE='2025-04-14T15:18:53.940263+00:00' AIRFLOW_CTX_TRY_NUMBER='4' AIRFLOW_CTX_DAG_RUN_ID='manual__2025-04-14T15:18:53.940263+00:00'
[2025-04-14T17:23:53.954+0000] {taskinstance.py:732} INFO - ::endgroup::
[2025-04-14T17:23:53.970+0000] {subprocess.py:78} INFO - Tmp dir root location: /tmp
[2025-04-14T17:23:53.972+0000] {subprocess.py:88} INFO - Running command: ['/usr/bin/bash', '-c', 'cd /opt/***/dbt && dbt run --models fact_departures_by_airport_year']
[2025-04-14T17:23:53.981+0000] {subprocess.py:99} INFO - Output:
[2025-04-14T17:23:59.608+0000] {subprocess.py:106} INFO - [0m17:23:59  Running with dbt=1.7.9
[2025-04-14T17:24:01.962+0000] {subprocess.py:106} INFO - [0m17:24:01  Registered adapter: bigquery=1.7.9
[2025-04-14T17:24:03.924+0000] {subprocess.py:106} INFO - [0m17:24:03  Found 1 seed, 3 models, 1 source, 0 exposures, 0 metrics, 571 macros, 0 groups, 0 semantic models
[2025-04-14T17:24:03.929+0000] {subprocess.py:106} INFO - [0m17:24:03
[2025-04-14T17:24:04.899+0000] {subprocess.py:106} INFO - [0m17:24:04  Concurrency: 1 threads (target='dev')
[2025-04-14T17:24:04.901+0000] {subprocess.py:106} INFO - [0m17:24:04
[2025-04-14T17:24:04.913+0000] {subprocess.py:106} INFO - [0m17:24:04  1 of 1 START sql view model db_project_dataset.fact_departures_by_airport_year . [RUN]
[2025-04-14T17:24:05.815+0000] {subprocess.py:106} INFO - [0m17:24:05  BigQuery adapter: https://console.cloud.google.com/bigquery?project=db-project-456518&j=bq:europe-central2:c2ccc0d0-e969-43eb-83ee-d017e3d44b53&page=queryresults
[2025-04-14T17:24:05.837+0000] {subprocess.py:106} INFO - [0m17:24:05  1 of 1 ERROR creating sql view model db_project_dataset.fact_departures_by_airport_year  [[31mERROR[0m in 0.92s]
[2025-04-14T17:24:05.859+0000] {subprocess.py:106} INFO - [0m17:24:05
[2025-04-14T17:24:05.860+0000] {subprocess.py:106} INFO - [0m17:24:05  Finished running 1 view model in 0 hours 0 minutes and 1.93 seconds (1.93s).
[2025-04-14T17:24:05.912+0000] {subprocess.py:106} INFO - [0m17:24:05
[2025-04-14T17:24:05.916+0000] {subprocess.py:106} INFO - [0m17:24:05  [31mCompleted with 1 error and 0 warnings:[0m
[2025-04-14T17:24:05.923+0000] {subprocess.py:106} INFO - [0m17:24:05
[2025-04-14T17:24:05.926+0000] {subprocess.py:106} INFO - [0m17:24:05    Database Error in model fact_departures_by_airport_year (models/marts/fact_departures_by_airport_year.sql)
[2025-04-14T17:24:05.927+0000] {subprocess.py:106} INFO -   Function not found: TRY_CAST at [16:7]
[2025-04-14T17:24:05.928+0000] {subprocess.py:106} INFO -   compiled Code at target/run/flights_project/models/marts/fact_departures_by_airport_year.sql
[2025-04-14T17:24:05.929+0000] {subprocess.py:106} INFO - [0m17:24:05
[2025-04-14T17:24:05.930+0000] {subprocess.py:106} INFO - [0m17:24:05  Done. PASS=0 WARN=0 ERROR=1 SKIP=0 TOTAL=1
[2025-04-14T17:24:07.008+0000] {subprocess.py:110} INFO - Command exited with return code 1
[2025-04-14T17:24:07.030+0000] {taskinstance.py:3313} ERROR - Task failed with exception
Traceback (most recent call last):
  File "/home/airflow/.local/lib/python3.12/site-packages/airflow/models/taskinstance.py", line 768, in _execute_task
    result = _execute_callable(context=context, **execute_callable_kwargs)
             ^^^^^^^^^^^^^^^^^^^^^^^^^^^^^^^^^^^^^^^^^^^^^^^^^^^^^^^^^^^^^
  File "/home/airflow/.local/lib/python3.12/site-packages/airflow/models/taskinstance.py", line 734, in _execute_callable
    return ExecutionCallableRunner(
           ^^^^^^^^^^^^^^^^^^^^^^^^
  File "/home/airflow/.local/lib/python3.12/site-packages/airflow/utils/operator_helpers.py", line 252, in run
    return self.func(*args, **kwargs)
           ^^^^^^^^^^^^^^^^^^^^^^^^^^
  File "/home/airflow/.local/lib/python3.12/site-packages/airflow/models/baseoperator.py", line 424, in wrapper
    return func(self, *args, **kwargs)
           ^^^^^^^^^^^^^^^^^^^^^^^^^^^
  File "/home/airflow/.local/lib/python3.12/site-packages/airflow/operators/bash.py", line 276, in execute
    raise AirflowException(
airflow.exceptions.AirflowException: Bash command failed. The command returned a non-zero exit code 1.
[2025-04-14T17:24:07.047+0000] {taskinstance.py:1226} INFO - Marking task as UP_FOR_RETRY. dag_id=dbt_***, task_id=run_dbt_marts, run_id=manual__2025-04-14T15:18:53.940263+00:00, execution_date=20250414T151853, start_date=20250414T172353, end_date=20250414T172407
[2025-04-14T17:24:07.092+0000] {taskinstance.py:341} INFO - ::group::Post task execution logs
[2025-04-14T17:24:07.093+0000] {standard_task_runner.py:124} ERROR - Failed to execute job 517 for task run_dbt_marts (Bash command failed. The command returned a non-zero exit code 1.; 13999)
Traceback (most recent call last):
  File "/home/airflow/.local/lib/python3.12/site-packages/airflow/task/task_runner/standard_task_runner.py", line 117, in _start_by_fork
    ret = args.func(args, dag=self.dag)
          ^^^^^^^^^^^^^^^^^^^^^^^^^^^^^
  File "/home/airflow/.local/lib/python3.12/site-packages/airflow/cli/cli_config.py", line 49, in command
    return func(*args, **kwargs)
           ^^^^^^^^^^^^^^^^^^^^^
  File "/home/airflow/.local/lib/python3.12/site-packages/airflow/utils/cli.py", line 116, in wrapper
    return f(*args, **kwargs)
           ^^^^^^^^^^^^^^^^^^
  File "/home/airflow/.local/lib/python3.12/site-packages/airflow/cli/commands/task_command.py", line 483, in task_run
    task_return_code = _run_task_by_selected_method(args, _dag, ti)
                       ^^^^^^^^^^^^^^^^^^^^^^^^^^^^^^^^^^^^^^^^^^^^
  File "/home/airflow/.local/lib/python3.12/site-packages/airflow/cli/commands/task_command.py", line 256, in _run_task_by_selected_method
    return _run_raw_task(args, ti)
           ^^^^^^^^^^^^^^^^^^^^^^^
  File "/home/airflow/.local/lib/python3.12/site-packages/airflow/cli/commands/task_command.py", line 341, in _run_raw_task
    return ti._run_raw_task(
           ^^^^^^^^^^^^^^^^^
  File "/home/airflow/.local/lib/python3.12/site-packages/airflow/utils/session.py", line 97, in wrapper
    return func(*args, session=session, **kwargs)
           ^^^^^^^^^^^^^^^^^^^^^^^^^^^^^^^^^^^^^^
  File "/home/airflow/.local/lib/python3.12/site-packages/airflow/models/taskinstance.py", line 3006, in _run_raw_task
    return _run_raw_task(
           ^^^^^^^^^^^^^^
  File "/home/airflow/.local/lib/python3.12/site-packages/airflow/models/taskinstance.py", line 274, in _run_raw_task
    TaskInstance._execute_task_with_callbacks(
  File "/home/airflow/.local/lib/python3.12/site-packages/airflow/models/taskinstance.py", line 3161, in _execute_task_with_callbacks
    result = self._execute_task(context, task_orig)
             ^^^^^^^^^^^^^^^^^^^^^^^^^^^^^^^^^^^^^^
  File "/home/airflow/.local/lib/python3.12/site-packages/airflow/models/taskinstance.py", line 3185, in _execute_task
    return _execute_task(self, context, task_orig)
           ^^^^^^^^^^^^^^^^^^^^^^^^^^^^^^^^^^^^^^^
  File "/home/airflow/.local/lib/python3.12/site-packages/airflow/models/taskinstance.py", line 768, in _execute_task
    result = _execute_callable(context=context, **execute_callable_kwargs)
             ^^^^^^^^^^^^^^^^^^^^^^^^^^^^^^^^^^^^^^^^^^^^^^^^^^^^^^^^^^^^^
  File "/home/airflow/.local/lib/python3.12/site-packages/airflow/models/taskinstance.py", line 734, in _execute_callable
    return ExecutionCallableRunner(
           ^^^^^^^^^^^^^^^^^^^^^^^^
  File "/home/airflow/.local/lib/python3.12/site-packages/airflow/utils/operator_helpers.py", line 252, in run
    return self.func(*args, **kwargs)
           ^^^^^^^^^^^^^^^^^^^^^^^^^^
  File "/home/airflow/.local/lib/python3.12/site-packages/airflow/models/baseoperator.py", line 424, in wrapper
    return func(self, *args, **kwargs)
           ^^^^^^^^^^^^^^^^^^^^^^^^^^^
  File "/home/airflow/.local/lib/python3.12/site-packages/airflow/operators/bash.py", line 276, in execute
    raise AirflowException(
airflow.exceptions.AirflowException: Bash command failed. The command returned a non-zero exit code 1.
[2025-04-14T17:24:07.140+0000] {local_task_job_runner.py:266} INFO - Task exited with return code 1
[2025-04-14T17:24:07.170+0000] {taskinstance.py:3901} INFO - 0 downstream tasks scheduled from follow-on schedule check
[2025-04-14T17:24:07.173+0000] {local_task_job_runner.py:245} INFO - ::endgroup::
